2024-04-24 20:49:48,691 - INFO - Running gridsearch.py
2024-04-24 20:49:48,691 - INFO - args = {'default_params': False}
2024-04-24 20:49:54,952 - INFO - Running trainer.py (version_0).
2024-04-24 20:49:54,952 - INFO - args = {'epochs': 4500, 'monitor': 'loss/train', 'mode': 'min', 'train_size': 1.0, 'progress_bar': False, 'accelerator': 'auto', 'devices': [0, 1], 'strategy': 'auto', 'num_nodes': 1}
2024-04-24 21:24:39,346 - INFO - Running update.py
2024-04-24 21:24:39,346 - WARNING - Skipping parameter update this step.
2024-04-24 21:24:42,103 - INFO - Running gridsearch.py
2024-04-24 21:24:42,103 - INFO - args = {'default_params': False}
2024-04-24 21:24:46,703 - INFO - Running trainer.py (version_1).
2024-04-24 21:24:46,703 - INFO - args = {'epochs': 4500, 'monitor': 'loss/train', 'mode': 'min', 'train_size': 1.0, 'progress_bar': False, 'accelerator': 'auto', 'devices': [0, 1], 'strategy': 'auto', 'num_nodes': 1}
2024-04-24 22:00:13,776 - INFO - Running update.py
2024-04-24 22:00:13,776 - WARNING - Skipping parameter update this step.
2024-04-24 22:00:16,446 - INFO - Running gridsearch.py
2024-04-24 22:00:16,446 - INFO - args = {'default_params': False}
2024-04-24 22:00:20,954 - INFO - Running trainer.py (version_2).
2024-04-24 22:00:20,954 - INFO - args = {'epochs': 4500, 'monitor': 'loss/train', 'mode': 'min', 'train_size': 1.0, 'progress_bar': False, 'accelerator': 'auto', 'devices': [0, 1], 'strategy': 'auto', 'num_nodes': 1}
2024-04-24 22:49:18,786 - INFO - Running update.py
2024-04-24 22:49:18,786 - INFO - args = {'max_good_loss': 1e-06, 'min_good_samples': 4, 'check_every_n_steps': 3, 'current_step': 3}
2024-04-24 22:49:19,124 - WARNING - Found 0 (< 4) good samples. Parameters will not be updated.
2024-04-24 22:49:21,911 - INFO - Running gridsearch.py
2024-04-24 22:49:21,911 - INFO - args = {'default_params': False}
2024-04-24 22:49:26,488 - INFO - Running trainer.py (version_3).
2024-04-24 22:49:26,488 - INFO - args = {'epochs': 4500, 'monitor': 'loss/train', 'mode': 'min', 'train_size': 1.0, 'progress_bar': False, 'accelerator': 'auto', 'devices': [0, 1], 'strategy': 'auto', 'num_nodes': 1}
2024-04-24 23:40:01,741 - INFO - Running update.py
2024-04-24 23:40:01,741 - WARNING - Skipping parameter update this step.
2024-04-24 23:40:04,529 - INFO - Running gridsearch.py
2024-04-24 23:40:04,529 - INFO - args = {'default_params': False}
2024-04-24 23:40:09,134 - INFO - Running trainer.py (version_4).
2024-04-24 23:40:09,134 - INFO - args = {'epochs': 4500, 'monitor': 'loss/train', 'mode': 'min', 'train_size': 1.0, 'progress_bar': False, 'accelerator': 'auto', 'devices': [0, 1], 'strategy': 'auto', 'num_nodes': 1}
2024-04-24 23:57:37,011 - INFO - Running update.py
2024-04-24 23:57:37,011 - WARNING - Skipping parameter update this step.
2024-04-24 23:57:39,735 - INFO - Running gridsearch.py
2024-04-24 23:57:39,735 - INFO - args = {'default_params': False}
2024-04-24 23:57:44,286 - INFO - Running trainer.py (version_5).
2024-04-24 23:57:44,287 - INFO - args = {'epochs': 4500, 'monitor': 'loss/train', 'mode': 'min', 'train_size': 1.0, 'progress_bar': False, 'accelerator': 'auto', 'devices': [0, 1], 'strategy': 'auto', 'num_nodes': 1}
2024-04-25 00:39:40,240 - INFO - Running update.py
2024-04-25 00:39:40,240 - INFO - args = {'max_good_loss': 1e-06, 'min_good_samples': 4, 'check_every_n_steps': 3, 'current_step': 6}
2024-04-25 00:39:40,859 - WARNING - Found 0 (< 4) good samples. Parameters will not be updated.
2024-04-25 00:39:43,589 - INFO - Running gridsearch.py
2024-04-25 00:39:43,589 - INFO - args = {'default_params': False}
2024-04-25 00:39:48,115 - INFO - Running trainer.py (version_6).
2024-04-25 00:39:48,116 - INFO - args = {'epochs': 4500, 'monitor': 'loss/train', 'mode': 'min', 'train_size': 1.0, 'progress_bar': False, 'accelerator': 'auto', 'devices': [0, 1], 'strategy': 'auto', 'num_nodes': 1}
2024-04-25 00:56:23,027 - INFO - Running update.py
2024-04-25 00:56:23,027 - WARNING - Skipping parameter update this step.
2024-04-25 00:56:25,728 - INFO - Running gridsearch.py
2024-04-25 00:56:25,728 - INFO - args = {'default_params': False}
2024-04-25 00:56:30,228 - INFO - Running trainer.py (version_7).
2024-04-25 00:56:30,228 - INFO - args = {'epochs': 4500, 'monitor': 'loss/train', 'mode': 'min', 'train_size': 1.0, 'progress_bar': False, 'accelerator': 'auto', 'devices': [0, 1], 'strategy': 'auto', 'num_nodes': 1}
2024-04-25 01:28:40,519 - INFO - Running update.py
2024-04-25 01:28:40,519 - WARNING - Skipping parameter update this step.
2024-04-25 01:28:43,257 - INFO - Running gridsearch.py
2024-04-25 01:28:43,257 - INFO - args = {'default_params': False}
2024-04-25 01:28:47,840 - INFO - Running trainer.py (version_8).
2024-04-25 01:28:47,840 - INFO - args = {'epochs': 4500, 'monitor': 'loss/train', 'mode': 'min', 'train_size': 1.0, 'progress_bar': False, 'accelerator': 'auto', 'devices': [0, 1], 'strategy': 'auto', 'num_nodes': 1}
2024-04-25 02:09:40,816 - INFO - Running update.py
2024-04-25 02:09:40,816 - INFO - args = {'max_good_loss': 1e-06, 'min_good_samples': 4, 'check_every_n_steps': 3, 'current_step': 9}
2024-04-25 02:09:41,740 - WARNING - Found 0 (< 4) good samples. Parameters will not be updated.
2024-04-25 02:09:44,505 - INFO - Running gridsearch.py
2024-04-25 02:09:44,505 - INFO - args = {'default_params': False}
2024-04-25 02:09:49,105 - INFO - Running trainer.py (version_9).
2024-04-25 02:09:49,105 - INFO - args = {'epochs': 4500, 'monitor': 'loss/train', 'mode': 'min', 'train_size': 1.0, 'progress_bar': False, 'accelerator': 'auto', 'devices': [0, 1], 'strategy': 'auto', 'num_nodes': 1}
2024-04-25 02:21:06,225 - INFO - Running update.py
2024-04-25 02:21:06,225 - WARNING - Skipping parameter update this step.
2024-04-25 02:21:08,957 - INFO - Running gridsearch.py
2024-04-25 02:21:08,957 - INFO - args = {'default_params': False}
2024-04-25 02:21:13,496 - INFO - Running trainer.py (version_10).
2024-04-25 02:21:13,496 - INFO - args = {'epochs': 4500, 'monitor': 'loss/train', 'mode': 'min', 'train_size': 1.0, 'progress_bar': False, 'accelerator': 'auto', 'devices': [0, 1], 'strategy': 'auto', 'num_nodes': 1}
2024-04-25 02:36:54,374 - INFO - Running update.py
2024-04-25 02:36:54,374 - WARNING - Skipping parameter update this step.
2024-04-25 02:36:57,057 - INFO - Running gridsearch.py
2024-04-25 02:36:57,057 - INFO - args = {'default_params': False}
2024-04-25 02:37:01,682 - INFO - Running trainer.py (version_11).
2024-04-25 02:37:01,682 - INFO - args = {'epochs': 4500, 'monitor': 'loss/train', 'mode': 'min', 'train_size': 1.0, 'progress_bar': False, 'accelerator': 'auto', 'devices': [0, 1], 'strategy': 'auto', 'num_nodes': 1}
2024-04-25 03:33:09,980 - INFO - Running update.py
2024-04-25 03:33:09,980 - INFO - args = {'max_good_loss': 1e-06, 'min_good_samples': 4, 'check_every_n_steps': 3, 'current_step': 12}
2024-04-25 03:33:11,121 - WARNING - Found 0 (< 4) good samples. Parameters will not be updated.
2024-04-25 03:33:13,779 - INFO - Running gridsearch.py
2024-04-25 03:33:13,779 - INFO - args = {'default_params': False}
2024-04-25 03:33:18,277 - INFO - Running trainer.py (version_12).
2024-04-25 03:33:18,277 - INFO - args = {'epochs': 4500, 'monitor': 'loss/train', 'mode': 'min', 'train_size': 1.0, 'progress_bar': False, 'accelerator': 'auto', 'devices': [0, 1], 'strategy': 'auto', 'num_nodes': 1}
2024-04-25 04:07:12,905 - INFO - Running update.py
2024-04-25 04:07:12,905 - WARNING - Skipping parameter update this step.
2024-04-25 04:07:15,595 - INFO - Running gridsearch.py
2024-04-25 04:07:15,595 - INFO - args = {'default_params': False}
2024-04-25 04:07:20,177 - INFO - Running trainer.py (version_13).
2024-04-25 04:07:20,177 - INFO - args = {'epochs': 4500, 'monitor': 'loss/train', 'mode': 'min', 'train_size': 1.0, 'progress_bar': False, 'accelerator': 'auto', 'devices': [0, 1], 'strategy': 'auto', 'num_nodes': 1}
2024-04-25 04:37:37,655 - INFO - Running update.py
2024-04-25 04:37:37,656 - WARNING - Skipping parameter update this step.
2024-04-25 04:37:40,464 - INFO - Running gridsearch.py
2024-04-25 04:37:40,464 - INFO - args = {'default_params': False}
2024-04-25 04:37:45,054 - INFO - Running trainer.py (version_14).
2024-04-25 04:37:45,054 - INFO - args = {'epochs': 4500, 'monitor': 'loss/train', 'mode': 'min', 'train_size': 1.0, 'progress_bar': False, 'accelerator': 'auto', 'devices': [0, 1], 'strategy': 'auto', 'num_nodes': 1}
2024-04-25 05:04:27,354 - INFO - Running update.py
2024-04-25 05:04:27,354 - INFO - args = {'max_good_loss': 1e-06, 'min_good_samples': 4, 'check_every_n_steps': 3, 'current_step': 15}
2024-04-25 05:04:28,886 - WARNING - Found 0 (< 4) good samples. Parameters will not be updated.
2024-04-25 05:04:31,641 - INFO - Running gridsearch.py
2024-04-25 05:04:31,641 - INFO - args = {'default_params': False}
2024-04-25 05:04:36,184 - INFO - Running trainer.py (version_15).
2024-04-25 05:04:36,184 - INFO - args = {'epochs': 4500, 'monitor': 'loss/train', 'mode': 'min', 'train_size': 1.0, 'progress_bar': False, 'accelerator': 'auto', 'devices': [0, 1], 'strategy': 'auto', 'num_nodes': 1}
2024-04-25 05:29:54,975 - INFO - Running update.py
2024-04-25 05:29:54,976 - WARNING - Skipping parameter update this step.
2024-04-25 05:29:57,697 - INFO - Running gridsearch.py
2024-04-25 05:29:57,697 - INFO - args = {'default_params': False}
2024-04-25 05:30:02,258 - INFO - Running trainer.py (version_16).
2024-04-25 05:30:02,259 - INFO - args = {'epochs': 4500, 'monitor': 'loss/train', 'mode': 'min', 'train_size': 1.0, 'progress_bar': False, 'accelerator': 'auto', 'devices': [0, 1], 'strategy': 'auto', 'num_nodes': 1}
2024-04-25 05:50:25,664 - INFO - Running update.py
2024-04-25 05:50:25,664 - WARNING - Skipping parameter update this step.
2024-04-25 05:50:28,362 - INFO - Running gridsearch.py
2024-04-25 05:50:28,362 - INFO - args = {'default_params': False}
2024-04-25 05:50:32,884 - INFO - Running trainer.py (version_17).
2024-04-25 05:50:32,885 - INFO - args = {'epochs': 4500, 'monitor': 'loss/train', 'mode': 'min', 'train_size': 1.0, 'progress_bar': False, 'accelerator': 'auto', 'devices': [0, 1], 'strategy': 'auto', 'num_nodes': 1}
2024-04-25 06:04:01,167 - INFO - Running update.py
2024-04-25 06:04:01,167 - INFO - args = {'max_good_loss': 1e-06, 'min_good_samples': 4, 'check_every_n_steps': 3, 'current_step': 18}
2024-04-25 06:04:02,920 - WARNING - Found 0 (< 4) good samples. Parameters will not be updated.
2024-04-25 06:04:05,695 - INFO - Running gridsearch.py
2024-04-25 06:04:05,695 - INFO - args = {'default_params': False}
2024-04-25 06:04:10,325 - INFO - Running trainer.py (version_18).
2024-04-25 06:04:10,325 - INFO - args = {'epochs': 4500, 'monitor': 'loss/train', 'mode': 'min', 'train_size': 1.0, 'progress_bar': False, 'accelerator': 'auto', 'devices': [0, 1], 'strategy': 'auto', 'num_nodes': 1}
2024-04-25 06:44:50,438 - INFO - Running update.py
2024-04-25 06:44:50,438 - WARNING - Skipping parameter update this step.
2024-04-25 06:44:53,226 - INFO - Running gridsearch.py
2024-04-25 06:44:53,226 - INFO - args = {'default_params': False}
2024-04-25 06:44:59,869 - INFO - Running trainer.py (version_19).
2024-04-25 06:44:59,869 - INFO - args = {'epochs': 4500, 'monitor': 'loss/train', 'mode': 'min', 'train_size': 1.0, 'progress_bar': False, 'accelerator': 'auto', 'devices': [0, 1], 'strategy': 'auto', 'num_nodes': 1}
2024-04-25 06:54:09,002 - INFO - Running update.py
2024-04-25 06:54:09,002 - WARNING - Skipping parameter update this step.
2024-04-25 06:54:11,762 - INFO - Running gridsearch.py
2024-04-25 06:54:11,762 - INFO - args = {'default_params': False}
2024-04-25 06:54:16,467 - INFO - Running trainer.py (version_20).
2024-04-25 06:54:16,467 - INFO - args = {'epochs': 4500, 'monitor': 'loss/train', 'mode': 'min', 'train_size': 1.0, 'progress_bar': False, 'accelerator': 'auto', 'devices': [0, 1], 'strategy': 'auto', 'num_nodes': 1}
2024-04-25 07:21:26,879 - INFO - Running update.py
2024-04-25 07:21:26,879 - INFO - args = {'max_good_loss': 1e-06, 'min_good_samples': 4, 'check_every_n_steps': 3, 'current_step': 21}
2024-04-25 07:21:29,198 - WARNING - Found 0 (< 4) good samples. Parameters will not be updated.
2024-04-25 07:21:31,935 - INFO - Running gridsearch.py
2024-04-25 07:21:31,935 - INFO - args = {'default_params': False}
2024-04-25 07:21:38,461 - INFO - Running trainer.py (version_21).
2024-04-25 07:21:38,461 - INFO - args = {'epochs': 4500, 'monitor': 'loss/train', 'mode': 'min', 'train_size': 1.0, 'progress_bar': False, 'accelerator': 'auto', 'devices': [0, 1], 'strategy': 'auto', 'num_nodes': 1}
2024-04-25 07:38:33,218 - INFO - Running update.py
2024-04-25 07:38:33,218 - WARNING - Skipping parameter update this step.
2024-04-25 07:38:35,920 - INFO - Running gridsearch.py
2024-04-25 07:38:35,920 - INFO - args = {'default_params': False}
2024-04-25 07:38:40,447 - INFO - Running trainer.py (version_22).
2024-04-25 07:38:40,448 - INFO - args = {'epochs': 4500, 'monitor': 'loss/train', 'mode': 'min', 'train_size': 1.0, 'progress_bar': False, 'accelerator': 'auto', 'devices': [0, 1], 'strategy': 'auto', 'num_nodes': 1}
2024-04-25 08:25:05,645 - INFO - Running update.py
2024-04-25 08:25:05,645 - WARNING - Skipping parameter update this step.
2024-04-25 08:25:08,335 - INFO - Running gridsearch.py
2024-04-25 08:25:08,335 - INFO - args = {'default_params': False}
2024-04-25 08:25:12,899 - INFO - Running trainer.py (version_23).
2024-04-25 08:25:12,899 - INFO - args = {'epochs': 4500, 'monitor': 'loss/train', 'mode': 'min', 'train_size': 1.0, 'progress_bar': False, 'accelerator': 'auto', 'devices': [0, 1], 'strategy': 'auto', 'num_nodes': 1}
2024-04-25 08:52:44,949 - INFO - Running update.py
2024-04-25 08:52:44,949 - INFO - args = {'max_good_loss': 1e-06, 'min_good_samples': 4, 'check_every_n_steps': 3, 'current_step': 24}
2024-04-25 08:52:47,307 - WARNING - Found 0 (< 4) good samples. Parameters will not be updated.
2024-04-25 08:52:50,078 - INFO - Running gridsearch.py
2024-04-25 08:52:50,078 - INFO - args = {'default_params': False}
2024-04-25 08:52:54,694 - INFO - Running trainer.py (version_24).
2024-04-25 08:52:54,694 - INFO - args = {'epochs': 4500, 'monitor': 'loss/train', 'mode': 'min', 'train_size': 1.0, 'progress_bar': False, 'accelerator': 'auto', 'devices': [0, 1], 'strategy': 'auto', 'num_nodes': 1}
2024-04-25 09:09:49,957 - INFO - Running update.py
2024-04-25 09:09:49,957 - WARNING - Skipping parameter update this step.
2024-04-25 09:09:52,687 - INFO - Running gridsearch.py
2024-04-25 09:09:52,687 - INFO - args = {'default_params': False}
2024-04-25 09:09:57,218 - INFO - Running trainer.py (version_25).
2024-04-25 09:09:57,218 - INFO - args = {'epochs': 4500, 'monitor': 'loss/train', 'mode': 'min', 'train_size': 1.0, 'progress_bar': False, 'accelerator': 'auto', 'devices': [0, 1], 'strategy': 'auto', 'num_nodes': 1}
2024-04-25 09:54:57,054 - INFO - Running update.py
2024-04-25 09:54:57,054 - WARNING - Skipping parameter update this step.
2024-04-25 09:54:59,809 - INFO - Running gridsearch.py
2024-04-25 09:54:59,809 - INFO - args = {'default_params': False}
2024-04-25 09:55:04,512 - INFO - Running trainer.py (version_26).
2024-04-25 09:55:04,512 - INFO - args = {'epochs': 4500, 'monitor': 'loss/train', 'mode': 'min', 'train_size': 1.0, 'progress_bar': False, 'accelerator': 'auto', 'devices': [0, 1], 'strategy': 'auto', 'num_nodes': 1}
2024-04-25 10:13:24,828 - INFO - Running update.py
2024-04-25 10:13:24,828 - INFO - args = {'max_good_loss': 1e-06, 'min_good_samples': 4, 'check_every_n_steps': 3, 'current_step': 27}
2024-04-25 10:13:27,424 - WARNING - Found 0 (< 4) good samples. Parameters will not be updated.
2024-04-25 10:13:30,160 - INFO - Running gridsearch.py
2024-04-25 10:13:30,160 - INFO - args = {'default_params': False}
2024-04-25 10:13:34,813 - INFO - Running trainer.py (version_27).
2024-04-25 10:13:34,814 - INFO - args = {'epochs': 4500, 'monitor': 'loss/train', 'mode': 'min', 'train_size': 1.0, 'progress_bar': False, 'accelerator': 'auto', 'devices': [0, 1], 'strategy': 'auto', 'num_nodes': 1}
2024-04-25 10:31:14,774 - INFO - Running update.py
2024-04-25 10:31:14,774 - WARNING - Skipping parameter update this step.
2024-04-25 10:31:17,584 - INFO - Running gridsearch.py
2024-04-25 10:31:17,584 - INFO - args = {'default_params': False}
2024-04-25 10:31:22,106 - INFO - Running trainer.py (version_28).
2024-04-25 10:31:22,106 - INFO - args = {'epochs': 4500, 'monitor': 'loss/train', 'mode': 'min', 'train_size': 1.0, 'progress_bar': False, 'accelerator': 'auto', 'devices': [0, 1], 'strategy': 'auto', 'num_nodes': 1}
2024-04-25 11:04:38,774 - INFO - Running update.py
2024-04-25 11:04:38,774 - WARNING - Skipping parameter update this step.
2024-04-25 11:04:41,540 - INFO - Running gridsearch.py
2024-04-25 11:04:41,541 - INFO - args = {'default_params': False}
2024-04-25 11:04:46,106 - INFO - Running trainer.py (version_29).
2024-04-25 11:04:46,106 - INFO - args = {'epochs': 4500, 'monitor': 'loss/train', 'mode': 'min', 'train_size': 1.0, 'progress_bar': False, 'accelerator': 'auto', 'devices': [0, 1], 'strategy': 'auto', 'num_nodes': 1}
2024-04-25 11:29:15,931 - INFO - Running update.py
2024-04-25 11:29:15,931 - INFO - args = {'max_good_loss': 1e-06, 'min_good_samples': 4, 'check_every_n_steps': 3, 'current_step': 30}
2024-04-25 11:29:18,864 - WARNING - Found 0 (< 4) good samples. Parameters will not be updated.
2024-04-25 11:29:21,538 - INFO - Running gridsearch.py
2024-04-25 11:29:21,538 - INFO - args = {'default_params': False}
2024-04-25 11:29:26,077 - INFO - Running trainer.py (version_30).
2024-04-25 11:29:26,077 - INFO - args = {'epochs': 4500, 'monitor': 'loss/train', 'mode': 'min', 'train_size': 1.0, 'progress_bar': False, 'accelerator': 'auto', 'devices': [0, 1], 'strategy': 'auto', 'num_nodes': 1}
2024-04-25 11:50:52,896 - INFO - Running update.py
2024-04-25 11:50:52,896 - WARNING - Skipping parameter update this step.
2024-04-25 11:50:55,667 - INFO - Running gridsearch.py
2024-04-25 11:50:55,667 - INFO - args = {'default_params': False}
2024-04-25 11:51:00,193 - INFO - Running trainer.py (version_31).
2024-04-25 11:51:00,193 - INFO - args = {'epochs': 4500, 'monitor': 'loss/train', 'mode': 'min', 'train_size': 1.0, 'progress_bar': False, 'accelerator': 'auto', 'devices': [0, 1], 'strategy': 'auto', 'num_nodes': 1}
2024-04-25 12:08:15,412 - INFO - Running update.py
2024-04-25 12:08:15,412 - WARNING - Skipping parameter update this step.
2024-04-25 12:08:18,162 - INFO - Running gridsearch.py
2024-04-25 12:08:18,162 - INFO - args = {'default_params': False}
2024-04-25 12:08:22,656 - INFO - Running trainer.py (version_32).
2024-04-25 12:08:22,656 - INFO - args = {'epochs': 4500, 'monitor': 'loss/train', 'mode': 'min', 'train_size': 1.0, 'progress_bar': False, 'accelerator': 'auto', 'devices': [0, 1], 'strategy': 'auto', 'num_nodes': 1}
2024-04-25 12:29:54,413 - INFO - Running update.py
2024-04-25 12:29:54,413 - INFO - args = {'max_good_loss': 1e-06, 'min_good_samples': 4, 'check_every_n_steps': 3, 'current_step': 33}
2024-04-25 12:29:57,633 - WARNING - Found 0 (< 4) good samples. Parameters will not be updated.
2024-04-25 12:30:00,300 - INFO - Running gridsearch.py
2024-04-25 12:30:00,300 - INFO - args = {'default_params': False}
2024-04-25 12:30:04,939 - INFO - Running trainer.py (version_33).
2024-04-25 12:30:04,939 - INFO - args = {'epochs': 4500, 'monitor': 'loss/train', 'mode': 'min', 'train_size': 1.0, 'progress_bar': False, 'accelerator': 'auto', 'devices': [0, 1], 'strategy': 'auto', 'num_nodes': 1}
2024-04-25 13:23:47,772 - INFO - Running update.py
2024-04-25 13:23:47,772 - WARNING - Skipping parameter update this step.
2024-04-25 13:23:50,493 - INFO - Running gridsearch.py
2024-04-25 13:23:50,494 - INFO - args = {'default_params': False}
2024-04-25 13:23:55,009 - INFO - Running trainer.py (version_34).
2024-04-25 13:23:55,009 - INFO - args = {'epochs': 4500, 'monitor': 'loss/train', 'mode': 'min', 'train_size': 1.0, 'progress_bar': False, 'accelerator': 'auto', 'devices': [0, 1], 'strategy': 'auto', 'num_nodes': 1}
2024-04-25 13:55:00,331 - INFO - Running update.py
2024-04-25 13:55:00,331 - WARNING - Skipping parameter update this step.
2024-04-25 13:55:02,979 - INFO - Running gridsearch.py
2024-04-25 13:55:02,980 - INFO - args = {'default_params': False}
2024-04-25 13:55:07,741 - INFO - Running trainer.py (version_35).
2024-04-25 13:55:07,741 - INFO - args = {'epochs': 4500, 'monitor': 'loss/train', 'mode': 'min', 'train_size': 1.0, 'progress_bar': False, 'accelerator': 'auto', 'devices': [0, 1], 'strategy': 'auto', 'num_nodes': 1}
2024-04-25 14:14:20,622 - INFO - Running update.py
2024-04-25 14:14:20,622 - INFO - args = {'max_good_loss': 1e-06, 'min_good_samples': 4, 'check_every_n_steps': 3, 'current_step': 36}
2024-04-25 14:14:24,075 - WARNING - Found 0 (< 4) good samples. Parameters will not be updated.
2024-04-25 14:14:26,799 - INFO - Running gridsearch.py
2024-04-25 14:14:26,799 - INFO - args = {'default_params': False}
2024-04-25 14:14:31,401 - INFO - Running trainer.py (version_36).
2024-04-25 14:14:31,401 - INFO - args = {'epochs': 4500, 'monitor': 'loss/train', 'mode': 'min', 'train_size': 1.0, 'progress_bar': False, 'accelerator': 'auto', 'devices': [0, 1], 'strategy': 'auto', 'num_nodes': 1}
2024-04-25 14:38:00,634 - INFO - Running update.py
2024-04-25 14:38:00,634 - WARNING - Skipping parameter update this step.
2024-04-25 14:38:03,388 - INFO - Running gridsearch.py
2024-04-25 14:38:03,388 - INFO - args = {'default_params': False}
2024-04-25 14:38:07,959 - INFO - Running trainer.py (version_37).
2024-04-25 14:38:07,959 - INFO - args = {'epochs': 4500, 'monitor': 'loss/train', 'mode': 'min', 'train_size': 1.0, 'progress_bar': False, 'accelerator': 'auto', 'devices': [0, 1], 'strategy': 'auto', 'num_nodes': 1}
2024-04-25 15:00:37,814 - INFO - Running update.py
2024-04-25 15:00:37,814 - WARNING - Skipping parameter update this step.
2024-04-25 15:00:40,629 - INFO - Running gridsearch.py
2024-04-25 15:00:40,629 - INFO - args = {'default_params': False}
2024-04-25 15:00:45,235 - INFO - Running trainer.py (version_38).
2024-04-25 15:00:45,235 - INFO - args = {'epochs': 4500, 'monitor': 'loss/train', 'mode': 'min', 'train_size': 1.0, 'progress_bar': False, 'accelerator': 'auto', 'devices': [0, 1], 'strategy': 'auto', 'num_nodes': 1}
2024-04-25 15:14:08,724 - INFO - Running update.py
2024-04-25 15:14:08,724 - INFO - args = {'max_good_loss': 1e-06, 'min_good_samples': 4, 'check_every_n_steps': 3, 'current_step': 39}
2024-04-25 15:14:12,425 - WARNING - Found 0 (< 4) good samples. Parameters will not be updated.
2024-04-25 15:14:15,160 - INFO - Running gridsearch.py
2024-04-25 15:14:15,160 - INFO - args = {'default_params': False}
2024-04-25 15:14:19,712 - INFO - Running trainer.py (version_39).
2024-04-25 15:14:19,712 - INFO - args = {'epochs': 4500, 'monitor': 'loss/train', 'mode': 'min', 'train_size': 1.0, 'progress_bar': False, 'accelerator': 'auto', 'devices': [0, 1], 'strategy': 'auto', 'num_nodes': 1}
2024-04-25 15:53:57,804 - INFO - Running update.py
2024-04-25 15:53:57,804 - WARNING - Skipping parameter update this step.
2024-04-25 15:54:00,521 - INFO - Running gridsearch.py
2024-04-25 15:54:00,521 - INFO - args = {'default_params': False}
2024-04-25 15:54:05,061 - INFO - Running trainer.py (version_40).
2024-04-25 15:54:05,061 - INFO - args = {'epochs': 4500, 'monitor': 'loss/train', 'mode': 'min', 'train_size': 1.0, 'progress_bar': False, 'accelerator': 'auto', 'devices': [0, 1], 'strategy': 'auto', 'num_nodes': 1}
2024-04-25 16:30:04,811 - INFO - Running update.py
2024-04-25 16:30:04,811 - WARNING - Skipping parameter update this step.
2024-04-25 16:30:07,568 - INFO - Running gridsearch.py
2024-04-25 16:30:07,568 - INFO - args = {'default_params': False}
2024-04-25 16:30:12,209 - INFO - Running trainer.py (version_41).
2024-04-25 16:30:12,209 - INFO - args = {'epochs': 4500, 'monitor': 'loss/train', 'mode': 'min', 'train_size': 1.0, 'progress_bar': False, 'accelerator': 'auto', 'devices': [0, 1], 'strategy': 'auto', 'num_nodes': 1}
2024-04-25 16:50:08,957 - INFO - Running update.py
2024-04-25 16:50:08,957 - INFO - args = {'max_good_loss': 1e-06, 'min_good_samples': 4, 'check_every_n_steps': 3, 'current_step': 42}
2024-04-25 16:50:12,967 - WARNING - Found 0 (< 4) good samples. Parameters will not be updated.
2024-04-25 16:50:15,675 - INFO - Running gridsearch.py
2024-04-25 16:50:15,675 - INFO - args = {'default_params': False}
2024-04-25 16:50:20,236 - INFO - Running trainer.py (version_42).
2024-04-25 16:50:20,236 - INFO - args = {'epochs': 4500, 'monitor': 'loss/train', 'mode': 'min', 'train_size': 1.0, 'progress_bar': False, 'accelerator': 'auto', 'devices': [0, 1], 'strategy': 'auto', 'num_nodes': 1}
2024-04-25 17:03:10,008 - INFO - Running update.py
2024-04-25 17:03:10,008 - WARNING - Skipping parameter update this step.
2024-04-25 17:03:12,878 - INFO - Running gridsearch.py
2024-04-25 17:03:12,878 - INFO - args = {'default_params': False}
2024-04-25 17:03:17,494 - INFO - Running trainer.py (version_43).
2024-04-25 17:03:17,494 - INFO - args = {'epochs': 4500, 'monitor': 'loss/train', 'mode': 'min', 'train_size': 1.0, 'progress_bar': False, 'accelerator': 'auto', 'devices': [0, 1], 'strategy': 'auto', 'num_nodes': 1}
2024-04-25 17:42:08,062 - INFO - Running update.py
2024-04-25 17:42:08,062 - WARNING - Skipping parameter update this step.
2024-04-25 17:42:10,803 - INFO - Running gridsearch.py
2024-04-25 17:42:10,803 - INFO - args = {'default_params': False}
2024-04-25 17:42:15,462 - INFO - Running trainer.py (version_44).
2024-04-25 17:42:15,462 - INFO - args = {'epochs': 4500, 'monitor': 'loss/train', 'mode': 'min', 'train_size': 1.0, 'progress_bar': False, 'accelerator': 'auto', 'devices': [0, 1], 'strategy': 'auto', 'num_nodes': 1}
2024-04-25 18:20:12,222 - INFO - Running update.py
2024-04-25 18:20:12,222 - INFO - args = {'max_good_loss': 1e-06, 'min_good_samples': 4, 'check_every_n_steps': 3, 'current_step': 45}
2024-04-25 18:20:16,630 - WARNING - Found 0 (< 4) good samples. Parameters will not be updated.
2024-04-25 18:20:19,377 - INFO - Running gridsearch.py
2024-04-25 18:20:19,377 - INFO - args = {'default_params': False}
2024-04-25 18:20:23,983 - INFO - Running trainer.py (version_45).
2024-04-25 18:20:23,983 - INFO - args = {'epochs': 4500, 'monitor': 'loss/train', 'mode': 'min', 'train_size': 1.0, 'progress_bar': False, 'accelerator': 'auto', 'devices': [0, 1], 'strategy': 'auto', 'num_nodes': 1}
2024-04-25 18:49:15,374 - INFO - Running update.py
2024-04-25 18:49:15,374 - WARNING - Skipping parameter update this step.
2024-04-25 18:49:18,124 - INFO - Running gridsearch.py
2024-04-25 18:49:18,124 - INFO - args = {'default_params': False}
2024-04-25 18:49:22,745 - INFO - Running trainer.py (version_46).
2024-04-25 18:49:22,745 - INFO - args = {'epochs': 4500, 'monitor': 'loss/train', 'mode': 'min', 'train_size': 1.0, 'progress_bar': False, 'accelerator': 'auto', 'devices': [0, 1], 'strategy': 'auto', 'num_nodes': 1}
2024-04-25 19:03:26,008 - INFO - Running update.py
2024-04-25 19:03:26,008 - WARNING - Skipping parameter update this step.
2024-04-25 19:03:28,729 - INFO - Running gridsearch.py
2024-04-25 19:03:28,729 - INFO - args = {'default_params': False}
2024-04-25 19:03:33,323 - INFO - Running trainer.py (version_47).
2024-04-25 19:03:33,323 - INFO - args = {'epochs': 4500, 'monitor': 'loss/train', 'mode': 'min', 'train_size': 1.0, 'progress_bar': False, 'accelerator': 'auto', 'devices': [0, 1], 'strategy': 'auto', 'num_nodes': 1}
2024-04-25 19:16:35,489 - INFO - Running update.py
2024-04-25 19:16:35,489 - INFO - args = {'max_good_loss': 1e-06, 'min_good_samples': 4, 'check_every_n_steps': 3, 'current_step': 48}
2024-04-25 19:16:40,199 - WARNING - Found 0 (< 4) good samples. Parameters will not be updated.
2024-04-25 19:16:42,935 - INFO - Running gridsearch.py
2024-04-25 19:16:42,935 - INFO - args = {'default_params': False}
2024-04-25 19:16:47,512 - INFO - Running trainer.py (version_48).
2024-04-25 19:16:47,512 - INFO - args = {'epochs': 4500, 'monitor': 'loss/train', 'mode': 'min', 'train_size': 1.0, 'progress_bar': False, 'accelerator': 'auto', 'devices': [0, 1], 'strategy': 'auto', 'num_nodes': 1}
