2024-04-27 03:09:48,208 - INFO - Running gridsearch.py
2024-04-27 03:09:48,208 - INFO - args = {'default_params': False}
2024-04-27 03:09:53,013 - INFO - Running trainer.py (version_0).
2024-04-27 03:09:53,013 - INFO - args = {'epochs': 4500, 'monitor': 'loss/train', 'mode': 'min', 'train_size': 1.0, 'progress_bar': False, 'accelerator': 'auto', 'devices': [0, 1], 'strategy': 'auto', 'num_nodes': 1}
2024-04-27 03:33:45,520 - INFO - Running update.py
2024-04-27 03:33:45,520 - WARNING - Skipping parameter update this step.
2024-04-27 03:33:48,220 - INFO - Running gridsearch.py
2024-04-27 03:33:48,220 - INFO - args = {'default_params': False}
2024-04-27 03:33:53,898 - INFO - Running trainer.py (version_1).
2024-04-27 03:33:53,898 - INFO - args = {'epochs': 4500, 'monitor': 'loss/train', 'mode': 'min', 'train_size': 1.0, 'progress_bar': False, 'accelerator': 'auto', 'devices': [0, 1], 'strategy': 'auto', 'num_nodes': 1}
2024-04-27 04:16:48,917 - INFO - Running update.py
2024-04-27 04:16:48,917 - WARNING - Skipping parameter update this step.
2024-04-27 04:16:51,612 - INFO - Running gridsearch.py
2024-04-27 04:16:51,612 - INFO - args = {'default_params': False}
2024-04-27 04:16:56,034 - INFO - Running trainer.py (version_2).
2024-04-27 04:16:56,034 - INFO - args = {'epochs': 4500, 'monitor': 'loss/train', 'mode': 'min', 'train_size': 1.0, 'progress_bar': False, 'accelerator': 'auto', 'devices': [0, 1], 'strategy': 'auto', 'num_nodes': 1}
2024-04-27 04:27:37,364 - INFO - Running update.py
2024-04-27 04:27:37,365 - INFO - args = {'max_good_loss': 1e-06, 'min_good_samples': 4, 'check_every_n_steps': 3, 'current_step': 3}
2024-04-27 04:27:37,824 - WARNING - Found 0 (< 4) good samples. Parameters will not be updated.
2024-04-27 04:27:40,507 - INFO - Running gridsearch.py
2024-04-27 04:27:40,507 - INFO - args = {'default_params': False}
2024-04-27 04:27:46,930 - INFO - Running trainer.py (version_3).
2024-04-27 04:27:46,930 - INFO - args = {'epochs': 4500, 'monitor': 'loss/train', 'mode': 'min', 'train_size': 1.0, 'progress_bar': False, 'accelerator': 'auto', 'devices': [0, 1], 'strategy': 'auto', 'num_nodes': 1}
