2024-04-23 09:49:02,895 - INFO - Running gridsearch.py
2024-04-23 09:49:02,895 - INFO - args = {'default_params': False}
2024-04-23 09:49:08,842 - INFO - Running trainer.py (version_0).
2024-04-23 09:49:08,842 - INFO - args = {'epochs': 4000, 'monitor': 'loss/train', 'mode': 'min', 'train_size': 1.0, 'progress_bar': False, 'accelerator': 'auto', 'devices': [0, 1], 'strategy': 'auto', 'num_nodes': 1}
2024-04-23 09:59:43,960 - INFO - Running update.py
2024-04-23 09:59:43,960 - WARNING - Skipping parameter update this step.
2024-04-23 09:59:46,504 - INFO - Running gridsearch.py
2024-04-23 09:59:46,504 - INFO - args = {'default_params': False}
2024-04-23 09:59:51,617 - INFO - Running trainer.py (version_1).
2024-04-23 09:59:51,617 - INFO - args = {'epochs': 4000, 'monitor': 'loss/train', 'mode': 'min', 'train_size': 1.0, 'progress_bar': False, 'accelerator': 'auto', 'devices': [0, 1], 'strategy': 'auto', 'num_nodes': 1}
2024-04-23 10:53:02,473 - INFO - Running update.py
2024-04-23 10:53:02,473 - WARNING - Skipping parameter update this step.
2024-04-23 10:53:04,999 - INFO - Running gridsearch.py
2024-04-23 10:53:04,999 - INFO - args = {'default_params': False}
2024-04-23 10:53:09,239 - INFO - Running trainer.py (version_2).
2024-04-23 10:53:09,239 - INFO - args = {'epochs': 4000, 'monitor': 'loss/train', 'mode': 'min', 'train_size': 1.0, 'progress_bar': False, 'accelerator': 'auto', 'devices': [0, 1], 'strategy': 'auto', 'num_nodes': 1}
2024-04-23 11:21:04,435 - INFO - Running update.py
2024-04-23 11:21:04,435 - INFO - args = {'max_good_loss': 1e-05, 'min_good_samples': 4, 'check_every_n_steps': 3, 'current_step': 3}
2024-04-23 11:21:04,727 - WARNING - Found 0 (< 4) good samples. Parameters will not be updated.
2024-04-23 11:21:07,276 - INFO - Running gridsearch.py
2024-04-23 11:21:07,276 - INFO - args = {'default_params': False}
2024-04-23 11:21:11,546 - INFO - Running trainer.py (version_3).
2024-04-23 11:21:11,546 - INFO - args = {'epochs': 4000, 'monitor': 'loss/train', 'mode': 'min', 'train_size': 1.0, 'progress_bar': False, 'accelerator': 'auto', 'devices': [0, 1], 'strategy': 'auto', 'num_nodes': 1}
2024-04-23 11:47:35,807 - INFO - Running update.py
2024-04-23 11:47:35,807 - WARNING - Skipping parameter update this step.
2024-04-23 11:47:38,333 - INFO - Running gridsearch.py
2024-04-23 11:47:38,333 - INFO - args = {'default_params': False}
2024-04-23 11:47:42,578 - INFO - Running trainer.py (version_4).
2024-04-23 11:47:42,578 - INFO - args = {'epochs': 4000, 'monitor': 'loss/train', 'mode': 'min', 'train_size': 1.0, 'progress_bar': False, 'accelerator': 'auto', 'devices': [0, 1], 'strategy': 'auto', 'num_nodes': 1}
2024-04-23 12:31:54,799 - INFO - Running update.py
2024-04-23 12:31:54,800 - WARNING - Skipping parameter update this step.
2024-04-23 12:31:57,450 - INFO - Running gridsearch.py
2024-04-23 12:31:57,450 - INFO - args = {'default_params': False}
2024-04-23 12:32:01,741 - INFO - Running trainer.py (version_5).
2024-04-23 12:32:01,741 - INFO - args = {'epochs': 4000, 'monitor': 'loss/train', 'mode': 'min', 'train_size': 1.0, 'progress_bar': False, 'accelerator': 'auto', 'devices': [0, 1], 'strategy': 'auto', 'num_nodes': 1}
2024-04-23 13:39:20,661 - INFO - Running update.py
2024-04-23 13:39:20,661 - INFO - args = {'max_good_loss': 1e-05, 'min_good_samples': 4, 'check_every_n_steps': 3, 'current_step': 6}
2024-04-23 13:39:21,262 - WARNING - Found 0 (< 4) good samples. Parameters will not be updated.
2024-04-23 13:39:23,776 - INFO - Running gridsearch.py
2024-04-23 13:39:23,776 - INFO - args = {'default_params': False}
2024-04-23 13:39:28,084 - INFO - Running trainer.py (version_6).
2024-04-23 13:39:28,084 - INFO - args = {'epochs': 4000, 'monitor': 'loss/train', 'mode': 'min', 'train_size': 1.0, 'progress_bar': False, 'accelerator': 'auto', 'devices': [0, 1], 'strategy': 'auto', 'num_nodes': 1}
2024-04-23 14:04:08,444 - INFO - Running update.py
2024-04-23 14:04:08,444 - WARNING - Skipping parameter update this step.
2024-04-23 14:04:10,975 - INFO - Running gridsearch.py
2024-04-23 14:04:10,975 - INFO - args = {'default_params': False}
2024-04-23 14:04:15,231 - INFO - Running trainer.py (version_7).
2024-04-23 14:04:15,232 - INFO - args = {'epochs': 4000, 'monitor': 'loss/train', 'mode': 'min', 'train_size': 1.0, 'progress_bar': False, 'accelerator': 'auto', 'devices': [0, 1], 'strategy': 'auto', 'num_nodes': 1}
2024-04-23 14:44:46,047 - INFO - Running update.py
2024-04-23 14:44:46,047 - WARNING - Skipping parameter update this step.
2024-04-23 14:44:48,544 - INFO - Running gridsearch.py
2024-04-23 14:44:48,544 - INFO - args = {'default_params': False}
2024-04-23 14:44:52,788 - INFO - Running trainer.py (version_8).
2024-04-23 14:44:52,788 - INFO - args = {'epochs': 4000, 'monitor': 'loss/train', 'mode': 'min', 'train_size': 1.0, 'progress_bar': False, 'accelerator': 'auto', 'devices': [0, 1], 'strategy': 'auto', 'num_nodes': 1}
2024-04-23 15:11:19,545 - INFO - Running update.py
2024-04-23 15:11:19,545 - INFO - args = {'max_good_loss': 1e-05, 'min_good_samples': 4, 'check_every_n_steps': 3, 'current_step': 9}
2024-04-23 15:11:20,721 - WARNING - Found 0 (< 4) good samples. Parameters will not be updated.
2024-04-23 15:11:23,190 - INFO - Running gridsearch.py
2024-04-23 15:11:23,190 - INFO - args = {'default_params': False}
2024-04-23 15:11:27,432 - INFO - Running trainer.py (version_9).
2024-04-23 15:11:27,432 - INFO - args = {'epochs': 4000, 'monitor': 'loss/train', 'mode': 'min', 'train_size': 1.0, 'progress_bar': False, 'accelerator': 'auto', 'devices': [0, 1], 'strategy': 'auto', 'num_nodes': 1}
2024-04-23 15:27:58,699 - INFO - Running update.py
2024-04-23 15:27:58,699 - WARNING - Skipping parameter update this step.
2024-04-23 15:28:01,240 - INFO - Running gridsearch.py
2024-04-23 15:28:01,240 - INFO - args = {'default_params': False}
2024-04-23 15:28:05,542 - INFO - Running trainer.py (version_10).
2024-04-23 15:28:05,543 - INFO - args = {'epochs': 4000, 'monitor': 'loss/train', 'mode': 'min', 'train_size': 1.0, 'progress_bar': False, 'accelerator': 'auto', 'devices': [0, 1], 'strategy': 'auto', 'num_nodes': 1}
2024-04-23 16:13:58,849 - INFO - Running update.py
2024-04-23 16:13:58,849 - WARNING - Skipping parameter update this step.
2024-04-23 16:14:01,376 - INFO - Running gridsearch.py
2024-04-23 16:14:01,376 - INFO - args = {'default_params': False}
2024-04-23 16:14:05,633 - INFO - Running trainer.py (version_11).
2024-04-23 16:14:05,633 - INFO - args = {'epochs': 4000, 'monitor': 'loss/train', 'mode': 'min', 'train_size': 1.0, 'progress_bar': False, 'accelerator': 'auto', 'devices': [0, 1], 'strategy': 'auto', 'num_nodes': 1}
2024-04-23 16:44:04,907 - INFO - Running update.py
2024-04-23 16:44:04,907 - INFO - args = {'max_good_loss': 1e-05, 'min_good_samples': 4, 'check_every_n_steps': 3, 'current_step': 12}
2024-04-23 16:44:06,440 - WARNING - Found 0 (< 4) good samples. Parameters will not be updated.
2024-04-23 16:44:08,939 - INFO - Running gridsearch.py
2024-04-23 16:44:08,939 - INFO - args = {'default_params': False}
2024-04-23 16:44:13,133 - INFO - Running trainer.py (version_12).
2024-04-23 16:44:13,133 - INFO - args = {'epochs': 4000, 'monitor': 'loss/train', 'mode': 'min', 'train_size': 1.0, 'progress_bar': False, 'accelerator': 'auto', 'devices': [0, 1], 'strategy': 'auto', 'num_nodes': 1}
2024-04-23 17:13:25,171 - INFO - Running update.py
2024-04-23 17:13:25,171 - WARNING - Skipping parameter update this step.
2024-04-23 17:13:27,737 - INFO - Running gridsearch.py
2024-04-23 17:13:27,737 - INFO - args = {'default_params': False}
2024-04-23 17:13:32,019 - INFO - Running trainer.py (version_13).
2024-04-23 17:13:32,019 - INFO - args = {'epochs': 4000, 'monitor': 'loss/train', 'mode': 'min', 'train_size': 1.0, 'progress_bar': False, 'accelerator': 'auto', 'devices': [0, 1], 'strategy': 'auto', 'num_nodes': 1}
2024-04-23 17:26:12,208 - INFO - Running update.py
2024-04-23 17:26:12,208 - WARNING - Skipping parameter update this step.
2024-04-23 17:26:14,746 - INFO - Running gridsearch.py
2024-04-23 17:26:14,746 - INFO - args = {'default_params': False}
2024-04-23 17:26:19,128 - INFO - Running trainer.py (version_14).
2024-04-23 17:26:19,128 - INFO - args = {'epochs': 4000, 'monitor': 'loss/train', 'mode': 'min', 'train_size': 1.0, 'progress_bar': False, 'accelerator': 'auto', 'devices': [0, 1], 'strategy': 'auto', 'num_nodes': 1}
2024-04-23 18:09:42,323 - INFO - Running update.py
2024-04-23 18:09:42,323 - INFO - args = {'max_good_loss': 1e-05, 'min_good_samples': 4, 'check_every_n_steps': 3, 'current_step': 15}
2024-04-23 18:09:44,158 - WARNING - Found 0 (< 4) good samples. Parameters will not be updated.
2024-04-23 18:09:46,713 - INFO - Running gridsearch.py
2024-04-23 18:09:46,713 - INFO - args = {'default_params': False}
2024-04-23 18:09:51,220 - INFO - Running trainer.py (version_15).
2024-04-23 18:09:51,221 - INFO - args = {'epochs': 4000, 'monitor': 'loss/train', 'mode': 'min', 'train_size': 1.0, 'progress_bar': False, 'accelerator': 'auto', 'devices': [0, 1], 'strategy': 'auto', 'num_nodes': 1}
2024-04-23 18:41:10,539 - INFO - Running update.py
2024-04-23 18:41:10,539 - WARNING - Skipping parameter update this step.
2024-04-23 18:41:13,082 - INFO - Running gridsearch.py
2024-04-23 18:41:13,082 - INFO - args = {'default_params': False}
2024-04-23 18:41:17,426 - INFO - Running trainer.py (version_16).
2024-04-23 18:41:17,426 - INFO - args = {'epochs': 4000, 'monitor': 'loss/train', 'mode': 'min', 'train_size': 1.0, 'progress_bar': False, 'accelerator': 'auto', 'devices': [0, 1], 'strategy': 'auto', 'num_nodes': 1}
2024-04-23 19:23:45,309 - INFO - Running update.py
2024-04-23 19:23:45,309 - WARNING - Skipping parameter update this step.
2024-04-23 19:23:47,918 - INFO - Running gridsearch.py
2024-04-23 19:23:47,918 - INFO - args = {'default_params': False}
2024-04-23 19:23:54,162 - INFO - Running trainer.py (version_17).
2024-04-23 19:23:54,162 - INFO - args = {'epochs': 4000, 'monitor': 'loss/train', 'mode': 'min', 'train_size': 1.0, 'progress_bar': False, 'accelerator': 'auto', 'devices': [0, 1], 'strategy': 'auto', 'num_nodes': 1}
2024-04-23 19:51:02,496 - INFO - Running update.py
2024-04-23 19:51:02,496 - INFO - args = {'max_good_loss': 1e-05, 'min_good_samples': 4, 'check_every_n_steps': 3, 'current_step': 18}
2024-04-23 19:51:04,630 - WARNING - Found 0 (< 4) good samples. Parameters will not be updated.
2024-04-23 19:51:07,237 - INFO - Running gridsearch.py
2024-04-23 19:51:07,237 - INFO - args = {'default_params': False}
2024-04-23 19:51:11,537 - INFO - Running trainer.py (version_18).
2024-04-23 19:51:11,537 - INFO - args = {'epochs': 4000, 'monitor': 'loss/train', 'mode': 'min', 'train_size': 1.0, 'progress_bar': False, 'accelerator': 'auto', 'devices': [0, 1], 'strategy': 'auto', 'num_nodes': 1}
2024-04-23 21:25:17,648 - INFO - Running update.py
2024-04-23 21:25:17,648 - WARNING - Skipping parameter update this step.
2024-04-23 21:25:20,233 - INFO - Running gridsearch.py
2024-04-23 21:25:20,233 - INFO - args = {'default_params': False}
2024-04-23 21:25:24,577 - INFO - Running trainer.py (version_19).
2024-04-23 21:25:24,577 - INFO - args = {'epochs': 4000, 'monitor': 'loss/train', 'mode': 'min', 'train_size': 1.0, 'progress_bar': False, 'accelerator': 'auto', 'devices': [0, 1], 'strategy': 'auto', 'num_nodes': 1}
2024-04-23 22:12:54,056 - INFO - Running update.py
2024-04-23 22:12:54,056 - WARNING - Skipping parameter update this step.
2024-04-23 22:12:56,636 - INFO - Running gridsearch.py
2024-04-23 22:12:56,636 - INFO - args = {'default_params': False}
2024-04-23 22:13:02,435 - INFO - Running trainer.py (version_20).
2024-04-23 22:13:02,435 - INFO - args = {'epochs': 4000, 'monitor': 'loss/train', 'mode': 'min', 'train_size': 1.0, 'progress_bar': False, 'accelerator': 'auto', 'devices': [0, 1], 'strategy': 'auto', 'num_nodes': 1}
2024-04-23 22:22:38,002 - INFO - Running update.py
2024-04-23 22:22:38,002 - INFO - args = {'max_good_loss': 1e-05, 'min_good_samples': 4, 'check_every_n_steps': 3, 'current_step': 21}
2024-04-23 22:22:40,597 - WARNING - Found 0 (< 4) good samples. Parameters will not be updated.
2024-04-23 22:22:43,099 - INFO - Running gridsearch.py
2024-04-23 22:22:43,099 - INFO - args = {'default_params': False}
2024-04-23 22:22:47,431 - INFO - Running trainer.py (version_21).
2024-04-23 22:22:47,431 - INFO - args = {'epochs': 4000, 'monitor': 'loss/train', 'mode': 'min', 'train_size': 1.0, 'progress_bar': False, 'accelerator': 'auto', 'devices': [0, 1], 'strategy': 'auto', 'num_nodes': 1}
2024-04-23 23:34:50,409 - INFO - Running update.py
2024-04-23 23:34:50,409 - WARNING - Skipping parameter update this step.
2024-04-23 23:34:52,922 - INFO - Running gridsearch.py
2024-04-23 23:34:52,922 - INFO - args = {'default_params': False}
2024-04-23 23:34:58,569 - INFO - Running trainer.py (version_22).
2024-04-23 23:34:58,569 - INFO - args = {'epochs': 4000, 'monitor': 'loss/train', 'mode': 'min', 'train_size': 1.0, 'progress_bar': False, 'accelerator': 'auto', 'devices': [0, 1], 'strategy': 'auto', 'num_nodes': 1}
2024-04-23 23:48:56,915 - INFO - Running update.py
2024-04-23 23:48:56,916 - WARNING - Skipping parameter update this step.
2024-04-23 23:48:59,443 - INFO - Running gridsearch.py
2024-04-23 23:48:59,443 - INFO - args = {'default_params': False}
2024-04-23 23:49:03,775 - INFO - Running trainer.py (version_23).
2024-04-23 23:49:03,776 - INFO - args = {'epochs': 4000, 'monitor': 'loss/train', 'mode': 'min', 'train_size': 1.0, 'progress_bar': False, 'accelerator': 'auto', 'devices': [0, 1], 'strategy': 'auto', 'num_nodes': 1}
2024-04-24 01:34:12,391 - INFO - Running update.py
2024-04-24 01:34:12,391 - INFO - args = {'max_good_loss': 1e-05, 'min_good_samples': 4, 'check_every_n_steps': 3, 'current_step': 24}
2024-04-24 01:34:15,487 - WARNING - Found 0 (< 4) good samples. Parameters will not be updated.
2024-04-24 01:34:18,179 - INFO - Running gridsearch.py
2024-04-24 01:34:18,179 - INFO - args = {'default_params': False}
2024-04-24 01:34:22,479 - INFO - Running trainer.py (version_24).
2024-04-24 01:34:22,480 - INFO - args = {'epochs': 4000, 'monitor': 'loss/train', 'mode': 'min', 'train_size': 1.0, 'progress_bar': False, 'accelerator': 'auto', 'devices': [0, 1], 'strategy': 'auto', 'num_nodes': 1}
2024-04-24 01:56:52,718 - INFO - Running update.py
2024-04-24 01:56:52,718 - WARNING - Skipping parameter update this step.
2024-04-24 01:56:55,238 - INFO - Running gridsearch.py
2024-04-24 01:56:55,238 - INFO - args = {'default_params': False}
2024-04-24 01:56:59,515 - INFO - Running trainer.py (version_25).
2024-04-24 01:56:59,515 - INFO - args = {'epochs': 4000, 'monitor': 'loss/train', 'mode': 'min', 'train_size': 1.0, 'progress_bar': False, 'accelerator': 'auto', 'devices': [0, 1], 'strategy': 'auto', 'num_nodes': 1}
2024-04-24 03:00:40,658 - INFO - Running update.py
2024-04-24 03:00:40,658 - WARNING - Skipping parameter update this step.
2024-04-24 03:00:43,154 - INFO - Running gridsearch.py
2024-04-24 03:00:43,154 - INFO - args = {'default_params': False}
2024-04-24 03:00:47,370 - INFO - Running trainer.py (version_26).
2024-04-24 03:00:47,370 - INFO - args = {'epochs': 4000, 'monitor': 'loss/train', 'mode': 'min', 'train_size': 1.0, 'progress_bar': False, 'accelerator': 'auto', 'devices': [0, 1], 'strategy': 'auto', 'num_nodes': 1}
2024-04-24 03:23:22,645 - INFO - Running update.py
2024-04-24 03:23:22,645 - INFO - args = {'max_good_loss': 1e-05, 'min_good_samples': 4, 'check_every_n_steps': 3, 'current_step': 27}
2024-04-24 03:23:26,099 - WARNING - Found 0 (< 4) good samples. Parameters will not be updated.
2024-04-24 03:23:28,644 - INFO - Running gridsearch.py
2024-04-24 03:23:28,645 - INFO - args = {'default_params': False}
2024-04-24 03:23:32,898 - INFO - Running trainer.py (version_27).
2024-04-24 03:23:32,899 - INFO - args = {'epochs': 4000, 'monitor': 'loss/train', 'mode': 'min', 'train_size': 1.0, 'progress_bar': False, 'accelerator': 'auto', 'devices': [0, 1], 'strategy': 'auto', 'num_nodes': 1}
2024-04-24 03:36:30,412 - INFO - Running update.py
2024-04-24 03:36:30,412 - WARNING - Skipping parameter update this step.
2024-04-24 03:36:32,919 - INFO - Running gridsearch.py
2024-04-24 03:36:32,919 - INFO - args = {'default_params': False}
2024-04-24 03:36:37,113 - INFO - Running trainer.py (version_28).
2024-04-24 03:36:37,113 - INFO - args = {'epochs': 4000, 'monitor': 'loss/train', 'mode': 'min', 'train_size': 1.0, 'progress_bar': False, 'accelerator': 'auto', 'devices': [0, 1], 'strategy': 'auto', 'num_nodes': 1}
2024-04-24 03:47:01,259 - INFO - Running update.py
2024-04-24 03:47:01,259 - WARNING - Skipping parameter update this step.
2024-04-24 03:47:03,798 - INFO - Running gridsearch.py
2024-04-24 03:47:03,798 - INFO - args = {'default_params': False}
2024-04-24 03:47:07,983 - INFO - Running trainer.py (version_29).
2024-04-24 03:47:07,983 - INFO - args = {'epochs': 4000, 'monitor': 'loss/train', 'mode': 'min', 'train_size': 1.0, 'progress_bar': False, 'accelerator': 'auto', 'devices': [0, 1], 'strategy': 'auto', 'num_nodes': 1}
2024-04-24 04:09:06,480 - INFO - Running update.py
2024-04-24 04:09:06,480 - INFO - args = {'max_good_loss': 1e-05, 'min_good_samples': 4, 'check_every_n_steps': 3, 'current_step': 30}
2024-04-24 04:09:10,170 - WARNING - Found 0 (< 4) good samples. Parameters will not be updated.
2024-04-24 04:09:12,717 - INFO - Running gridsearch.py
2024-04-24 04:09:12,717 - INFO - args = {'default_params': False}
2024-04-24 04:09:16,960 - INFO - Running trainer.py (version_30).
2024-04-24 04:09:16,960 - INFO - args = {'epochs': 4000, 'monitor': 'loss/train', 'mode': 'min', 'train_size': 1.0, 'progress_bar': False, 'accelerator': 'auto', 'devices': [0, 1], 'strategy': 'auto', 'num_nodes': 1}
2024-04-24 05:46:58,987 - INFO - Running update.py
2024-04-24 05:46:58,987 - WARNING - Skipping parameter update this step.
2024-04-24 05:47:01,551 - INFO - Running gridsearch.py
2024-04-24 05:47:01,551 - INFO - args = {'default_params': False}
2024-04-24 05:47:05,789 - INFO - Running trainer.py (version_31).
2024-04-24 05:47:05,789 - INFO - args = {'epochs': 4000, 'monitor': 'loss/train', 'mode': 'min', 'train_size': 1.0, 'progress_bar': False, 'accelerator': 'auto', 'devices': [0, 1], 'strategy': 'auto', 'num_nodes': 1}
2024-04-24 07:50:43,969 - INFO - Running update.py
2024-04-24 07:50:43,969 - WARNING - Skipping parameter update this step.
2024-04-24 07:50:46,502 - INFO - Running gridsearch.py
2024-04-24 07:50:46,503 - INFO - args = {'default_params': False}
2024-04-24 07:50:52,813 - INFO - Running trainer.py (version_32).
2024-04-24 07:50:52,813 - INFO - args = {'epochs': 4000, 'monitor': 'loss/train', 'mode': 'min', 'train_size': 1.0, 'progress_bar': False, 'accelerator': 'auto', 'devices': [0, 1], 'strategy': 'auto', 'num_nodes': 1}
2024-04-24 08:44:50,113 - INFO - Running update.py
2024-04-24 08:44:50,113 - INFO - args = {'max_good_loss': 1e-05, 'min_good_samples': 4, 'check_every_n_steps': 3, 'current_step': 33}
2024-04-24 08:44:54,579 - WARNING - Found 0 (< 4) good samples. Parameters will not be updated.
2024-04-24 08:44:57,180 - INFO - Running gridsearch.py
2024-04-24 08:44:57,180 - INFO - args = {'default_params': False}
2024-04-24 08:45:01,447 - INFO - Running trainer.py (version_33).
2024-04-24 08:45:01,447 - INFO - args = {'epochs': 4000, 'monitor': 'loss/train', 'mode': 'min', 'train_size': 1.0, 'progress_bar': False, 'accelerator': 'auto', 'devices': [0, 1], 'strategy': 'auto', 'num_nodes': 1}
2024-04-24 09:38:24,002 - INFO - Running update.py
2024-04-24 09:38:24,002 - WARNING - Skipping parameter update this step.
2024-04-24 09:38:26,502 - INFO - Running gridsearch.py
2024-04-24 09:38:26,502 - INFO - args = {'default_params': False}
2024-04-24 09:38:30,682 - INFO - Running trainer.py (version_34).
2024-04-24 09:38:30,682 - INFO - args = {'epochs': 4000, 'monitor': 'loss/train', 'mode': 'min', 'train_size': 1.0, 'progress_bar': False, 'accelerator': 'auto', 'devices': [0, 1], 'strategy': 'auto', 'num_nodes': 1}
2024-04-24 10:24:16,618 - INFO - Running update.py
2024-04-24 10:24:16,618 - WARNING - Skipping parameter update this step.
2024-04-24 10:24:19,121 - INFO - Running gridsearch.py
2024-04-24 10:24:19,122 - INFO - args = {'default_params': False}
2024-04-24 10:24:24,692 - INFO - Running trainer.py (version_35).
2024-04-24 10:24:24,692 - INFO - args = {'epochs': 4000, 'monitor': 'loss/train', 'mode': 'min', 'train_size': 1.0, 'progress_bar': False, 'accelerator': 'auto', 'devices': [0, 1], 'strategy': 'auto', 'num_nodes': 1}
2024-04-24 11:23:37,064 - INFO - Running update.py
2024-04-24 11:23:37,064 - INFO - args = {'max_good_loss': 1e-05, 'min_good_samples': 4, 'check_every_n_steps': 3, 'current_step': 36}
2024-04-24 11:23:41,762 - WARNING - Found 0 (< 4) good samples. Parameters will not be updated.
2024-04-24 11:23:44,216 - INFO - Running gridsearch.py
2024-04-24 11:23:44,216 - INFO - args = {'default_params': False}
2024-04-24 11:23:48,355 - INFO - Running trainer.py (version_36).
2024-04-24 11:23:48,355 - INFO - args = {'epochs': 4000, 'monitor': 'loss/train', 'mode': 'min', 'train_size': 1.0, 'progress_bar': False, 'accelerator': 'auto', 'devices': [0, 1], 'strategy': 'auto', 'num_nodes': 1}
2024-04-24 12:30:36,482 - INFO - Running update.py
2024-04-24 12:30:36,482 - WARNING - Skipping parameter update this step.
2024-04-24 12:30:38,991 - INFO - Running gridsearch.py
2024-04-24 12:30:38,991 - INFO - args = {'default_params': False}
2024-04-24 12:30:43,193 - INFO - Running trainer.py (version_37).
2024-04-24 12:30:43,193 - INFO - args = {'epochs': 4000, 'monitor': 'loss/train', 'mode': 'min', 'train_size': 1.0, 'progress_bar': False, 'accelerator': 'auto', 'devices': [0, 1], 'strategy': 'auto', 'num_nodes': 1}
2024-04-24 13:27:26,850 - INFO - Running update.py
2024-04-24 13:27:26,850 - WARNING - Skipping parameter update this step.
2024-04-24 13:27:29,372 - INFO - Running gridsearch.py
2024-04-24 13:27:29,372 - INFO - args = {'default_params': False}
2024-04-24 13:27:33,644 - INFO - Running trainer.py (version_38).
2024-04-24 13:27:33,644 - INFO - args = {'epochs': 4000, 'monitor': 'loss/train', 'mode': 'min', 'train_size': 1.0, 'progress_bar': False, 'accelerator': 'auto', 'devices': [0, 1], 'strategy': 'auto', 'num_nodes': 1}
2024-04-24 13:49:33,587 - INFO - Running update.py
2024-04-24 13:49:33,588 - INFO - args = {'max_good_loss': 1e-05, 'min_good_samples': 4, 'check_every_n_steps': 3, 'current_step': 39}
2024-04-24 13:49:38,507 - WARNING - Found 0 (< 4) good samples. Parameters will not be updated.
2024-04-24 13:49:41,028 - INFO - Running gridsearch.py
2024-04-24 13:49:41,028 - INFO - args = {'default_params': False}
2024-04-24 13:49:45,324 - INFO - Running trainer.py (version_39).
2024-04-24 13:49:45,324 - INFO - args = {'epochs': 4000, 'monitor': 'loss/train', 'mode': 'min', 'train_size': 1.0, 'progress_bar': False, 'accelerator': 'auto', 'devices': [0, 1], 'strategy': 'auto', 'num_nodes': 1}
2024-04-24 14:45:51,743 - INFO - Running update.py
2024-04-24 14:45:51,743 - WARNING - Skipping parameter update this step.
2024-04-24 14:45:54,199 - INFO - Running gridsearch.py
2024-04-24 14:45:54,200 - INFO - args = {'default_params': False}
2024-04-24 14:45:58,344 - INFO - Running trainer.py (version_40).
2024-04-24 14:45:58,344 - INFO - args = {'epochs': 4000, 'monitor': 'loss/train', 'mode': 'min', 'train_size': 1.0, 'progress_bar': False, 'accelerator': 'auto', 'devices': [0, 1], 'strategy': 'auto', 'num_nodes': 1}
2024-04-24 15:01:22,407 - INFO - Running update.py
2024-04-24 15:01:22,407 - WARNING - Skipping parameter update this step.
2024-04-24 15:01:24,890 - INFO - Running gridsearch.py
2024-04-24 15:01:24,891 - INFO - args = {'default_params': False}
2024-04-24 15:01:29,090 - INFO - Running trainer.py (version_41).
2024-04-24 15:01:29,091 - INFO - args = {'epochs': 4000, 'monitor': 'loss/train', 'mode': 'min', 'train_size': 1.0, 'progress_bar': False, 'accelerator': 'auto', 'devices': [0, 1], 'strategy': 'auto', 'num_nodes': 1}
2024-04-24 15:12:12,922 - INFO - Running update.py
2024-04-24 15:12:12,922 - INFO - args = {'max_good_loss': 1e-05, 'min_good_samples': 4, 'check_every_n_steps': 3, 'current_step': 42}
2024-04-24 15:12:18,335 - WARNING - Found 0 (< 4) good samples. Parameters will not be updated.
2024-04-24 15:12:20,866 - INFO - Running gridsearch.py
2024-04-24 15:12:20,866 - INFO - args = {'default_params': False}
2024-04-24 15:12:25,096 - INFO - Running trainer.py (version_42).
2024-04-24 15:12:25,096 - INFO - args = {'epochs': 4000, 'monitor': 'loss/train', 'mode': 'min', 'train_size': 1.0, 'progress_bar': False, 'accelerator': 'auto', 'devices': [0, 1], 'strategy': 'auto', 'num_nodes': 1}
2024-04-24 16:52:48,890 - INFO - Running update.py
2024-04-24 16:52:48,890 - WARNING - Skipping parameter update this step.
2024-04-24 16:52:51,391 - INFO - Running gridsearch.py
2024-04-24 16:52:51,391 - INFO - args = {'default_params': False}
2024-04-24 16:52:57,910 - INFO - Running trainer.py (version_43).
2024-04-24 16:52:57,910 - INFO - args = {'epochs': 4000, 'monitor': 'loss/train', 'mode': 'min', 'train_size': 1.0, 'progress_bar': False, 'accelerator': 'auto', 'devices': [0, 1], 'strategy': 'auto', 'num_nodes': 1}
2024-04-24 17:31:34,174 - INFO - Running update.py
2024-04-24 17:31:34,174 - WARNING - Skipping parameter update this step.
2024-04-24 17:31:36,630 - INFO - Running gridsearch.py
2024-04-24 17:31:36,630 - INFO - args = {'default_params': False}
2024-04-24 17:31:40,778 - INFO - Running trainer.py (version_44).
2024-04-24 17:31:40,778 - INFO - args = {'epochs': 4000, 'monitor': 'loss/train', 'mode': 'min', 'train_size': 1.0, 'progress_bar': False, 'accelerator': 'auto', 'devices': [0, 1], 'strategy': 'auto', 'num_nodes': 1}
2024-04-24 17:56:21,628 - INFO - Running update.py
2024-04-24 17:56:21,628 - INFO - args = {'max_good_loss': 1e-05, 'min_good_samples': 4, 'check_every_n_steps': 3, 'current_step': 45}
2024-04-24 17:56:27,601 - WARNING - Found 0 (< 4) good samples. Parameters will not be updated.
2024-04-24 17:56:30,064 - INFO - Running gridsearch.py
2024-04-24 17:56:30,065 - INFO - args = {'default_params': False}
2024-04-24 17:56:34,263 - INFO - Running trainer.py (version_45).
2024-04-24 17:56:34,263 - INFO - args = {'epochs': 4000, 'monitor': 'loss/train', 'mode': 'min', 'train_size': 1.0, 'progress_bar': False, 'accelerator': 'auto', 'devices': [0, 1], 'strategy': 'auto', 'num_nodes': 1}
2024-04-24 19:24:07,859 - INFO - Running update.py
2024-04-24 19:24:07,859 - WARNING - Skipping parameter update this step.
2024-04-24 19:24:10,452 - INFO - Running gridsearch.py
2024-04-24 19:24:10,452 - INFO - args = {'default_params': False}
2024-04-24 19:24:14,689 - INFO - Running trainer.py (version_46).
2024-04-24 19:24:14,689 - INFO - args = {'epochs': 4000, 'monitor': 'loss/train', 'mode': 'min', 'train_size': 1.0, 'progress_bar': False, 'accelerator': 'auto', 'devices': [0, 1], 'strategy': 'auto', 'num_nodes': 1}
2024-04-24 19:33:59,387 - INFO - Running update.py
2024-04-24 19:33:59,387 - WARNING - Skipping parameter update this step.
2024-04-24 19:34:01,924 - INFO - Running gridsearch.py
2024-04-24 19:34:01,924 - INFO - args = {'default_params': False}
2024-04-24 19:34:06,126 - INFO - Running trainer.py (version_47).
2024-04-24 19:34:06,126 - INFO - args = {'epochs': 4000, 'monitor': 'loss/train', 'mode': 'min', 'train_size': 1.0, 'progress_bar': False, 'accelerator': 'auto', 'devices': [0, 1], 'strategy': 'auto', 'num_nodes': 1}
2024-04-24 20:00:49,352 - INFO - Running update.py
2024-04-24 20:00:49,352 - INFO - args = {'max_good_loss': 1e-05, 'min_good_samples': 4, 'check_every_n_steps': 3, 'current_step': 48}
2024-04-24 20:00:55,490 - WARNING - Found 0 (< 4) good samples. Parameters will not be updated.
2024-04-24 20:00:57,968 - INFO - Running gridsearch.py
2024-04-24 20:00:57,968 - INFO - args = {'default_params': False}
2024-04-24 20:01:02,191 - INFO - Running trainer.py (version_48).
2024-04-24 20:01:02,191 - INFO - args = {'epochs': 4000, 'monitor': 'loss/train', 'mode': 'min', 'train_size': 1.0, 'progress_bar': False, 'accelerator': 'auto', 'devices': [0, 1], 'strategy': 'auto', 'num_nodes': 1}
