2024-04-18 11:47:31,150 - INFO - Running gridsearch.py
2024-04-18 11:47:31,150 - INFO - args = {'default_params': False}
2024-04-18 11:47:34,942 - INFO - Running trainer.py (version_0).
2024-04-18 11:47:34,942 - INFO - args = {'epochs': 4000, 'monitor': 'loss/train', 'mode': 'min', 'train_size': 1.0, 'progress_bar': False, 'accelerator': 'auto', 'devices': [0], 'strategy': 'auto', 'num_nodes': 1}
2024-04-18 12:34:54,099 - INFO - Running update.py
2024-04-18 12:34:54,099 - WARNING - Skipping parameter update this step.
2024-04-18 12:34:56,687 - INFO - Running gridsearch.py
2024-04-18 12:34:56,687 - INFO - args = {'default_params': False}
2024-04-18 12:35:00,682 - INFO - Running trainer.py (version_1).
2024-04-18 12:35:00,683 - INFO - args = {'epochs': 4000, 'monitor': 'loss/train', 'mode': 'min', 'train_size': 1.0, 'progress_bar': False, 'accelerator': 'auto', 'devices': [0], 'strategy': 'auto', 'num_nodes': 1}
2024-04-18 15:34:53,552 - INFO - Running update.py
2024-04-18 15:34:53,552 - WARNING - Skipping parameter update this step.
2024-04-18 15:34:56,202 - INFO - Running gridsearch.py
2024-04-18 15:34:56,202 - INFO - args = {'default_params': False}
2024-04-18 15:35:00,023 - INFO - Running trainer.py (version_2).
2024-04-18 15:35:00,023 - INFO - args = {'epochs': 4000, 'monitor': 'loss/train', 'mode': 'min', 'train_size': 1.0, 'progress_bar': False, 'accelerator': 'auto', 'devices': [0], 'strategy': 'auto', 'num_nodes': 1}
2024-04-18 15:48:11,562 - INFO - Running update.py
2024-04-18 15:48:11,562 - INFO - args = {'max_good_loss': 0.0001, 'min_good_samples': 4, 'check_every_n_steps': 3, 'current_step': 3}
2024-04-18 15:48:12,192 - WARNING - Found 0 (< 4) good samples. Parameters will not be updated.
2024-04-18 15:48:14,751 - INFO - Running gridsearch.py
2024-04-18 15:48:14,751 - INFO - args = {'default_params': False}
2024-04-18 15:48:18,484 - INFO - Running trainer.py (version_3).
2024-04-18 15:48:18,484 - INFO - args = {'epochs': 4000, 'monitor': 'loss/train', 'mode': 'min', 'train_size': 1.0, 'progress_bar': False, 'accelerator': 'auto', 'devices': [0], 'strategy': 'auto', 'num_nodes': 1}
2024-04-18 19:24:52,328 - INFO - Running update.py
2024-04-18 19:24:52,328 - WARNING - Skipping parameter update this step.
2024-04-18 19:24:54,899 - INFO - Running gridsearch.py
2024-04-18 19:24:54,899 - INFO - args = {'default_params': False}
2024-04-18 19:24:58,534 - INFO - Running trainer.py (version_4).
2024-04-18 19:24:58,534 - INFO - args = {'epochs': 4000, 'monitor': 'loss/train', 'mode': 'min', 'train_size': 1.0, 'progress_bar': False, 'accelerator': 'auto', 'devices': [0], 'strategy': 'auto', 'num_nodes': 1}
2024-04-18 21:22:51,888 - INFO - Running update.py
2024-04-18 21:22:51,888 - WARNING - Skipping parameter update this step.
2024-04-18 21:22:54,407 - INFO - Running gridsearch.py
2024-04-18 21:22:54,407 - INFO - args = {'default_params': False}
2024-04-18 21:22:57,933 - INFO - Running trainer.py (version_5).
2024-04-18 21:22:57,933 - INFO - args = {'epochs': 4000, 'monitor': 'loss/train', 'mode': 'min', 'train_size': 1.0, 'progress_bar': False, 'accelerator': 'auto', 'devices': [0], 'strategy': 'auto', 'num_nodes': 1}
2024-04-18 21:40:53,532 - INFO - Running update.py
2024-04-18 21:40:53,532 - INFO - args = {'max_good_loss': 0.0001, 'min_good_samples': 4, 'check_every_n_steps': 3, 'current_step': 6}
2024-04-18 21:40:55,214 - WARNING - Found 0 (< 4) good samples. Parameters will not be updated.
2024-04-18 21:40:57,700 - INFO - Running gridsearch.py
2024-04-18 21:40:57,700 - INFO - args = {'default_params': False}
2024-04-18 21:41:01,236 - INFO - Running trainer.py (version_6).
2024-04-18 21:41:01,236 - INFO - args = {'epochs': 4000, 'monitor': 'loss/train', 'mode': 'min', 'train_size': 1.0, 'progress_bar': False, 'accelerator': 'auto', 'devices': [0], 'strategy': 'auto', 'num_nodes': 1}
2024-04-18 21:58:36,797 - INFO - Running update.py
2024-04-18 21:58:36,797 - WARNING - Skipping parameter update this step.
2024-04-18 21:58:39,340 - INFO - Running gridsearch.py
2024-04-18 21:58:39,340 - INFO - args = {'default_params': False}
2024-04-18 21:58:42,925 - INFO - Running trainer.py (version_7).
2024-04-18 21:58:42,925 - INFO - args = {'epochs': 4000, 'monitor': 'loss/train', 'mode': 'min', 'train_size': 1.0, 'progress_bar': False, 'accelerator': 'auto', 'devices': [0], 'strategy': 'auto', 'num_nodes': 1}
2024-04-18 22:49:36,012 - INFO - Running update.py
2024-04-18 22:49:36,012 - WARNING - Skipping parameter update this step.
2024-04-18 22:49:38,541 - INFO - Running gridsearch.py
2024-04-18 22:49:38,541 - INFO - args = {'default_params': False}
2024-04-18 22:49:42,192 - INFO - Running trainer.py (version_8).
2024-04-18 22:49:42,192 - INFO - args = {'epochs': 4000, 'monitor': 'loss/train', 'mode': 'min', 'train_size': 1.0, 'progress_bar': False, 'accelerator': 'auto', 'devices': [0], 'strategy': 'auto', 'num_nodes': 1}
2024-04-18 23:21:46,407 - INFO - Running update.py
2024-04-18 23:21:46,407 - INFO - args = {'max_good_loss': 0.0001, 'min_good_samples': 4, 'check_every_n_steps': 3, 'current_step': 9}
2024-04-18 23:21:48,482 - WARNING - Found 1 (< 4) good samples. Parameters will not be updated.
2024-04-18 23:21:51,060 - INFO - Running gridsearch.py
2024-04-18 23:21:51,060 - INFO - args = {'default_params': False}
2024-04-18 23:21:54,657 - INFO - Running trainer.py (version_9).
2024-04-18 23:21:54,657 - INFO - args = {'epochs': 4000, 'monitor': 'loss/train', 'mode': 'min', 'train_size': 1.0, 'progress_bar': False, 'accelerator': 'auto', 'devices': [0], 'strategy': 'auto', 'num_nodes': 1}
2024-04-19 03:23:02,786 - INFO - Running update.py
2024-04-19 03:23:02,787 - WARNING - Skipping parameter update this step.
2024-04-19 03:23:05,427 - INFO - Running gridsearch.py
2024-04-19 03:23:05,427 - INFO - args = {'default_params': False}
2024-04-19 03:23:09,102 - INFO - Running trainer.py (version_10).
2024-04-19 03:23:09,102 - INFO - args = {'epochs': 4000, 'monitor': 'loss/train', 'mode': 'min', 'train_size': 1.0, 'progress_bar': False, 'accelerator': 'auto', 'devices': [0], 'strategy': 'auto', 'num_nodes': 1}
2024-04-19 11:29:36,813 - INFO - Running update.py
2024-04-19 11:29:36,813 - WARNING - Skipping parameter update this step.
2024-04-19 11:29:39,428 - INFO - Running gridsearch.py
2024-04-19 11:29:39,428 - INFO - args = {'default_params': False}
2024-04-19 11:29:43,206 - INFO - Running trainer.py (version_11).
2024-04-19 11:29:43,206 - INFO - args = {'epochs': 4000, 'monitor': 'loss/train', 'mode': 'min', 'train_size': 1.0, 'progress_bar': False, 'accelerator': 'auto', 'devices': [0], 'strategy': 'auto', 'num_nodes': 1}
2024-04-19 11:55:43,472 - INFO - Running gridsearch.py
2024-04-19 11:55:43,472 - INFO - args = {'default_params': False}
2024-04-19 11:55:47,277 - INFO - Running trainer.py (version_12).
2024-04-19 11:55:47,277 - INFO - args = {'epochs': 4000, 'monitor': 'loss/train', 'mode': 'min', 'train_size': 1.0, 'progress_bar': False, 'accelerator': 'auto', 'devices': [0], 'strategy': 'auto', 'num_nodes': 1}
2024-04-19 12:16:10,093 - INFO - Running update.py
2024-04-19 12:16:10,093 - WARNING - Skipping parameter update this step.
2024-04-19 12:16:12,692 - INFO - Running gridsearch.py
2024-04-19 12:16:12,692 - INFO - args = {'default_params': False}
2024-04-19 12:16:16,297 - INFO - Running trainer.py (version_13).
2024-04-19 12:16:16,297 - INFO - args = {'epochs': 4000, 'monitor': 'loss/train', 'mode': 'min', 'train_size': 1.0, 'progress_bar': False, 'accelerator': 'auto', 'devices': [0], 'strategy': 'auto', 'num_nodes': 1}
2024-04-19 14:10:39,347 - INFO - Running update.py
2024-04-19 14:10:39,347 - WARNING - Skipping parameter update this step.
2024-04-19 14:10:41,853 - INFO - Running gridsearch.py
2024-04-19 14:10:41,853 - INFO - args = {'default_params': False}
2024-04-19 14:10:45,470 - INFO - Running trainer.py (version_14).
2024-04-19 14:10:45,471 - INFO - args = {'epochs': 4000, 'monitor': 'loss/train', 'mode': 'min', 'train_size': 1.0, 'progress_bar': False, 'accelerator': 'auto', 'devices': [0], 'strategy': 'auto', 'num_nodes': 1}
2024-04-19 14:34:41,532 - INFO - Running update.py
2024-04-19 14:34:41,532 - INFO - args = {'max_good_loss': 0.0001, 'min_good_samples': 4, 'check_every_n_steps': 3, 'current_step': 3}
2024-04-19 14:34:45,264 - WARNING - Found 2 (< 4) good samples. Parameters will not be updated.
2024-04-19 14:34:47,927 - INFO - Running gridsearch.py
2024-04-19 14:34:47,927 - INFO - args = {'default_params': False}
2024-04-19 14:34:51,564 - INFO - Running trainer.py (version_15).
2024-04-19 14:34:51,564 - INFO - args = {'epochs': 4000, 'monitor': 'loss/train', 'mode': 'min', 'train_size': 1.0, 'progress_bar': False, 'accelerator': 'auto', 'devices': [0], 'strategy': 'auto', 'num_nodes': 1}
2024-04-19 14:50:16,950 - INFO - Running update.py
2024-04-19 14:50:16,950 - WARNING - Skipping parameter update this step.
2024-04-19 14:50:19,611 - INFO - Running gridsearch.py
2024-04-19 14:50:19,611 - INFO - args = {'default_params': False}
2024-04-19 14:50:23,281 - INFO - Running trainer.py (version_16).
2024-04-19 14:50:23,281 - INFO - args = {'epochs': 4000, 'monitor': 'loss/train', 'mode': 'min', 'train_size': 1.0, 'progress_bar': False, 'accelerator': 'auto', 'devices': [0], 'strategy': 'auto', 'num_nodes': 1}
2024-04-19 18:40:11,004 - INFO - Running update.py
2024-04-19 18:40:11,004 - WARNING - Skipping parameter update this step.
2024-04-19 18:40:13,721 - INFO - Running gridsearch.py
2024-04-19 18:40:13,721 - INFO - args = {'default_params': False}
2024-04-19 18:40:17,447 - INFO - Running trainer.py (version_17).
2024-04-19 18:40:17,447 - INFO - args = {'epochs': 4000, 'monitor': 'loss/train', 'mode': 'min', 'train_size': 1.0, 'progress_bar': False, 'accelerator': 'auto', 'devices': [0], 'strategy': 'auto', 'num_nodes': 1}
2024-04-19 21:04:33,116 - INFO - Running update.py
2024-04-19 21:04:33,116 - INFO - args = {'max_good_loss': 0.0001, 'min_good_samples': 4, 'check_every_n_steps': 3, 'current_step': 6}
2024-04-19 21:04:37,911 - WARNING - Found 2 (< 4) good samples. Parameters will not be updated.
2024-04-19 21:04:40,489 - INFO - Running gridsearch.py
2024-04-19 21:04:40,489 - INFO - args = {'default_params': False}
2024-04-19 21:04:44,142 - INFO - Running trainer.py (version_18).
2024-04-19 21:04:44,142 - INFO - args = {'epochs': 4000, 'monitor': 'loss/train', 'mode': 'min', 'train_size': 1.0, 'progress_bar': False, 'accelerator': 'auto', 'devices': [0], 'strategy': 'auto', 'num_nodes': 1}
2024-04-19 21:36:26,614 - INFO - Running update.py
2024-04-19 21:36:26,614 - WARNING - Skipping parameter update this step.
2024-04-19 21:36:29,128 - INFO - Running gridsearch.py
2024-04-19 21:36:29,128 - INFO - args = {'default_params': False}
2024-04-19 21:36:32,766 - INFO - Running trainer.py (version_19).
2024-04-19 21:36:32,766 - INFO - args = {'epochs': 4000, 'monitor': 'loss/train', 'mode': 'min', 'train_size': 1.0, 'progress_bar': False, 'accelerator': 'auto', 'devices': [0], 'strategy': 'auto', 'num_nodes': 1}
2024-04-19 23:55:53,318 - INFO - Running update.py
2024-04-19 23:55:53,318 - WARNING - Skipping parameter update this step.
2024-04-19 23:55:56,003 - INFO - Running gridsearch.py
2024-04-19 23:55:56,003 - INFO - args = {'default_params': False}
2024-04-19 23:55:59,755 - INFO - Running trainer.py (version_20).
2024-04-19 23:55:59,755 - INFO - args = {'epochs': 4000, 'monitor': 'loss/train', 'mode': 'min', 'train_size': 1.0, 'progress_bar': False, 'accelerator': 'auto', 'devices': [0], 'strategy': 'auto', 'num_nodes': 1}
2024-04-20 00:15:28,579 - INFO - Running update.py
2024-04-20 00:15:28,579 - INFO - args = {'max_good_loss': 0.0001, 'min_good_samples': 4, 'check_every_n_steps': 3, 'current_step': 9}
2024-04-20 00:15:33,857 - WARNING - Found 2 (< 4) good samples. Parameters will not be updated.
2024-04-20 00:15:36,553 - INFO - Running gridsearch.py
2024-04-20 00:15:36,553 - INFO - args = {'default_params': False}
2024-04-20 00:15:40,281 - INFO - Running trainer.py (version_21).
2024-04-20 00:15:40,281 - INFO - args = {'epochs': 4000, 'monitor': 'loss/train', 'mode': 'min', 'train_size': 1.0, 'progress_bar': False, 'accelerator': 'auto', 'devices': [0], 'strategy': 'auto', 'num_nodes': 1}
2024-04-20 00:32:51,250 - INFO - Running update.py
2024-04-20 00:32:51,250 - WARNING - Skipping parameter update this step.
2024-04-20 00:32:53,899 - INFO - Running gridsearch.py
2024-04-20 00:32:53,899 - INFO - args = {'default_params': False}
2024-04-20 00:32:57,530 - INFO - Running trainer.py (version_22).
2024-04-20 00:32:57,530 - INFO - args = {'epochs': 4000, 'monitor': 'loss/train', 'mode': 'min', 'train_size': 1.0, 'progress_bar': False, 'accelerator': 'auto', 'devices': [0], 'strategy': 'auto', 'num_nodes': 1}
2024-04-20 00:49:38,989 - INFO - Running update.py
2024-04-20 00:49:38,990 - WARNING - Skipping parameter update this step.
2024-04-20 00:49:41,633 - INFO - Running gridsearch.py
2024-04-20 00:49:41,633 - INFO - args = {'default_params': False}
2024-04-20 00:49:45,268 - INFO - Running trainer.py (version_23).
2024-04-20 00:49:45,268 - INFO - args = {'epochs': 4000, 'monitor': 'loss/train', 'mode': 'min', 'train_size': 1.0, 'progress_bar': False, 'accelerator': 'auto', 'devices': [0], 'strategy': 'auto', 'num_nodes': 1}
2024-04-20 03:32:57,857 - INFO - Running update.py
2024-04-20 03:32:57,857 - INFO - args = {'max_good_loss': 0.0001, 'min_good_samples': 4, 'check_every_n_steps': 3, 'current_step': 12}
2024-04-20 03:33:03,631 - WARNING - Found 3 (< 4) good samples. Parameters will not be updated.
2024-04-20 03:33:06,199 - INFO - Running gridsearch.py
2024-04-20 03:33:06,199 - INFO - args = {'default_params': False}
2024-04-20 03:33:09,943 - INFO - Running trainer.py (version_24).
2024-04-20 03:33:09,943 - INFO - args = {'epochs': 4000, 'monitor': 'loss/train', 'mode': 'min', 'train_size': 1.0, 'progress_bar': False, 'accelerator': 'auto', 'devices': [0], 'strategy': 'auto', 'num_nodes': 1}
2024-04-20 03:55:12,558 - INFO - Running update.py
2024-04-20 03:55:12,558 - WARNING - Skipping parameter update this step.
2024-04-20 03:55:15,188 - INFO - Running gridsearch.py
2024-04-20 03:55:15,188 - INFO - args = {'default_params': False}
2024-04-20 03:55:18,870 - INFO - Running trainer.py (version_25).
2024-04-20 03:55:18,870 - INFO - args = {'epochs': 4000, 'monitor': 'loss/train', 'mode': 'min', 'train_size': 1.0, 'progress_bar': False, 'accelerator': 'auto', 'devices': [0], 'strategy': 'auto', 'num_nodes': 1}
2024-04-20 04:20:35,350 - INFO - Running update.py
2024-04-20 04:20:35,350 - WARNING - Skipping parameter update this step.
2024-04-20 04:20:37,881 - INFO - Running gridsearch.py
2024-04-20 04:20:37,881 - INFO - args = {'default_params': False}
2024-04-20 04:20:41,547 - INFO - Running trainer.py (version_26).
2024-04-20 04:20:41,547 - INFO - args = {'epochs': 4000, 'monitor': 'loss/train', 'mode': 'min', 'train_size': 1.0, 'progress_bar': False, 'accelerator': 'auto', 'devices': [0], 'strategy': 'auto', 'num_nodes': 1}
2024-04-20 04:42:51,103 - INFO - Running update.py
2024-04-20 04:42:51,103 - INFO - args = {'max_good_loss': 0.0001, 'min_good_samples': 4, 'check_every_n_steps': 3, 'current_step': 15}
2024-04-20 04:42:57,163 - WARNING - Found 3 (< 4) good samples. Parameters will not be updated.
2024-04-20 04:42:59,739 - INFO - Running gridsearch.py
2024-04-20 04:42:59,739 - INFO - args = {'default_params': False}
2024-04-20 04:43:03,410 - INFO - Running trainer.py (version_27).
2024-04-20 04:43:03,410 - INFO - args = {'epochs': 4000, 'monitor': 'loss/train', 'mode': 'min', 'train_size': 1.0, 'progress_bar': False, 'accelerator': 'auto', 'devices': [0], 'strategy': 'auto', 'num_nodes': 1}
2024-04-20 06:20:28,807 - INFO - Running update.py
2024-04-20 06:20:28,807 - WARNING - Skipping parameter update this step.
2024-04-20 06:20:31,424 - INFO - Running gridsearch.py
2024-04-20 06:20:31,425 - INFO - args = {'default_params': False}
2024-04-20 06:20:35,074 - INFO - Running trainer.py (version_28).
2024-04-20 06:20:35,074 - INFO - args = {'epochs': 4000, 'monitor': 'loss/train', 'mode': 'min', 'train_size': 1.0, 'progress_bar': False, 'accelerator': 'auto', 'devices': [0], 'strategy': 'auto', 'num_nodes': 1}
2024-04-20 06:34:30,388 - INFO - Running update.py
2024-04-20 06:34:30,388 - WARNING - Skipping parameter update this step.
2024-04-20 06:34:33,033 - INFO - Running gridsearch.py
2024-04-20 06:34:33,033 - INFO - args = {'default_params': False}
2024-04-20 06:34:39,001 - INFO - Running trainer.py (version_29).
2024-04-20 06:34:39,001 - INFO - args = {'epochs': 4000, 'monitor': 'loss/train', 'mode': 'min', 'train_size': 1.0, 'progress_bar': False, 'accelerator': 'auto', 'devices': [0], 'strategy': 'auto', 'num_nodes': 1}
2024-04-20 07:51:41,011 - INFO - Running update.py
2024-04-20 07:51:41,011 - INFO - args = {'max_good_loss': 0.0001, 'min_good_samples': 4, 'check_every_n_steps': 3, 'current_step': 18}
2024-04-20 07:51:48,266 - WARNING - Found 5 (>= 4) good samples. Updating parameters.
2024-04-20 07:51:48,270 - INFO - Parameter intervals changed.
2024-04-20 07:51:50,827 - INFO - Running gridsearch.py
2024-04-20 07:51:50,827 - INFO - args = {'default_params': False}
2024-04-20 07:51:54,442 - INFO - Running trainer.py (version_30).
2024-04-20 07:51:54,442 - INFO - args = {'epochs': 4000, 'monitor': 'loss/train', 'mode': 'min', 'train_size': 1.0, 'progress_bar': False, 'accelerator': 'auto', 'devices': [0], 'strategy': 'auto', 'num_nodes': 1}
2024-04-20 08:01:57,689 - INFO - Running update.py
2024-04-20 08:01:57,689 - WARNING - Skipping parameter update this step.
2024-04-20 08:02:00,160 - INFO - Running gridsearch.py
2024-04-20 08:02:00,161 - INFO - args = {'default_params': False}
2024-04-20 08:02:03,713 - INFO - Running trainer.py (version_31).
2024-04-20 08:02:03,713 - INFO - args = {'epochs': 4000, 'monitor': 'loss/train', 'mode': 'min', 'train_size': 1.0, 'progress_bar': False, 'accelerator': 'auto', 'devices': [0], 'strategy': 'auto', 'num_nodes': 1}
2024-04-20 08:22:54,007 - INFO - Running update.py
2024-04-20 08:22:54,008 - WARNING - Skipping parameter update this step.
2024-04-20 08:22:56,719 - INFO - Running gridsearch.py
2024-04-20 08:22:56,719 - INFO - args = {'default_params': False}
2024-04-20 08:23:00,608 - INFO - Running trainer.py (version_32).
2024-04-20 08:23:00,608 - INFO - args = {'epochs': 4000, 'monitor': 'loss/train', 'mode': 'min', 'train_size': 1.0, 'progress_bar': False, 'accelerator': 'auto', 'devices': [0], 'strategy': 'auto', 'num_nodes': 1}
2024-04-20 09:06:37,148 - INFO - Running update.py
2024-04-20 09:06:37,148 - INFO - args = {'max_good_loss': 0.0001, 'min_good_samples': 4, 'check_every_n_steps': 3, 'current_step': 21}
2024-04-20 09:06:44,281 - WARNING - Found 5 (>= 4) good samples. Updating parameters.
2024-04-20 09:06:44,285 - INFO - Parameter intervals remained the same.
2024-04-20 09:06:46,859 - INFO - Running gridsearch.py
2024-04-20 09:06:46,859 - INFO - args = {'default_params': False}
2024-04-20 09:06:50,773 - INFO - Running trainer.py (version_33).
2024-04-20 09:06:50,773 - INFO - args = {'epochs': 4000, 'monitor': 'loss/train', 'mode': 'min', 'train_size': 1.0, 'progress_bar': False, 'accelerator': 'auto', 'devices': [0], 'strategy': 'auto', 'num_nodes': 1}
2024-04-20 10:28:04,819 - INFO - Running update.py
2024-04-20 10:28:04,819 - WARNING - Skipping parameter update this step.
2024-04-20 10:28:07,477 - INFO - Running gridsearch.py
2024-04-20 10:28:07,477 - INFO - args = {'default_params': False}
2024-04-20 10:28:11,193 - INFO - Running trainer.py (version_34).
2024-04-20 10:28:11,193 - INFO - args = {'epochs': 4000, 'monitor': 'loss/train', 'mode': 'min', 'train_size': 1.0, 'progress_bar': False, 'accelerator': 'auto', 'devices': [0], 'strategy': 'auto', 'num_nodes': 1}
2024-04-20 11:34:49,761 - INFO - Running update.py
2024-04-20 11:34:49,761 - WARNING - Skipping parameter update this step.
2024-04-20 11:34:52,345 - INFO - Running gridsearch.py
2024-04-20 11:34:52,346 - INFO - args = {'default_params': False}
2024-04-20 11:34:56,030 - INFO - Running trainer.py (version_35).
2024-04-20 11:34:56,030 - INFO - args = {'epochs': 4000, 'monitor': 'loss/train', 'mode': 'min', 'train_size': 1.0, 'progress_bar': False, 'accelerator': 'auto', 'devices': [0], 'strategy': 'auto', 'num_nodes': 1}
2024-04-20 14:40:16,901 - INFO - Running gridsearch.py
2024-04-20 14:40:16,902 - INFO - args = {'default_params': False}
2024-04-20 14:40:21,431 - INFO - Running trainer.py (version_36).
2024-04-20 14:40:21,431 - INFO - args = {'epochs': 4500, 'monitor': 'loss/train', 'mode': 'min', 'train_size': 1.0, 'progress_bar': False, 'accelerator': 'auto', 'devices': [0], 'strategy': 'auto', 'num_nodes': 1}
2024-04-20 15:56:43,672 - INFO - Running update.py
2024-04-20 15:56:43,672 - WARNING - Skipping parameter update this step.
2024-04-20 15:56:46,403 - INFO - Running gridsearch.py
2024-04-20 15:56:46,403 - INFO - args = {'default_params': False}
2024-04-20 15:56:50,329 - INFO - Running trainer.py (version_37).
2024-04-20 15:56:50,329 - INFO - args = {'epochs': 4500, 'monitor': 'loss/train', 'mode': 'min', 'train_size': 1.0, 'progress_bar': False, 'accelerator': 'auto', 'devices': [0], 'strategy': 'auto', 'num_nodes': 1}
2024-04-20 16:20:46,276 - INFO - Running update.py
2024-04-20 16:20:46,276 - WARNING - Skipping parameter update this step.
2024-04-20 16:20:49,033 - INFO - Running gridsearch.py
2024-04-20 16:20:49,033 - INFO - args = {'default_params': False}
2024-04-20 16:20:52,918 - INFO - Running trainer.py (version_38).
2024-04-20 16:20:52,918 - INFO - args = {'epochs': 4500, 'monitor': 'loss/train', 'mode': 'min', 'train_size': 1.0, 'progress_bar': False, 'accelerator': 'auto', 'devices': [0], 'strategy': 'auto', 'num_nodes': 1}
2024-04-20 16:42:37,148 - INFO - Running update.py
2024-04-20 16:42:37,148 - INFO - args = {'max_good_loss': 0.0001, 'min_good_samples': 4, 'check_every_n_steps': 3, 'current_step': 3}
2024-04-20 16:42:46,295 - WARNING - Found 5 (>= 4) good samples. Updating parameters.
2024-04-20 16:42:46,299 - INFO - Parameter intervals remained the same.
2024-04-20 16:42:49,124 - INFO - Running gridsearch.py
2024-04-20 16:42:49,124 - INFO - args = {'default_params': False}
2024-04-20 16:42:54,956 - INFO - Running trainer.py (version_39).
2024-04-20 16:42:54,956 - INFO - args = {'epochs': 4500, 'monitor': 'loss/train', 'mode': 'min', 'train_size': 1.0, 'progress_bar': False, 'accelerator': 'auto', 'devices': [0], 'strategy': 'auto', 'num_nodes': 1}
2024-04-20 17:28:44,663 - INFO - Running update.py
2024-04-20 17:28:44,663 - WARNING - Skipping parameter update this step.
2024-04-20 17:28:47,512 - INFO - Running gridsearch.py
2024-04-20 17:28:47,512 - INFO - args = {'default_params': False}
2024-04-20 17:28:51,621 - INFO - Running trainer.py (version_40).
2024-04-20 17:28:51,622 - INFO - args = {'epochs': 4500, 'monitor': 'loss/train', 'mode': 'min', 'train_size': 1.0, 'progress_bar': False, 'accelerator': 'auto', 'devices': [0], 'strategy': 'auto', 'num_nodes': 1}
2024-04-20 19:35:34,271 - INFO - Running update.py
2024-04-20 19:35:34,271 - WARNING - Skipping parameter update this step.
2024-04-20 19:35:37,079 - INFO - Running gridsearch.py
2024-04-20 19:35:37,079 - INFO - args = {'default_params': False}
2024-04-20 19:35:41,093 - INFO - Running trainer.py (version_41).
2024-04-20 19:35:41,093 - INFO - args = {'epochs': 4500, 'monitor': 'loss/train', 'mode': 'min', 'train_size': 1.0, 'progress_bar': False, 'accelerator': 'auto', 'devices': [0], 'strategy': 'auto', 'num_nodes': 1}
2024-04-20 20:21:38,271 - INFO - Running update.py
2024-04-20 20:21:38,271 - INFO - args = {'max_good_loss': 0.0001, 'min_good_samples': 4, 'check_every_n_steps': 3, 'current_step': 6}
2024-04-20 20:21:46,765 - WARNING - Found 6 (>= 4) good samples. Updating parameters.
2024-04-20 20:21:46,768 - INFO - Parameter intervals changed.
2024-04-20 20:21:49,594 - INFO - Running gridsearch.py
2024-04-20 20:21:49,594 - INFO - args = {'default_params': False}
2024-04-20 20:21:53,751 - INFO - Running trainer.py (version_42).
2024-04-20 20:21:53,751 - INFO - args = {'epochs': 4500, 'monitor': 'loss/train', 'mode': 'min', 'train_size': 1.0, 'progress_bar': False, 'accelerator': 'auto', 'devices': [0], 'strategy': 'auto', 'num_nodes': 1}
2024-04-20 20:38:52,770 - INFO - Running update.py
2024-04-20 20:38:52,770 - WARNING - Skipping parameter update this step.
2024-04-20 20:38:55,490 - INFO - Running gridsearch.py
2024-04-20 20:38:55,490 - INFO - args = {'default_params': False}
2024-04-20 20:38:59,426 - INFO - Running trainer.py (version_43).
2024-04-20 20:38:59,426 - INFO - args = {'epochs': 4500, 'monitor': 'loss/train', 'mode': 'min', 'train_size': 1.0, 'progress_bar': False, 'accelerator': 'auto', 'devices': [0], 'strategy': 'auto', 'num_nodes': 1}
2024-04-20 21:16:09,336 - INFO - Running update.py
2024-04-20 21:16:09,336 - WARNING - Skipping parameter update this step.
2024-04-20 21:16:12,140 - INFO - Running gridsearch.py
2024-04-20 21:16:12,140 - INFO - args = {'default_params': False}
2024-04-20 21:16:16,191 - INFO - Running trainer.py (version_44).
2024-04-20 21:16:16,191 - INFO - args = {'epochs': 4500, 'monitor': 'loss/train', 'mode': 'min', 'train_size': 1.0, 'progress_bar': False, 'accelerator': 'auto', 'devices': [0], 'strategy': 'auto', 'num_nodes': 1}
2024-04-20 21:36:22,525 - INFO - Running update.py
2024-04-20 21:36:22,525 - INFO - args = {'max_good_loss': 0.0001, 'min_good_samples': 4, 'check_every_n_steps': 3, 'current_step': 9}
2024-04-20 21:36:31,409 - WARNING - Found 6 (>= 4) good samples. Updating parameters.
2024-04-20 21:36:31,413 - INFO - Parameter intervals remained the same.
2024-04-20 21:36:34,170 - INFO - Running gridsearch.py
2024-04-20 21:36:34,171 - INFO - args = {'default_params': False}
2024-04-20 21:36:38,061 - INFO - Running trainer.py (version_45).
2024-04-20 21:36:38,061 - INFO - args = {'epochs': 4500, 'monitor': 'loss/train', 'mode': 'min', 'train_size': 1.0, 'progress_bar': False, 'accelerator': 'auto', 'devices': [0], 'strategy': 'auto', 'num_nodes': 1}
2024-04-20 23:29:03,686 - INFO - Running update.py
2024-04-20 23:29:03,687 - WARNING - Skipping parameter update this step.
2024-04-20 23:29:06,468 - INFO - Running gridsearch.py
2024-04-20 23:29:06,468 - INFO - args = {'default_params': False}
2024-04-20 23:29:10,416 - INFO - Running trainer.py (version_46).
2024-04-20 23:29:10,416 - INFO - args = {'epochs': 4500, 'monitor': 'loss/train', 'mode': 'min', 'train_size': 1.0, 'progress_bar': False, 'accelerator': 'auto', 'devices': [0], 'strategy': 'auto', 'num_nodes': 1}
2024-04-20 23:54:24,410 - INFO - Running update.py
2024-04-20 23:54:24,410 - WARNING - Skipping parameter update this step.
2024-04-20 23:54:27,116 - INFO - Running gridsearch.py
2024-04-20 23:54:27,116 - INFO - args = {'default_params': False}
2024-04-20 23:54:31,128 - INFO - Running trainer.py (version_47).
2024-04-20 23:54:31,128 - INFO - args = {'epochs': 4500, 'monitor': 'loss/train', 'mode': 'min', 'train_size': 1.0, 'progress_bar': False, 'accelerator': 'auto', 'devices': [0], 'strategy': 'auto', 'num_nodes': 1}
2024-04-21 00:52:32,738 - INFO - Running update.py
2024-04-21 00:52:32,738 - INFO - args = {'max_good_loss': 0.0001, 'min_good_samples': 4, 'check_every_n_steps': 3, 'current_step': 12}
2024-04-21 00:52:42,411 - WARNING - Found 8 (>= 4) good samples. Updating parameters.
2024-04-21 00:52:42,415 - INFO - Parameter intervals changed.
2024-04-21 00:52:45,132 - INFO - Running gridsearch.py
2024-04-21 00:52:45,132 - INFO - args = {'default_params': False}
2024-04-21 00:52:48,990 - INFO - Running trainer.py (version_48).
2024-04-21 00:52:48,990 - INFO - args = {'epochs': 4500, 'monitor': 'loss/train', 'mode': 'min', 'train_size': 1.0, 'progress_bar': False, 'accelerator': 'auto', 'devices': [0], 'strategy': 'auto', 'num_nodes': 1}
2024-04-21 01:06:53,673 - INFO - Running update.py
2024-04-21 01:06:53,673 - WARNING - Skipping parameter update this step.
2024-04-21 01:06:56,422 - INFO - Running gridsearch.py
2024-04-21 01:06:56,422 - INFO - args = {'default_params': False}
2024-04-21 01:07:00,298 - INFO - Running trainer.py (version_49).
2024-04-21 01:07:00,298 - INFO - args = {'epochs': 4500, 'monitor': 'loss/train', 'mode': 'min', 'train_size': 1.0, 'progress_bar': False, 'accelerator': 'auto', 'devices': [0], 'strategy': 'auto', 'num_nodes': 1}
2024-04-21 01:43:23,176 - INFO - Running update.py
2024-04-21 01:43:23,176 - WARNING - Skipping parameter update this step.
2024-04-21 01:43:25,946 - INFO - Running gridsearch.py
2024-04-21 01:43:25,947 - INFO - args = {'default_params': False}
2024-04-21 01:43:29,959 - INFO - Running trainer.py (version_50).
2024-04-21 01:43:29,959 - INFO - args = {'epochs': 4500, 'monitor': 'loss/train', 'mode': 'min', 'train_size': 1.0, 'progress_bar': False, 'accelerator': 'auto', 'devices': [0], 'strategy': 'auto', 'num_nodes': 1}
2024-04-21 02:50:22,654 - INFO - Running update.py
2024-04-21 02:50:22,654 - INFO - args = {'max_good_loss': 0.0001, 'min_good_samples': 4, 'check_every_n_steps': 3, 'current_step': 15}
2024-04-21 02:50:32,791 - WARNING - Found 9 (>= 4) good samples. Updating parameters.
2024-04-21 02:50:32,794 - INFO - Parameter intervals changed.
2024-04-21 02:50:35,633 - INFO - Running gridsearch.py
2024-04-21 02:50:35,633 - INFO - args = {'default_params': False}
2024-04-21 02:50:39,665 - INFO - Running trainer.py (version_51).
2024-04-21 02:50:39,665 - INFO - args = {'epochs': 4500, 'monitor': 'loss/train', 'mode': 'min', 'train_size': 1.0, 'progress_bar': False, 'accelerator': 'auto', 'devices': [0], 'strategy': 'auto', 'num_nodes': 1}
2024-04-21 03:41:14,437 - INFO - Running update.py
2024-04-21 03:41:14,437 - WARNING - Skipping parameter update this step.
2024-04-21 03:41:17,188 - INFO - Running gridsearch.py
2024-04-21 03:41:17,188 - INFO - args = {'default_params': False}
2024-04-21 03:41:21,157 - INFO - Running trainer.py (version_52).
2024-04-21 03:41:21,157 - INFO - args = {'epochs': 4500, 'monitor': 'loss/train', 'mode': 'min', 'train_size': 1.0, 'progress_bar': False, 'accelerator': 'auto', 'devices': [0], 'strategy': 'auto', 'num_nodes': 1}
2024-04-21 04:29:33,897 - INFO - Running update.py
2024-04-21 04:29:33,897 - WARNING - Skipping parameter update this step.
2024-04-21 04:29:36,636 - INFO - Running gridsearch.py
2024-04-21 04:29:36,636 - INFO - args = {'default_params': False}
2024-04-21 04:29:40,638 - INFO - Running trainer.py (version_53).
2024-04-21 04:29:40,638 - INFO - args = {'epochs': 4500, 'monitor': 'loss/train', 'mode': 'min', 'train_size': 1.0, 'progress_bar': False, 'accelerator': 'auto', 'devices': [0], 'strategy': 'auto', 'num_nodes': 1}
2024-04-21 05:13:32,660 - INFO - Running update.py
2024-04-21 05:13:32,661 - INFO - args = {'max_good_loss': 0.0001, 'min_good_samples': 4, 'check_every_n_steps': 3, 'current_step': 18}
2024-04-21 05:13:43,602 - WARNING - Found 11 (>= 4) good samples. Updating parameters.
2024-04-21 05:13:43,606 - INFO - Parameter intervals changed.
2024-04-21 05:13:46,466 - INFO - Running gridsearch.py
2024-04-21 05:13:46,466 - INFO - args = {'default_params': False}
2024-04-21 05:13:50,466 - INFO - Running trainer.py (version_54).
2024-04-21 05:13:50,466 - INFO - args = {'epochs': 4500, 'monitor': 'loss/train', 'mode': 'min', 'train_size': 1.0, 'progress_bar': False, 'accelerator': 'auto', 'devices': [0], 'strategy': 'auto', 'num_nodes': 1}
2024-04-21 05:42:23,905 - INFO - Running update.py
2024-04-21 05:42:23,905 - WARNING - Skipping parameter update this step.
2024-04-21 05:42:26,674 - INFO - Running gridsearch.py
2024-04-21 05:42:26,674 - INFO - args = {'default_params': False}
2024-04-21 05:42:30,645 - INFO - Running trainer.py (version_55).
2024-04-21 05:42:30,645 - INFO - args = {'epochs': 4500, 'monitor': 'loss/train', 'mode': 'min', 'train_size': 1.0, 'progress_bar': False, 'accelerator': 'auto', 'devices': [0], 'strategy': 'auto', 'num_nodes': 1}
2024-04-21 06:44:00,290 - INFO - Running update.py
2024-04-21 06:44:00,290 - WARNING - Skipping parameter update this step.
2024-04-21 06:44:03,022 - INFO - Running gridsearch.py
2024-04-21 06:44:03,022 - INFO - args = {'default_params': False}
2024-04-21 06:44:08,731 - INFO - Running trainer.py (version_56).
2024-04-21 06:44:08,731 - INFO - args = {'epochs': 4500, 'monitor': 'loss/train', 'mode': 'min', 'train_size': 1.0, 'progress_bar': False, 'accelerator': 'auto', 'devices': [0], 'strategy': 'auto', 'num_nodes': 1}
2024-04-21 07:32:59,973 - INFO - Running update.py
2024-04-21 07:32:59,973 - INFO - args = {'max_good_loss': 0.0001, 'min_good_samples': 4, 'check_every_n_steps': 3, 'current_step': 21}
2024-04-21 07:33:12,473 - WARNING - Found 12 (>= 4) good samples. Updating parameters.
2024-04-21 07:33:12,477 - INFO - Parameter intervals remained the same.
2024-04-21 07:33:15,385 - INFO - Running gridsearch.py
2024-04-21 07:33:15,385 - INFO - args = {'default_params': False}
2024-04-21 07:33:21,651 - INFO - Running trainer.py (version_57).
2024-04-21 07:33:21,651 - INFO - args = {'epochs': 4500, 'monitor': 'loss/train', 'mode': 'min', 'train_size': 1.0, 'progress_bar': False, 'accelerator': 'auto', 'devices': [0], 'strategy': 'auto', 'num_nodes': 1}
2024-04-21 08:12:50,657 - INFO - Running update.py
2024-04-21 08:12:50,657 - WARNING - Skipping parameter update this step.
2024-04-21 08:12:53,595 - INFO - Running gridsearch.py
2024-04-21 08:12:53,595 - INFO - args = {'default_params': False}
2024-04-21 08:12:57,782 - INFO - Running trainer.py (version_58).
2024-04-21 08:12:57,782 - INFO - args = {'epochs': 4500, 'monitor': 'loss/train', 'mode': 'min', 'train_size': 1.0, 'progress_bar': False, 'accelerator': 'auto', 'devices': [0], 'strategy': 'auto', 'num_nodes': 1}
2024-04-21 09:04:07,327 - INFO - Running update.py
2024-04-21 09:04:07,327 - WARNING - Skipping parameter update this step.
2024-04-21 09:04:10,230 - INFO - Running gridsearch.py
2024-04-21 09:04:10,230 - INFO - args = {'default_params': False}
2024-04-21 09:04:14,371 - INFO - Running trainer.py (version_59).
2024-04-21 09:04:14,371 - INFO - args = {'epochs': 4500, 'monitor': 'loss/train', 'mode': 'min', 'train_size': 1.0, 'progress_bar': False, 'accelerator': 'auto', 'devices': [0], 'strategy': 'auto', 'num_nodes': 1}
2024-04-21 09:57:36,271 - INFO - Running update.py
2024-04-21 09:57:36,271 - INFO - args = {'max_good_loss': 0.0001, 'min_good_samples': 4, 'check_every_n_steps': 3, 'current_step': 24}
2024-04-21 09:57:48,429 - WARNING - Found 12 (>= 4) good samples. Updating parameters.
2024-04-21 09:57:48,433 - INFO - Parameter intervals remained the same.
2024-04-21 09:57:51,233 - INFO - Running gridsearch.py
2024-04-21 09:57:51,233 - INFO - args = {'default_params': False}
2024-04-21 09:57:55,198 - INFO - Running trainer.py (version_60).
2024-04-21 09:57:55,198 - INFO - args = {'epochs': 4500, 'monitor': 'loss/train', 'mode': 'min', 'train_size': 1.0, 'progress_bar': False, 'accelerator': 'auto', 'devices': [0], 'strategy': 'auto', 'num_nodes': 1}
2024-04-21 10:19:59,827 - INFO - Running update.py
2024-04-21 10:19:59,827 - WARNING - Skipping parameter update this step.
2024-04-21 10:20:02,566 - INFO - Running gridsearch.py
2024-04-21 10:20:02,566 - INFO - args = {'default_params': False}
2024-04-21 10:20:06,608 - INFO - Running trainer.py (version_61).
2024-04-21 10:20:06,608 - INFO - args = {'epochs': 4500, 'monitor': 'loss/train', 'mode': 'min', 'train_size': 1.0, 'progress_bar': False, 'accelerator': 'auto', 'devices': [0], 'strategy': 'auto', 'num_nodes': 1}
2024-04-21 10:34:17,204 - INFO - Running update.py
2024-04-21 10:34:17,204 - WARNING - Skipping parameter update this step.
2024-04-21 10:34:20,022 - INFO - Running gridsearch.py
2024-04-21 10:34:20,022 - INFO - args = {'default_params': False}
2024-04-21 10:34:24,064 - INFO - Running trainer.py (version_62).
2024-04-21 10:34:24,064 - INFO - args = {'epochs': 4500, 'monitor': 'loss/train', 'mode': 'min', 'train_size': 1.0, 'progress_bar': False, 'accelerator': 'auto', 'devices': [0], 'strategy': 'auto', 'num_nodes': 1}
2024-04-21 10:47:35,827 - INFO - Running update.py
2024-04-21 10:47:35,827 - INFO - args = {'max_good_loss': 0.0001, 'min_good_samples': 4, 'check_every_n_steps': 3, 'current_step': 27}
2024-04-21 10:47:48,439 - WARNING - Found 12 (>= 4) good samples. Updating parameters.
2024-04-21 10:47:48,443 - INFO - Parameter intervals remained the same.
2024-04-21 10:47:51,366 - INFO - Running gridsearch.py
2024-04-21 10:47:51,366 - INFO - args = {'default_params': False}
2024-04-21 10:47:55,432 - INFO - Running trainer.py (version_63).
2024-04-21 10:47:55,432 - INFO - args = {'epochs': 4500, 'monitor': 'loss/train', 'mode': 'min', 'train_size': 1.0, 'progress_bar': False, 'accelerator': 'auto', 'devices': [0], 'strategy': 'auto', 'num_nodes': 1}
2024-04-21 11:37:53,095 - INFO - Running update.py
2024-04-21 11:37:53,095 - WARNING - Skipping parameter update this step.
2024-04-21 11:37:55,919 - INFO - Running gridsearch.py
2024-04-21 11:37:55,920 - INFO - args = {'default_params': False}
2024-04-21 11:37:59,987 - INFO - Running trainer.py (version_64).
2024-04-21 11:37:59,987 - INFO - args = {'epochs': 4500, 'monitor': 'loss/train', 'mode': 'min', 'train_size': 1.0, 'progress_bar': False, 'accelerator': 'auto', 'devices': [0], 'strategy': 'auto', 'num_nodes': 1}
2024-04-21 12:31:48,662 - INFO - Running update.py
2024-04-21 12:31:48,662 - WARNING - Skipping parameter update this step.
2024-04-21 12:31:51,441 - INFO - Running gridsearch.py
2024-04-21 12:31:51,441 - INFO - args = {'default_params': False}
2024-04-21 12:31:55,395 - INFO - Running trainer.py (version_65).
2024-04-21 12:31:55,395 - INFO - args = {'epochs': 4500, 'monitor': 'loss/train', 'mode': 'min', 'train_size': 1.0, 'progress_bar': False, 'accelerator': 'auto', 'devices': [0], 'strategy': 'auto', 'num_nodes': 1}
2024-04-21 14:02:37,469 - INFO - Running update.py
2024-04-21 14:02:37,469 - INFO - args = {'max_good_loss': 0.0001, 'min_good_samples': 4, 'check_every_n_steps': 3, 'current_step': 30}
2024-04-21 14:02:50,624 - WARNING - Found 14 (>= 4) good samples. Updating parameters.
2024-04-21 14:02:50,628 - INFO - Parameter intervals changed.
2024-04-21 14:02:53,388 - INFO - Running gridsearch.py
2024-04-21 14:02:53,388 - INFO - args = {'default_params': False}
2024-04-21 14:02:57,320 - INFO - Running trainer.py (version_66).
2024-04-21 14:02:57,320 - INFO - args = {'epochs': 4500, 'monitor': 'loss/train', 'mode': 'min', 'train_size': 1.0, 'progress_bar': False, 'accelerator': 'auto', 'devices': [0], 'strategy': 'auto', 'num_nodes': 1}
2024-04-21 14:29:56,407 - INFO - Running update.py
2024-04-21 14:29:56,407 - WARNING - Skipping parameter update this step.
2024-04-21 14:29:59,245 - INFO - Running gridsearch.py
2024-04-21 14:29:59,245 - INFO - args = {'default_params': False}
2024-04-21 14:30:03,326 - INFO - Running trainer.py (version_67).
2024-04-21 14:30:03,326 - INFO - args = {'epochs': 4500, 'monitor': 'loss/train', 'mode': 'min', 'train_size': 1.0, 'progress_bar': False, 'accelerator': 'auto', 'devices': [0], 'strategy': 'auto', 'num_nodes': 1}
2024-04-21 14:40:03,210 - INFO - Running update.py
2024-04-21 14:40:03,210 - WARNING - Skipping parameter update this step.
2024-04-21 14:40:06,066 - INFO - Running gridsearch.py
2024-04-21 14:40:06,066 - INFO - args = {'default_params': False}
2024-04-21 14:40:10,004 - INFO - Running trainer.py (version_68).
2024-04-21 14:40:10,004 - INFO - args = {'epochs': 4500, 'monitor': 'loss/train', 'mode': 'min', 'train_size': 1.0, 'progress_bar': False, 'accelerator': 'auto', 'devices': [0], 'strategy': 'auto', 'num_nodes': 1}
2024-04-21 15:29:40,537 - INFO - Running update.py
2024-04-21 15:29:40,537 - INFO - args = {'max_good_loss': 0.0001, 'min_good_samples': 4, 'check_every_n_steps': 3, 'current_step': 33}
2024-04-21 15:29:53,791 - WARNING - Found 14 (>= 4) good samples. Updating parameters.
2024-04-21 15:29:53,795 - INFO - Parameter intervals remained the same.
2024-04-21 15:29:56,525 - INFO - Running gridsearch.py
2024-04-21 15:29:56,525 - INFO - args = {'default_params': False}
2024-04-21 15:30:00,475 - INFO - Running trainer.py (version_69).
2024-04-21 15:30:00,475 - INFO - args = {'epochs': 4500, 'monitor': 'loss/train', 'mode': 'min', 'train_size': 1.0, 'progress_bar': False, 'accelerator': 'auto', 'devices': [0], 'strategy': 'auto', 'num_nodes': 1}
2024-04-21 16:04:35,140 - INFO - Running update.py
2024-04-21 16:04:35,140 - WARNING - Skipping parameter update this step.
2024-04-21 16:04:37,906 - INFO - Running gridsearch.py
2024-04-21 16:04:37,906 - INFO - args = {'default_params': False}
2024-04-21 16:04:41,956 - INFO - Running trainer.py (version_70).
2024-04-21 16:04:41,957 - INFO - args = {'epochs': 4500, 'monitor': 'loss/train', 'mode': 'min', 'train_size': 1.0, 'progress_bar': False, 'accelerator': 'auto', 'devices': [0], 'strategy': 'auto', 'num_nodes': 1}
2024-04-21 16:32:20,516 - INFO - Running update.py
2024-04-21 16:32:20,516 - WARNING - Skipping parameter update this step.
2024-04-21 16:32:23,239 - INFO - Running gridsearch.py
2024-04-21 16:32:23,239 - INFO - args = {'default_params': False}
2024-04-21 16:32:27,147 - INFO - Running trainer.py (version_71).
2024-04-21 16:32:27,147 - INFO - args = {'epochs': 4500, 'monitor': 'loss/train', 'mode': 'min', 'train_size': 1.0, 'progress_bar': False, 'accelerator': 'auto', 'devices': [0], 'strategy': 'auto', 'num_nodes': 1}
2024-04-21 17:49:58,810 - INFO - Running update.py
2024-04-21 17:49:58,811 - INFO - args = {'max_good_loss': 0.0001, 'min_good_samples': 4, 'check_every_n_steps': 3, 'current_step': 36}
2024-04-21 17:50:12,832 - WARNING - Found 15 (>= 4) good samples. Updating parameters.
2024-04-21 17:50:12,836 - INFO - Parameter intervals changed.
2024-04-21 17:50:15,628 - INFO - Running gridsearch.py
2024-04-21 17:50:15,628 - INFO - args = {'default_params': False}
2024-04-21 17:50:19,685 - INFO - Running trainer.py (version_72).
2024-04-21 17:50:19,685 - INFO - args = {'epochs': 4500, 'monitor': 'loss/train', 'mode': 'min', 'train_size': 1.0, 'progress_bar': False, 'accelerator': 'auto', 'devices': [0], 'strategy': 'auto', 'num_nodes': 1}
2024-04-21 18:53:52,652 - INFO - Running update.py
2024-04-21 18:53:52,652 - WARNING - Skipping parameter update this step.
2024-04-21 18:53:55,508 - INFO - Running gridsearch.py
2024-04-21 18:53:55,508 - INFO - args = {'default_params': False}
2024-04-21 18:53:59,698 - INFO - Running trainer.py (version_73).
2024-04-21 18:53:59,698 - INFO - args = {'epochs': 4500, 'monitor': 'loss/train', 'mode': 'min', 'train_size': 1.0, 'progress_bar': False, 'accelerator': 'auto', 'devices': [0], 'strategy': 'auto', 'num_nodes': 1}
