2024-04-25 19:34:41,460 - INFO - Running gridsearch.py
2024-04-25 19:34:41,461 - INFO - args = {'default_params': False}
2024-04-25 19:34:46,196 - INFO - Running trainer.py (version_0).
2024-04-25 19:34:46,196 - INFO - args = {'epochs': 4500, 'monitor': 'loss/train', 'mode': 'min', 'train_size': 1.0, 'progress_bar': False, 'accelerator': 'auto', 'devices': [0, 1], 'strategy': 'auto', 'num_nodes': 1}
2024-04-25 22:12:22,406 - INFO - Running update.py
2024-04-25 22:12:22,406 - WARNING - Skipping parameter update this step.
2024-04-25 22:12:24,900 - INFO - Running gridsearch.py
2024-04-25 22:12:24,901 - INFO - args = {'default_params': False}
2024-04-25 22:12:29,062 - INFO - Running trainer.py (version_1).
2024-04-25 22:12:29,062 - INFO - args = {'epochs': 4500, 'monitor': 'loss/train', 'mode': 'min', 'train_size': 1.0, 'progress_bar': False, 'accelerator': 'auto', 'devices': [0, 1], 'strategy': 'auto', 'num_nodes': 1}
2024-04-25 23:10:59,725 - INFO - Running update.py
2024-04-25 23:10:59,725 - WARNING - Skipping parameter update this step.
2024-04-25 23:11:02,203 - INFO - Running gridsearch.py
2024-04-25 23:11:02,203 - INFO - args = {'default_params': False}
2024-04-25 23:11:06,372 - INFO - Running trainer.py (version_2).
2024-04-25 23:11:06,372 - INFO - args = {'epochs': 4500, 'monitor': 'loss/train', 'mode': 'min', 'train_size': 1.0, 'progress_bar': False, 'accelerator': 'auto', 'devices': [0, 1], 'strategy': 'auto', 'num_nodes': 1}
2024-04-25 23:14:39,013 - INFO - Running update.py
2024-04-25 23:14:39,013 - INFO - args = {'max_good_loss': 1e-06, 'min_good_samples': 4, 'check_every_n_steps': 3, 'current_step': 3}
2024-04-25 23:14:40,286 - WARNING - Found 1 (< 4) good samples. Parameters will not be updated.
2024-04-25 23:14:42,764 - INFO - Running gridsearch.py
2024-04-25 23:14:42,764 - INFO - args = {'default_params': False}
2024-04-25 23:14:46,952 - INFO - Running trainer.py (version_3).
2024-04-25 23:14:46,952 - INFO - args = {'epochs': 4500, 'monitor': 'loss/train', 'mode': 'min', 'train_size': 1.0, 'progress_bar': False, 'accelerator': 'auto', 'devices': [0, 1], 'strategy': 'auto', 'num_nodes': 1}
2024-04-26 00:08:10,915 - INFO - Running update.py
2024-04-26 00:08:10,915 - WARNING - Skipping parameter update this step.
2024-04-26 00:08:13,400 - INFO - Running gridsearch.py
2024-04-26 00:08:13,400 - INFO - args = {'default_params': False}
2024-04-26 00:08:17,602 - INFO - Running trainer.py (version_4).
2024-04-26 00:08:17,602 - INFO - args = {'epochs': 4500, 'monitor': 'loss/train', 'mode': 'min', 'train_size': 1.0, 'progress_bar': False, 'accelerator': 'auto', 'devices': [0, 1], 'strategy': 'auto', 'num_nodes': 1}
2024-04-26 00:28:23,836 - INFO - Running update.py
2024-04-26 00:28:23,836 - WARNING - Skipping parameter update this step.
2024-04-26 00:28:26,359 - INFO - Running gridsearch.py
2024-04-26 00:28:26,359 - INFO - args = {'default_params': False}
2024-04-26 00:28:30,610 - INFO - Running trainer.py (version_5).
2024-04-26 00:28:30,610 - INFO - args = {'epochs': 4500, 'monitor': 'loss/train', 'mode': 'min', 'train_size': 1.0, 'progress_bar': False, 'accelerator': 'auto', 'devices': [0, 1], 'strategy': 'auto', 'num_nodes': 1}
2024-04-26 00:42:07,162 - INFO - Running update.py
2024-04-26 00:42:07,163 - INFO - args = {'max_good_loss': 1e-06, 'min_good_samples': 4, 'check_every_n_steps': 3, 'current_step': 6}
2024-04-26 00:42:09,224 - WARNING - Found 1 (< 4) good samples. Parameters will not be updated.
2024-04-26 00:42:11,786 - INFO - Running gridsearch.py
2024-04-26 00:42:11,786 - INFO - args = {'default_params': False}
2024-04-26 00:42:16,049 - INFO - Running trainer.py (version_6).
2024-04-26 00:42:16,049 - INFO - args = {'epochs': 4500, 'monitor': 'loss/train', 'mode': 'min', 'train_size': 1.0, 'progress_bar': False, 'accelerator': 'auto', 'devices': [0, 1], 'strategy': 'auto', 'num_nodes': 1}
2024-04-26 01:08:11,111 - INFO - Running update.py
2024-04-26 01:08:11,111 - WARNING - Skipping parameter update this step.
2024-04-26 01:08:13,597 - INFO - Running gridsearch.py
2024-04-26 01:08:13,597 - INFO - args = {'default_params': False}
2024-04-26 01:08:17,835 - INFO - Running trainer.py (version_7).
2024-04-26 01:08:17,835 - INFO - args = {'epochs': 4500, 'monitor': 'loss/train', 'mode': 'min', 'train_size': 1.0, 'progress_bar': False, 'accelerator': 'auto', 'devices': [0, 1], 'strategy': 'auto', 'num_nodes': 1}
2024-04-26 01:24:11,884 - INFO - Running update.py
2024-04-26 01:24:11,884 - WARNING - Skipping parameter update this step.
2024-04-26 01:24:14,379 - INFO - Running gridsearch.py
2024-04-26 01:24:14,379 - INFO - args = {'default_params': False}
2024-04-26 01:24:18,552 - INFO - Running trainer.py (version_8).
2024-04-26 01:24:18,552 - INFO - args = {'epochs': 4500, 'monitor': 'loss/train', 'mode': 'min', 'train_size': 1.0, 'progress_bar': False, 'accelerator': 'auto', 'devices': [0, 1], 'strategy': 'auto', 'num_nodes': 1}
2024-04-26 01:40:52,239 - INFO - Running update.py
2024-04-26 01:40:52,239 - INFO - args = {'max_good_loss': 1e-06, 'min_good_samples': 4, 'check_every_n_steps': 3, 'current_step': 9}
2024-04-26 01:40:54,550 - WARNING - Found 1 (< 4) good samples. Parameters will not be updated.
2024-04-26 01:40:57,041 - INFO - Running gridsearch.py
2024-04-26 01:40:57,041 - INFO - args = {'default_params': False}
2024-04-26 01:41:01,272 - INFO - Running trainer.py (version_9).
2024-04-26 01:41:01,272 - INFO - args = {'epochs': 4500, 'monitor': 'loss/train', 'mode': 'min', 'train_size': 1.0, 'progress_bar': False, 'accelerator': 'auto', 'devices': [0, 1], 'strategy': 'auto', 'num_nodes': 1}
2024-04-26 02:18:26,148 - INFO - Running update.py
2024-04-26 02:18:26,148 - WARNING - Skipping parameter update this step.
2024-04-26 02:18:28,657 - INFO - Running gridsearch.py
2024-04-26 02:18:28,657 - INFO - args = {'default_params': False}
2024-04-26 02:18:32,825 - INFO - Running trainer.py (version_10).
2024-04-26 02:18:32,825 - INFO - args = {'epochs': 4500, 'monitor': 'loss/train', 'mode': 'min', 'train_size': 1.0, 'progress_bar': False, 'accelerator': 'auto', 'devices': [0, 1], 'strategy': 'auto', 'num_nodes': 1}
2024-04-26 02:31:27,043 - INFO - Running update.py
2024-04-26 02:31:27,043 - WARNING - Skipping parameter update this step.
2024-04-26 02:31:29,533 - INFO - Running gridsearch.py
2024-04-26 02:31:29,533 - INFO - args = {'default_params': False}
2024-04-26 02:31:33,785 - INFO - Running trainer.py (version_11).
2024-04-26 02:31:33,785 - INFO - args = {'epochs': 4500, 'monitor': 'loss/train', 'mode': 'min', 'train_size': 1.0, 'progress_bar': False, 'accelerator': 'auto', 'devices': [0, 1], 'strategy': 'auto', 'num_nodes': 1}
2024-04-26 04:42:59,853 - INFO - Running update.py
2024-04-26 04:42:59,853 - INFO - args = {'max_good_loss': 1e-06, 'min_good_samples': 4, 'check_every_n_steps': 3, 'current_step': 12}
2024-04-26 04:43:03,628 - WARNING - Found 1 (< 4) good samples. Parameters will not be updated.
2024-04-26 04:43:06,106 - INFO - Running gridsearch.py
2024-04-26 04:43:06,106 - INFO - args = {'default_params': False}
2024-04-26 04:43:10,286 - INFO - Running trainer.py (version_12).
2024-04-26 04:43:10,286 - INFO - args = {'epochs': 4500, 'monitor': 'loss/train', 'mode': 'min', 'train_size': 1.0, 'progress_bar': False, 'accelerator': 'auto', 'devices': [0, 1], 'strategy': 'auto', 'num_nodes': 1}
2024-04-26 05:19:54,183 - INFO - Running update.py
2024-04-26 05:19:54,184 - WARNING - Skipping parameter update this step.
2024-04-26 05:19:56,710 - INFO - Running gridsearch.py
2024-04-26 05:19:56,711 - INFO - args = {'default_params': False}
2024-04-26 05:20:00,928 - INFO - Running trainer.py (version_13).
2024-04-26 05:20:00,928 - INFO - args = {'epochs': 4500, 'monitor': 'loss/train', 'mode': 'min', 'train_size': 1.0, 'progress_bar': False, 'accelerator': 'auto', 'devices': [0, 1], 'strategy': 'auto', 'num_nodes': 1}
2024-04-26 05:51:05,349 - INFO - Running update.py
2024-04-26 05:51:05,349 - WARNING - Skipping parameter update this step.
2024-04-26 05:51:07,787 - INFO - Running gridsearch.py
2024-04-26 05:51:07,787 - INFO - args = {'default_params': False}
2024-04-26 05:51:11,950 - INFO - Running trainer.py (version_14).
2024-04-26 05:51:11,950 - INFO - args = {'epochs': 4500, 'monitor': 'loss/train', 'mode': 'min', 'train_size': 1.0, 'progress_bar': False, 'accelerator': 'auto', 'devices': [0, 1], 'strategy': 'auto', 'num_nodes': 1}
2024-04-26 06:00:56,482 - INFO - Running update.py
2024-04-26 06:00:56,482 - INFO - args = {'max_good_loss': 1e-06, 'min_good_samples': 4, 'check_every_n_steps': 3, 'current_step': 15}
2024-04-26 06:01:01,013 - WARNING - Found 1 (< 4) good samples. Parameters will not be updated.
2024-04-26 06:01:03,525 - INFO - Running gridsearch.py
2024-04-26 06:01:03,525 - INFO - args = {'default_params': False}
2024-04-26 06:01:07,920 - INFO - Running trainer.py (version_15).
2024-04-26 06:01:07,920 - INFO - args = {'epochs': 4500, 'monitor': 'loss/train', 'mode': 'min', 'train_size': 1.0, 'progress_bar': False, 'accelerator': 'auto', 'devices': [0, 1], 'strategy': 'auto', 'num_nodes': 1}
2024-04-26 06:37:18,720 - INFO - Running update.py
2024-04-26 06:37:18,720 - WARNING - Skipping parameter update this step.
2024-04-26 06:37:21,212 - INFO - Running gridsearch.py
2024-04-26 06:37:21,212 - INFO - args = {'default_params': False}
2024-04-26 06:37:26,110 - INFO - Running trainer.py (version_16).
2024-04-26 06:37:26,110 - INFO - args = {'epochs': 4500, 'monitor': 'loss/train', 'mode': 'min', 'train_size': 1.0, 'progress_bar': False, 'accelerator': 'auto', 'devices': [0, 1], 'strategy': 'auto', 'num_nodes': 1}
2024-04-26 06:55:11,778 - INFO - Running update.py
2024-04-26 06:55:11,778 - WARNING - Skipping parameter update this step.
2024-04-26 06:55:14,267 - INFO - Running gridsearch.py
2024-04-26 06:55:14,267 - INFO - args = {'default_params': False}
2024-04-26 06:55:18,670 - INFO - Running trainer.py (version_17).
2024-04-26 06:55:18,670 - INFO - args = {'epochs': 4500, 'monitor': 'loss/train', 'mode': 'min', 'train_size': 1.0, 'progress_bar': False, 'accelerator': 'auto', 'devices': [0, 1], 'strategy': 'auto', 'num_nodes': 1}
2024-04-26 07:08:02,342 - INFO - Running update.py
2024-04-26 07:08:02,342 - INFO - args = {'max_good_loss': 1e-06, 'min_good_samples': 4, 'check_every_n_steps': 3, 'current_step': 18}
2024-04-26 07:08:07,260 - WARNING - Found 1 (< 4) good samples. Parameters will not be updated.
2024-04-26 07:08:09,804 - INFO - Running gridsearch.py
2024-04-26 07:08:09,804 - INFO - args = {'default_params': False}
2024-04-26 07:08:14,087 - INFO - Running trainer.py (version_18).
2024-04-26 07:08:14,088 - INFO - args = {'epochs': 4500, 'monitor': 'loss/train', 'mode': 'min', 'train_size': 1.0, 'progress_bar': False, 'accelerator': 'auto', 'devices': [0, 1], 'strategy': 'auto', 'num_nodes': 1}
2024-04-26 10:10:37,647 - INFO - Running update.py
2024-04-26 10:10:37,647 - WARNING - Skipping parameter update this step.
2024-04-26 10:10:40,165 - INFO - Running gridsearch.py
2024-04-26 10:10:40,165 - INFO - args = {'default_params': False}
2024-04-26 10:10:44,376 - INFO - Running trainer.py (version_19).
2024-04-26 10:10:44,376 - INFO - args = {'epochs': 4500, 'monitor': 'loss/train', 'mode': 'min', 'train_size': 1.0, 'progress_bar': False, 'accelerator': 'auto', 'devices': [0, 1], 'strategy': 'auto', 'num_nodes': 1}
2024-04-26 10:30:31,965 - INFO - Running update.py
2024-04-26 10:30:31,965 - WARNING - Skipping parameter update this step.
2024-04-26 10:30:34,509 - INFO - Running gridsearch.py
2024-04-26 10:30:34,509 - INFO - args = {'default_params': False}
2024-04-26 10:30:38,756 - INFO - Running trainer.py (version_20).
2024-04-26 10:30:38,756 - INFO - args = {'epochs': 4500, 'monitor': 'loss/train', 'mode': 'min', 'train_size': 1.0, 'progress_bar': False, 'accelerator': 'auto', 'devices': [0, 1], 'strategy': 'auto', 'num_nodes': 1}
2024-04-26 10:34:27,909 - INFO - Running update.py
2024-04-26 10:34:27,909 - INFO - args = {'max_good_loss': 1e-06, 'min_good_samples': 4, 'check_every_n_steps': 3, 'current_step': 21}
2024-04-26 10:34:33,781 - WARNING - Found 1 (< 4) good samples. Parameters will not be updated.
2024-04-26 10:34:36,291 - INFO - Running gridsearch.py
2024-04-26 10:34:36,291 - INFO - args = {'default_params': False}
2024-04-26 10:34:40,521 - INFO - Running trainer.py (version_21).
2024-04-26 10:34:40,521 - INFO - args = {'epochs': 4500, 'monitor': 'loss/train', 'mode': 'min', 'train_size': 1.0, 'progress_bar': False, 'accelerator': 'auto', 'devices': [0, 1], 'strategy': 'auto', 'num_nodes': 1}
2024-04-26 11:05:57,763 - INFO - Running update.py
2024-04-26 11:05:57,763 - WARNING - Skipping parameter update this step.
2024-04-26 11:06:00,240 - INFO - Running gridsearch.py
2024-04-26 11:06:00,240 - INFO - args = {'default_params': False}
2024-04-26 11:06:04,477 - INFO - Running trainer.py (version_22).
2024-04-26 11:06:04,477 - INFO - args = {'epochs': 4500, 'monitor': 'loss/train', 'mode': 'min', 'train_size': 1.0, 'progress_bar': False, 'accelerator': 'auto', 'devices': [0, 1], 'strategy': 'auto', 'num_nodes': 1}
2024-04-26 12:43:26,380 - INFO - Running update.py
2024-04-26 12:43:26,380 - WARNING - Skipping parameter update this step.
2024-04-26 12:43:28,921 - INFO - Running gridsearch.py
2024-04-26 12:43:28,922 - INFO - args = {'default_params': False}
2024-04-26 12:43:33,143 - INFO - Running trainer.py (version_23).
2024-04-26 12:43:33,144 - INFO - args = {'epochs': 4500, 'monitor': 'loss/train', 'mode': 'min', 'train_size': 1.0, 'progress_bar': False, 'accelerator': 'auto', 'devices': [0, 1], 'strategy': 'auto', 'num_nodes': 1}
2024-04-26 12:52:15,495 - INFO - Running update.py
2024-04-26 12:52:15,495 - INFO - args = {'max_good_loss': 1e-06, 'min_good_samples': 4, 'check_every_n_steps': 3, 'current_step': 24}
2024-04-26 12:52:22,355 - WARNING - Found 1 (< 4) good samples. Parameters will not be updated.
2024-04-26 12:52:24,857 - INFO - Running gridsearch.py
2024-04-26 12:52:24,857 - INFO - args = {'default_params': False}
2024-04-26 12:52:29,105 - INFO - Running trainer.py (version_24).
2024-04-26 12:52:29,105 - INFO - args = {'epochs': 4500, 'monitor': 'loss/train', 'mode': 'min', 'train_size': 1.0, 'progress_bar': False, 'accelerator': 'auto', 'devices': [0, 1], 'strategy': 'auto', 'num_nodes': 1}
2024-04-26 13:01:21,404 - INFO - Running update.py
2024-04-26 13:01:21,404 - WARNING - Skipping parameter update this step.
2024-04-26 13:01:23,851 - INFO - Running gridsearch.py
2024-04-26 13:01:23,851 - INFO - args = {'default_params': False}
2024-04-26 13:01:28,356 - INFO - Running trainer.py (version_25).
2024-04-26 13:01:28,356 - INFO - args = {'epochs': 4500, 'monitor': 'loss/train', 'mode': 'min', 'train_size': 1.0, 'progress_bar': False, 'accelerator': 'auto', 'devices': [0, 1], 'strategy': 'auto', 'num_nodes': 1}
2024-04-26 13:41:22,522 - INFO - Running update.py
2024-04-26 13:41:22,522 - WARNING - Skipping parameter update this step.
2024-04-26 13:41:24,976 - INFO - Running gridsearch.py
2024-04-26 13:41:24,976 - INFO - args = {'default_params': False}
2024-04-26 13:41:29,227 - INFO - Running trainer.py (version_26).
2024-04-26 13:41:29,227 - INFO - args = {'epochs': 4500, 'monitor': 'loss/train', 'mode': 'min', 'train_size': 1.0, 'progress_bar': False, 'accelerator': 'auto', 'devices': [0, 1], 'strategy': 'auto', 'num_nodes': 1}
2024-04-26 15:03:00,899 - INFO - Running update.py
2024-04-26 15:03:00,899 - INFO - args = {'max_good_loss': 1e-06, 'min_good_samples': 4, 'check_every_n_steps': 3, 'current_step': 27}
2024-04-26 15:03:08,250 - WARNING - Found 1 (< 4) good samples. Parameters will not be updated.
2024-04-26 15:03:10,709 - INFO - Running gridsearch.py
2024-04-26 15:03:10,709 - INFO - args = {'default_params': False}
2024-04-26 15:03:15,678 - INFO - Running trainer.py (version_27).
2024-04-26 15:03:15,678 - INFO - args = {'epochs': 4500, 'monitor': 'loss/train', 'mode': 'min', 'train_size': 1.0, 'progress_bar': False, 'accelerator': 'auto', 'devices': [0, 1], 'strategy': 'auto', 'num_nodes': 1}
2024-04-26 15:13:03,134 - INFO - Running update.py
2024-04-26 15:13:03,134 - WARNING - Skipping parameter update this step.
2024-04-26 15:13:05,675 - INFO - Running gridsearch.py
2024-04-26 15:13:05,675 - INFO - args = {'default_params': False}
2024-04-26 15:13:09,927 - INFO - Running trainer.py (version_28).
2024-04-26 15:13:09,927 - INFO - args = {'epochs': 4500, 'monitor': 'loss/train', 'mode': 'min', 'train_size': 1.0, 'progress_bar': False, 'accelerator': 'auto', 'devices': [0, 1], 'strategy': 'auto', 'num_nodes': 1}
2024-04-26 15:22:17,653 - INFO - Running update.py
2024-04-26 15:22:17,653 - WARNING - Skipping parameter update this step.
2024-04-26 15:22:20,135 - INFO - Running gridsearch.py
2024-04-26 15:22:20,135 - INFO - args = {'default_params': False}
2024-04-26 15:22:24,334 - INFO - Running trainer.py (version_29).
2024-04-26 15:22:24,334 - INFO - args = {'epochs': 4500, 'monitor': 'loss/train', 'mode': 'min', 'train_size': 1.0, 'progress_bar': False, 'accelerator': 'auto', 'devices': [0, 1], 'strategy': 'auto', 'num_nodes': 1}
2024-04-26 15:49:44,553 - INFO - Running update.py
2024-04-26 15:49:44,553 - INFO - args = {'max_good_loss': 1e-06, 'min_good_samples': 4, 'check_every_n_steps': 3, 'current_step': 30}
2024-04-26 15:49:52,100 - WARNING - Found 1 (< 4) good samples. Parameters will not be updated.
2024-04-26 15:49:54,646 - INFO - Running gridsearch.py
2024-04-26 15:49:54,646 - INFO - args = {'default_params': False}
2024-04-26 15:49:58,866 - INFO - Running trainer.py (version_30).
2024-04-26 15:49:58,866 - INFO - args = {'epochs': 4500, 'monitor': 'loss/train', 'mode': 'min', 'train_size': 1.0, 'progress_bar': False, 'accelerator': 'auto', 'devices': [0, 1], 'strategy': 'auto', 'num_nodes': 1}
2024-04-26 16:02:08,054 - INFO - Running update.py
2024-04-26 16:02:08,054 - WARNING - Skipping parameter update this step.
2024-04-26 16:02:10,565 - INFO - Running gridsearch.py
2024-04-26 16:02:10,565 - INFO - args = {'default_params': False}
2024-04-26 16:02:16,227 - INFO - Running trainer.py (version_31).
2024-04-26 16:02:16,228 - INFO - args = {'epochs': 4500, 'monitor': 'loss/train', 'mode': 'min', 'train_size': 1.0, 'progress_bar': False, 'accelerator': 'auto', 'devices': [0, 1], 'strategy': 'auto', 'num_nodes': 1}
2024-04-26 16:13:15,104 - INFO - Running update.py
2024-04-26 16:13:15,104 - WARNING - Skipping parameter update this step.
2024-04-26 16:13:17,578 - INFO - Running gridsearch.py
2024-04-26 16:13:17,578 - INFO - args = {'default_params': False}
2024-04-26 16:13:21,824 - INFO - Running trainer.py (version_32).
2024-04-26 16:13:21,824 - INFO - args = {'epochs': 4500, 'monitor': 'loss/train', 'mode': 'min', 'train_size': 1.0, 'progress_bar': False, 'accelerator': 'auto', 'devices': [0, 1], 'strategy': 'auto', 'num_nodes': 1}
2024-04-26 16:44:16,206 - INFO - Running update.py
2024-04-26 16:44:16,206 - INFO - args = {'max_good_loss': 1e-06, 'min_good_samples': 4, 'check_every_n_steps': 3, 'current_step': 33}
2024-04-26 16:44:24,047 - WARNING - Found 1 (< 4) good samples. Parameters will not be updated.
2024-04-26 16:44:26,535 - INFO - Running gridsearch.py
2024-04-26 16:44:26,535 - INFO - args = {'default_params': False}
2024-04-26 16:44:30,754 - INFO - Running trainer.py (version_33).
2024-04-26 16:44:30,754 - INFO - args = {'epochs': 4500, 'monitor': 'loss/train', 'mode': 'min', 'train_size': 1.0, 'progress_bar': False, 'accelerator': 'auto', 'devices': [0, 1], 'strategy': 'auto', 'num_nodes': 1}
2024-04-26 18:33:15,110 - INFO - Running update.py
2024-04-26 18:33:15,110 - WARNING - Skipping parameter update this step.
2024-04-26 18:33:17,580 - INFO - Running gridsearch.py
2024-04-26 18:33:17,580 - INFO - args = {'default_params': False}
2024-04-26 18:33:23,128 - INFO - Running trainer.py (version_34).
2024-04-26 18:33:23,128 - INFO - args = {'epochs': 4500, 'monitor': 'loss/train', 'mode': 'min', 'train_size': 1.0, 'progress_bar': False, 'accelerator': 'auto', 'devices': [0, 1], 'strategy': 'auto', 'num_nodes': 1}
2024-04-26 18:50:58,520 - INFO - Running update.py
2024-04-26 18:50:58,520 - WARNING - Skipping parameter update this step.
2024-04-26 18:51:01,015 - INFO - Running gridsearch.py
2024-04-26 18:51:01,015 - INFO - args = {'default_params': False}
2024-04-26 18:51:05,232 - INFO - Running trainer.py (version_35).
2024-04-26 18:51:05,232 - INFO - args = {'epochs': 4500, 'monitor': 'loss/train', 'mode': 'min', 'train_size': 1.0, 'progress_bar': False, 'accelerator': 'auto', 'devices': [0, 1], 'strategy': 'auto', 'num_nodes': 1}
2024-04-26 19:09:19,835 - INFO - Running update.py
2024-04-26 19:09:19,835 - INFO - args = {'max_good_loss': 1e-06, 'min_good_samples': 4, 'check_every_n_steps': 3, 'current_step': 36}
2024-04-26 19:09:28,675 - WARNING - Found 1 (< 4) good samples. Parameters will not be updated.
2024-04-26 19:09:31,220 - INFO - Running gridsearch.py
2024-04-26 19:09:31,220 - INFO - args = {'default_params': False}
2024-04-26 19:09:35,420 - INFO - Running trainer.py (version_36).
2024-04-26 19:09:35,420 - INFO - args = {'epochs': 4500, 'monitor': 'loss/train', 'mode': 'min', 'train_size': 1.0, 'progress_bar': False, 'accelerator': 'auto', 'devices': [0, 1], 'strategy': 'auto', 'num_nodes': 1}
2024-04-26 19:22:41,842 - INFO - Running update.py
2024-04-26 19:22:41,842 - WARNING - Skipping parameter update this step.
2024-04-26 19:22:44,355 - INFO - Running gridsearch.py
2024-04-26 19:22:44,356 - INFO - args = {'default_params': False}
2024-04-26 19:22:48,547 - INFO - Running trainer.py (version_37).
2024-04-26 19:22:48,547 - INFO - args = {'epochs': 4500, 'monitor': 'loss/train', 'mode': 'min', 'train_size': 1.0, 'progress_bar': False, 'accelerator': 'auto', 'devices': [0, 1], 'strategy': 'auto', 'num_nodes': 1}
2024-04-26 19:46:03,196 - INFO - Running update.py
2024-04-26 19:46:03,196 - WARNING - Skipping parameter update this step.
2024-04-26 19:46:05,701 - INFO - Running gridsearch.py
2024-04-26 19:46:05,701 - INFO - args = {'default_params': False}
2024-04-26 19:46:09,888 - INFO - Running trainer.py (version_38).
2024-04-26 19:46:09,888 - INFO - args = {'epochs': 4500, 'monitor': 'loss/train', 'mode': 'min', 'train_size': 1.0, 'progress_bar': False, 'accelerator': 'auto', 'devices': [0, 1], 'strategy': 'auto', 'num_nodes': 1}
2024-04-26 19:50:04,995 - INFO - Running update.py
2024-04-26 19:50:04,995 - INFO - args = {'max_good_loss': 1e-06, 'min_good_samples': 4, 'check_every_n_steps': 3, 'current_step': 39}
2024-04-26 19:50:14,014 - WARNING - Found 1 (< 4) good samples. Parameters will not be updated.
2024-04-26 19:50:16,539 - INFO - Running gridsearch.py
2024-04-26 19:50:16,539 - INFO - args = {'default_params': False}
2024-04-26 19:50:20,765 - INFO - Running trainer.py (version_39).
2024-04-26 19:50:20,765 - INFO - args = {'epochs': 4500, 'monitor': 'loss/train', 'mode': 'min', 'train_size': 1.0, 'progress_bar': False, 'accelerator': 'auto', 'devices': [0, 1], 'strategy': 'auto', 'num_nodes': 1}
2024-04-26 20:18:21,578 - INFO - Running update.py
2024-04-26 20:18:21,578 - WARNING - Skipping parameter update this step.
2024-04-26 20:18:24,072 - INFO - Running gridsearch.py
2024-04-26 20:18:24,072 - INFO - args = {'default_params': False}
2024-04-26 20:18:29,556 - INFO - Running trainer.py (version_40).
2024-04-26 20:18:29,556 - INFO - args = {'epochs': 4500, 'monitor': 'loss/train', 'mode': 'min', 'train_size': 1.0, 'progress_bar': False, 'accelerator': 'auto', 'devices': [0, 1], 'strategy': 'auto', 'num_nodes': 1}
2024-04-26 20:25:05,153 - INFO - Running update.py
2024-04-26 20:25:05,153 - WARNING - Skipping parameter update this step.
2024-04-26 20:25:07,740 - INFO - Running gridsearch.py
2024-04-26 20:25:07,740 - INFO - args = {'default_params': False}
2024-04-26 20:25:11,979 - INFO - Running trainer.py (version_41).
2024-04-26 20:25:11,979 - INFO - args = {'epochs': 4500, 'monitor': 'loss/train', 'mode': 'min', 'train_size': 1.0, 'progress_bar': False, 'accelerator': 'auto', 'devices': [0, 1], 'strategy': 'auto', 'num_nodes': 1}
2024-04-26 20:30:49,585 - INFO - Running update.py
2024-04-26 20:30:49,586 - INFO - args = {'max_good_loss': 1e-06, 'min_good_samples': 4, 'check_every_n_steps': 3, 'current_step': 42}
2024-04-26 20:30:59,492 - WARNING - Found 1 (< 4) good samples. Parameters will not be updated.
2024-04-26 20:31:01,949 - INFO - Running gridsearch.py
2024-04-26 20:31:01,949 - INFO - args = {'default_params': False}
2024-04-26 20:31:06,067 - INFO - Running trainer.py (version_42).
2024-04-26 20:31:06,067 - INFO - args = {'epochs': 4500, 'monitor': 'loss/train', 'mode': 'min', 'train_size': 1.0, 'progress_bar': False, 'accelerator': 'auto', 'devices': [0, 1], 'strategy': 'auto', 'num_nodes': 1}
2024-04-26 22:07:38,413 - INFO - Running update.py
2024-04-26 22:07:38,413 - WARNING - Skipping parameter update this step.
2024-04-26 22:07:40,913 - INFO - Running gridsearch.py
2024-04-26 22:07:40,913 - INFO - args = {'default_params': False}
2024-04-26 22:07:46,575 - INFO - Running trainer.py (version_43).
2024-04-26 22:07:46,575 - INFO - args = {'epochs': 4500, 'monitor': 'loss/train', 'mode': 'min', 'train_size': 1.0, 'progress_bar': False, 'accelerator': 'auto', 'devices': [0, 1], 'strategy': 'auto', 'num_nodes': 1}
2024-04-26 22:43:51,537 - INFO - Running update.py
2024-04-26 22:43:51,537 - WARNING - Skipping parameter update this step.
2024-04-26 22:43:54,061 - INFO - Running gridsearch.py
2024-04-26 22:43:54,062 - INFO - args = {'default_params': False}
2024-04-26 22:43:58,266 - INFO - Running trainer.py (version_44).
2024-04-26 22:43:58,266 - INFO - args = {'epochs': 4500, 'monitor': 'loss/train', 'mode': 'min', 'train_size': 1.0, 'progress_bar': False, 'accelerator': 'auto', 'devices': [0, 1], 'strategy': 'auto', 'num_nodes': 1}
2024-04-26 23:14:46,717 - INFO - Running update.py
2024-04-26 23:14:46,717 - INFO - args = {'max_good_loss': 1e-06, 'min_good_samples': 4, 'check_every_n_steps': 3, 'current_step': 45}
2024-04-26 23:14:57,765 - WARNING - Found 1 (< 4) good samples. Parameters will not be updated.
2024-04-26 23:15:00,302 - INFO - Running gridsearch.py
2024-04-26 23:15:00,302 - INFO - args = {'default_params': False}
2024-04-26 23:15:04,569 - INFO - Running trainer.py (version_45).
2024-04-26 23:15:04,569 - INFO - args = {'epochs': 4500, 'monitor': 'loss/train', 'mode': 'min', 'train_size': 1.0, 'progress_bar': False, 'accelerator': 'auto', 'devices': [0, 1], 'strategy': 'auto', 'num_nodes': 1}
2024-04-26 23:30:22,456 - INFO - Running update.py
2024-04-26 23:30:22,456 - WARNING - Skipping parameter update this step.
2024-04-26 23:30:24,911 - INFO - Running gridsearch.py
2024-04-26 23:30:24,912 - INFO - args = {'default_params': False}
2024-04-26 23:30:29,100 - INFO - Running trainer.py (version_46).
2024-04-26 23:30:29,100 - INFO - args = {'epochs': 4500, 'monitor': 'loss/train', 'mode': 'min', 'train_size': 1.0, 'progress_bar': False, 'accelerator': 'auto', 'devices': [0, 1], 'strategy': 'auto', 'num_nodes': 1}
2024-04-26 23:39:05,810 - INFO - Running update.py
2024-04-26 23:39:05,810 - WARNING - Skipping parameter update this step.
2024-04-26 23:39:08,319 - INFO - Running gridsearch.py
2024-04-26 23:39:08,319 - INFO - args = {'default_params': False}
2024-04-26 23:39:13,146 - INFO - Running trainer.py (version_47).
2024-04-26 23:39:13,146 - INFO - args = {'epochs': 4500, 'monitor': 'loss/train', 'mode': 'min', 'train_size': 1.0, 'progress_bar': False, 'accelerator': 'auto', 'devices': [0, 1], 'strategy': 'auto', 'num_nodes': 1}
2024-04-26 23:49:07,742 - INFO - Running update.py
2024-04-26 23:49:07,742 - INFO - args = {'max_good_loss': 1e-06, 'min_good_samples': 4, 'check_every_n_steps': 3, 'current_step': 48}
2024-04-26 23:49:19,094 - WARNING - Found 1 (< 4) good samples. Parameters will not be updated.
2024-04-26 23:49:21,608 - INFO - Running gridsearch.py
2024-04-26 23:49:21,608 - INFO - args = {'default_params': False}
2024-04-26 23:49:25,814 - INFO - Running trainer.py (version_48).
2024-04-26 23:49:25,814 - INFO - args = {'epochs': 4500, 'monitor': 'loss/train', 'mode': 'min', 'train_size': 1.0, 'progress_bar': False, 'accelerator': 'auto', 'devices': [0, 1], 'strategy': 'auto', 'num_nodes': 1}
2024-04-27 00:34:52,995 - INFO - Running update.py
2024-04-27 00:34:52,995 - WARNING - Skipping parameter update this step.
2024-04-27 00:34:55,482 - INFO - Running gridsearch.py
2024-04-27 00:34:55,482 - INFO - args = {'default_params': False}
2024-04-27 00:34:59,797 - INFO - Running trainer.py (version_49).
2024-04-27 00:34:59,798 - INFO - args = {'epochs': 4500, 'monitor': 'loss/train', 'mode': 'min', 'train_size': 1.0, 'progress_bar': False, 'accelerator': 'auto', 'devices': [0, 1], 'strategy': 'auto', 'num_nodes': 1}
2024-04-27 00:46:46,167 - INFO - Running update.py
2024-04-27 00:46:46,167 - WARNING - Skipping parameter update this step.
2024-04-27 00:46:48,621 - INFO - Running gridsearch.py
2024-04-27 00:46:48,621 - INFO - args = {'default_params': False}
2024-04-27 00:46:54,478 - INFO - Running trainer.py (version_50).
2024-04-27 00:46:54,478 - INFO - args = {'epochs': 4500, 'monitor': 'loss/train', 'mode': 'min', 'train_size': 1.0, 'progress_bar': False, 'accelerator': 'auto', 'devices': [0, 1], 'strategy': 'auto', 'num_nodes': 1}
2024-04-27 00:58:33,850 - INFO - Running update.py
2024-04-27 00:58:33,850 - INFO - args = {'max_good_loss': 1e-06, 'min_good_samples': 4, 'check_every_n_steps': 3, 'current_step': 51}
2024-04-27 00:58:45,782 - WARNING - Found 1 (< 4) good samples. Parameters will not be updated.
2024-04-27 00:58:48,325 - INFO - Running gridsearch.py
2024-04-27 00:58:48,325 - INFO - args = {'default_params': False}
2024-04-27 00:58:52,809 - INFO - Running trainer.py (version_51).
2024-04-27 00:58:52,809 - INFO - args = {'epochs': 4500, 'monitor': 'loss/train', 'mode': 'min', 'train_size': 1.0, 'progress_bar': False, 'accelerator': 'auto', 'devices': [0, 1], 'strategy': 'auto', 'num_nodes': 1}
2024-04-27 01:19:41,489 - INFO - Running update.py
2024-04-27 01:19:41,489 - WARNING - Skipping parameter update this step.
2024-04-27 01:19:43,971 - INFO - Running gridsearch.py
2024-04-27 01:19:43,971 - INFO - args = {'default_params': False}
2024-04-27 01:19:48,169 - INFO - Running trainer.py (version_52).
2024-04-27 01:19:48,170 - INFO - args = {'epochs': 4500, 'monitor': 'loss/train', 'mode': 'min', 'train_size': 1.0, 'progress_bar': False, 'accelerator': 'auto', 'devices': [0, 1], 'strategy': 'auto', 'num_nodes': 1}
2024-04-27 01:45:55,818 - INFO - Running update.py
2024-04-27 01:45:55,818 - WARNING - Skipping parameter update this step.
2024-04-27 01:45:58,265 - INFO - Running gridsearch.py
2024-04-27 01:45:58,265 - INFO - args = {'default_params': False}
2024-04-27 01:46:02,488 - INFO - Running trainer.py (version_53).
2024-04-27 01:46:02,488 - INFO - args = {'epochs': 4500, 'monitor': 'loss/train', 'mode': 'min', 'train_size': 1.0, 'progress_bar': False, 'accelerator': 'auto', 'devices': [0, 1], 'strategy': 'auto', 'num_nodes': 1}
