2024-04-18 11:47:33,971 - INFO - Running gridsearch.py
2024-04-18 11:47:33,971 - INFO - args = {'default_params': False}
2024-04-18 11:47:37,655 - INFO - Running trainer.py (version_0).
2024-04-18 11:47:37,655 - INFO - args = {'epochs': 4000, 'monitor': 'loss/train', 'mode': 'min', 'train_size': 1.0, 'progress_bar': False, 'accelerator': 'auto', 'devices': [1], 'strategy': 'auto', 'num_nodes': 1}
2024-04-18 12:11:01,402 - INFO - Running update.py
2024-04-18 12:11:01,402 - WARNING - Skipping parameter update this step.
2024-04-18 12:11:03,898 - INFO - Running gridsearch.py
2024-04-18 12:11:03,898 - INFO - args = {'default_params': False}
2024-04-18 12:11:07,397 - INFO - Running trainer.py (version_1).
2024-04-18 12:11:07,397 - INFO - args = {'epochs': 4000, 'monitor': 'loss/train', 'mode': 'min', 'train_size': 1.0, 'progress_bar': False, 'accelerator': 'auto', 'devices': [1], 'strategy': 'auto', 'num_nodes': 1}
2024-04-18 13:07:17,863 - INFO - Running update.py
2024-04-18 13:07:17,863 - WARNING - Skipping parameter update this step.
2024-04-18 13:07:20,579 - INFO - Running gridsearch.py
2024-04-18 13:07:20,580 - INFO - args = {'default_params': False}
2024-04-18 13:07:24,315 - INFO - Running trainer.py (version_2).
2024-04-18 13:07:24,315 - INFO - args = {'epochs': 4000, 'monitor': 'loss/train', 'mode': 'min', 'train_size': 1.0, 'progress_bar': False, 'accelerator': 'auto', 'devices': [1], 'strategy': 'auto', 'num_nodes': 1}
2024-04-18 13:23:47,302 - INFO - Running update.py
2024-04-18 13:23:47,302 - INFO - args = {'max_good_loss': 0.0001, 'min_good_samples': 4, 'check_every_n_steps': 3, 'current_step': 3}
2024-04-18 13:23:47,540 - WARNING - Found 0 (< 4) good samples. Parameters will not be updated.
2024-04-18 13:23:50,226 - INFO - Running gridsearch.py
2024-04-18 13:23:50,226 - INFO - args = {'default_params': False}
2024-04-18 13:23:54,136 - INFO - Running trainer.py (version_3).
2024-04-18 13:23:54,136 - INFO - args = {'epochs': 4000, 'monitor': 'loss/train', 'mode': 'min', 'train_size': 1.0, 'progress_bar': False, 'accelerator': 'auto', 'devices': [1], 'strategy': 'auto', 'num_nodes': 1}
2024-04-18 16:44:04,486 - INFO - Running update.py
2024-04-18 16:44:04,486 - WARNING - Skipping parameter update this step.
2024-04-18 16:44:07,021 - INFO - Running gridsearch.py
2024-04-18 16:44:07,021 - INFO - args = {'default_params': False}
2024-04-18 16:44:10,691 - INFO - Running trainer.py (version_4).
2024-04-18 16:44:10,691 - INFO - args = {'epochs': 4000, 'monitor': 'loss/train', 'mode': 'min', 'train_size': 1.0, 'progress_bar': False, 'accelerator': 'auto', 'devices': [1], 'strategy': 'auto', 'num_nodes': 1}
2024-04-18 16:56:18,331 - INFO - Running update.py
2024-04-18 16:56:18,331 - WARNING - Skipping parameter update this step.
2024-04-18 16:56:20,879 - INFO - Running gridsearch.py
2024-04-18 16:56:20,879 - INFO - args = {'default_params': False}
2024-04-18 16:56:24,646 - INFO - Running trainer.py (version_5).
2024-04-18 16:56:24,646 - INFO - args = {'epochs': 4000, 'monitor': 'loss/train', 'mode': 'min', 'train_size': 1.0, 'progress_bar': False, 'accelerator': 'auto', 'devices': [1], 'strategy': 'auto', 'num_nodes': 1}
2024-04-18 18:49:39,361 - INFO - Running update.py
2024-04-18 18:49:39,361 - INFO - args = {'max_good_loss': 0.0001, 'min_good_samples': 4, 'check_every_n_steps': 3, 'current_step': 6}
2024-04-18 18:49:40,515 - WARNING - Found 0 (< 4) good samples. Parameters will not be updated.
2024-04-18 18:49:43,092 - INFO - Running gridsearch.py
2024-04-18 18:49:43,092 - INFO - args = {'default_params': False}
2024-04-18 18:49:46,752 - INFO - Running trainer.py (version_6).
2024-04-18 18:49:46,752 - INFO - args = {'epochs': 4000, 'monitor': 'loss/train', 'mode': 'min', 'train_size': 1.0, 'progress_bar': False, 'accelerator': 'auto', 'devices': [1], 'strategy': 'auto', 'num_nodes': 1}
2024-04-18 19:47:50,178 - INFO - Running update.py
2024-04-18 19:47:50,178 - WARNING - Skipping parameter update this step.
2024-04-18 19:47:52,787 - INFO - Running gridsearch.py
2024-04-18 19:47:52,787 - INFO - args = {'default_params': False}
2024-04-18 19:47:56,478 - INFO - Running trainer.py (version_7).
2024-04-18 19:47:56,479 - INFO - args = {'epochs': 4000, 'monitor': 'loss/train', 'mode': 'min', 'train_size': 1.0, 'progress_bar': False, 'accelerator': 'auto', 'devices': [1], 'strategy': 'auto', 'num_nodes': 1}
2024-04-18 22:26:56,482 - INFO - Running update.py
2024-04-18 22:26:56,482 - WARNING - Skipping parameter update this step.
2024-04-18 22:26:59,002 - INFO - Running gridsearch.py
2024-04-18 22:26:59,002 - INFO - args = {'default_params': False}
2024-04-18 22:27:02,705 - INFO - Running trainer.py (version_8).
2024-04-18 22:27:02,705 - INFO - args = {'epochs': 4000, 'monitor': 'loss/train', 'mode': 'min', 'train_size': 1.0, 'progress_bar': False, 'accelerator': 'auto', 'devices': [1], 'strategy': 'auto', 'num_nodes': 1}
2024-04-18 22:56:18,995 - INFO - Running update.py
2024-04-18 22:56:18,995 - INFO - args = {'max_good_loss': 0.0001, 'min_good_samples': 4, 'check_every_n_steps': 3, 'current_step': 9}
2024-04-18 22:56:20,726 - WARNING - Found 1 (< 4) good samples. Parameters will not be updated.
2024-04-18 22:56:23,262 - INFO - Running gridsearch.py
2024-04-18 22:56:23,262 - INFO - args = {'default_params': False}
2024-04-18 22:56:26,844 - INFO - Running trainer.py (version_9).
2024-04-18 22:56:26,844 - INFO - args = {'epochs': 4000, 'monitor': 'loss/train', 'mode': 'min', 'train_size': 1.0, 'progress_bar': False, 'accelerator': 'auto', 'devices': [1], 'strategy': 'auto', 'num_nodes': 1}
2024-04-19 01:25:15,766 - INFO - Running update.py
2024-04-19 01:25:15,766 - WARNING - Skipping parameter update this step.
2024-04-19 01:25:18,370 - INFO - Running gridsearch.py
2024-04-19 01:25:18,371 - INFO - args = {'default_params': False}
2024-04-19 01:25:22,037 - INFO - Running trainer.py (version_10).
2024-04-19 01:25:22,037 - INFO - args = {'epochs': 4000, 'monitor': 'loss/train', 'mode': 'min', 'train_size': 1.0, 'progress_bar': False, 'accelerator': 'auto', 'devices': [1], 'strategy': 'auto', 'num_nodes': 1}
2024-04-19 01:54:26,763 - INFO - Running update.py
2024-04-19 01:54:26,764 - WARNING - Skipping parameter update this step.
2024-04-19 01:54:29,277 - INFO - Running gridsearch.py
2024-04-19 01:54:29,277 - INFO - args = {'default_params': False}
2024-04-19 01:54:32,773 - INFO - Running trainer.py (version_11).
2024-04-19 01:54:32,773 - INFO - args = {'epochs': 4000, 'monitor': 'loss/train', 'mode': 'min', 'train_size': 1.0, 'progress_bar': False, 'accelerator': 'auto', 'devices': [1], 'strategy': 'auto', 'num_nodes': 1}
2024-04-19 02:15:59,381 - INFO - Running update.py
2024-04-19 02:15:59,381 - INFO - args = {'max_good_loss': 0.0001, 'min_good_samples': 4, 'check_every_n_steps': 3, 'current_step': 12}
2024-04-19 02:16:01,716 - WARNING - Found 1 (< 4) good samples. Parameters will not be updated.
2024-04-19 02:16:04,209 - INFO - Running gridsearch.py
2024-04-19 02:16:04,209 - INFO - args = {'default_params': False}
2024-04-19 02:16:07,827 - INFO - Running trainer.py (version_12).
2024-04-19 02:16:07,827 - INFO - args = {'epochs': 4000, 'monitor': 'loss/train', 'mode': 'min', 'train_size': 1.0, 'progress_bar': False, 'accelerator': 'auto', 'devices': [1], 'strategy': 'auto', 'num_nodes': 1}
2024-04-19 03:00:07,309 - INFO - Running update.py
2024-04-19 03:00:07,309 - WARNING - Skipping parameter update this step.
2024-04-19 03:00:09,929 - INFO - Running gridsearch.py
2024-04-19 03:00:09,929 - INFO - args = {'default_params': False}
2024-04-19 03:00:13,561 - INFO - Running trainer.py (version_13).
2024-04-19 03:00:13,561 - INFO - args = {'epochs': 4000, 'monitor': 'loss/train', 'mode': 'min', 'train_size': 1.0, 'progress_bar': False, 'accelerator': 'auto', 'devices': [1], 'strategy': 'auto', 'num_nodes': 1}
2024-04-19 03:13:25,404 - INFO - Running update.py
2024-04-19 03:13:25,404 - WARNING - Skipping parameter update this step.
2024-04-19 03:13:27,967 - INFO - Running gridsearch.py
2024-04-19 03:13:27,967 - INFO - args = {'default_params': False}
2024-04-19 03:13:31,456 - INFO - Running trainer.py (version_14).
2024-04-19 03:13:31,456 - INFO - args = {'epochs': 4000, 'monitor': 'loss/train', 'mode': 'min', 'train_size': 1.0, 'progress_bar': False, 'accelerator': 'auto', 'devices': [1], 'strategy': 'auto', 'num_nodes': 1}
2024-04-19 11:55:46,569 - INFO - Running gridsearch.py
2024-04-19 11:55:46,569 - INFO - args = {'default_params': False}
2024-04-19 11:55:50,365 - INFO - Running trainer.py (version_15).
2024-04-19 11:55:50,366 - INFO - args = {'epochs': 4000, 'monitor': 'loss/train', 'mode': 'min', 'train_size': 1.0, 'progress_bar': False, 'accelerator': 'auto', 'devices': [1], 'strategy': 'auto', 'num_nodes': 1}
2024-04-19 12:23:01,815 - INFO - Running update.py
2024-04-19 12:23:01,816 - WARNING - Skipping parameter update this step.
2024-04-19 12:23:04,427 - INFO - Running gridsearch.py
2024-04-19 12:23:04,427 - INFO - args = {'default_params': False}
2024-04-19 12:23:08,227 - INFO - Running trainer.py (version_16).
2024-04-19 12:23:08,227 - INFO - args = {'epochs': 4000, 'monitor': 'loss/train', 'mode': 'min', 'train_size': 1.0, 'progress_bar': False, 'accelerator': 'auto', 'devices': [1], 'strategy': 'auto', 'num_nodes': 1}
2024-04-19 12:40:08,793 - INFO - Running update.py
2024-04-19 12:40:08,793 - WARNING - Skipping parameter update this step.
2024-04-19 12:40:11,397 - INFO - Running gridsearch.py
2024-04-19 12:40:11,397 - INFO - args = {'default_params': False}
2024-04-19 12:40:15,126 - INFO - Running trainer.py (version_17).
2024-04-19 12:40:15,126 - INFO - args = {'epochs': 4000, 'monitor': 'loss/train', 'mode': 'min', 'train_size': 1.0, 'progress_bar': False, 'accelerator': 'auto', 'devices': [1], 'strategy': 'auto', 'num_nodes': 1}
2024-04-19 13:32:59,462 - INFO - Running update.py
2024-04-19 13:32:59,462 - INFO - args = {'max_good_loss': 0.0001, 'min_good_samples': 4, 'check_every_n_steps': 3, 'current_step': 3}
2024-04-19 13:33:02,746 - WARNING - Found 1 (< 4) good samples. Parameters will not be updated.
2024-04-19 13:33:05,300 - INFO - Running gridsearch.py
2024-04-19 13:33:05,300 - INFO - args = {'default_params': False}
2024-04-19 13:33:08,940 - INFO - Running trainer.py (version_18).
2024-04-19 13:33:08,940 - INFO - args = {'epochs': 4000, 'monitor': 'loss/train', 'mode': 'min', 'train_size': 1.0, 'progress_bar': False, 'accelerator': 'auto', 'devices': [1], 'strategy': 'auto', 'num_nodes': 1}
2024-04-19 17:01:19,499 - INFO - Running update.py
2024-04-19 17:01:19,499 - WARNING - Skipping parameter update this step.
2024-04-19 17:01:22,035 - INFO - Running gridsearch.py
2024-04-19 17:01:22,035 - INFO - args = {'default_params': False}
2024-04-19 17:01:28,202 - INFO - Running trainer.py (version_19).
2024-04-19 17:01:28,202 - INFO - args = {'epochs': 4000, 'monitor': 'loss/train', 'mode': 'min', 'train_size': 1.0, 'progress_bar': False, 'accelerator': 'auto', 'devices': [1], 'strategy': 'auto', 'num_nodes': 1}
2024-04-19 17:18:06,592 - INFO - Running update.py
2024-04-19 17:18:06,592 - WARNING - Skipping parameter update this step.
2024-04-19 17:18:09,174 - INFO - Running gridsearch.py
2024-04-19 17:18:09,175 - INFO - args = {'default_params': False}
2024-04-19 17:18:12,849 - INFO - Running trainer.py (version_20).
2024-04-19 17:18:12,849 - INFO - args = {'epochs': 4000, 'monitor': 'loss/train', 'mode': 'min', 'train_size': 1.0, 'progress_bar': False, 'accelerator': 'auto', 'devices': [1], 'strategy': 'auto', 'num_nodes': 1}
2024-04-19 19:55:37,976 - INFO - Running update.py
2024-04-19 19:55:37,976 - INFO - args = {'max_good_loss': 0.0001, 'min_good_samples': 4, 'check_every_n_steps': 3, 'current_step': 6}
2024-04-19 19:55:42,146 - WARNING - Found 2 (< 4) good samples. Parameters will not be updated.
2024-04-19 19:55:44,697 - INFO - Running gridsearch.py
2024-04-19 19:55:44,697 - INFO - args = {'default_params': False}
2024-04-19 19:55:48,391 - INFO - Running trainer.py (version_21).
2024-04-19 19:55:48,391 - INFO - args = {'epochs': 4000, 'monitor': 'loss/train', 'mode': 'min', 'train_size': 1.0, 'progress_bar': False, 'accelerator': 'auto', 'devices': [1], 'strategy': 'auto', 'num_nodes': 1}
2024-04-19 22:28:58,110 - INFO - Running update.py
2024-04-19 22:28:58,110 - WARNING - Skipping parameter update this step.
2024-04-19 22:29:00,711 - INFO - Running gridsearch.py
2024-04-19 22:29:00,711 - INFO - args = {'default_params': False}
2024-04-19 22:29:04,373 - INFO - Running trainer.py (version_22).
2024-04-19 22:29:04,373 - INFO - args = {'epochs': 4000, 'monitor': 'loss/train', 'mode': 'min', 'train_size': 1.0, 'progress_bar': False, 'accelerator': 'auto', 'devices': [1], 'strategy': 'auto', 'num_nodes': 1}
2024-04-20 02:53:43,564 - INFO - Running update.py
2024-04-20 02:53:43,564 - WARNING - Skipping parameter update this step.
2024-04-20 02:53:46,093 - INFO - Running gridsearch.py
2024-04-20 02:53:46,093 - INFO - args = {'default_params': False}
2024-04-20 02:53:49,659 - INFO - Running trainer.py (version_23).
2024-04-20 02:53:49,659 - INFO - args = {'epochs': 4000, 'monitor': 'loss/train', 'mode': 'min', 'train_size': 1.0, 'progress_bar': False, 'accelerator': 'auto', 'devices': [1], 'strategy': 'auto', 'num_nodes': 1}
2024-04-20 03:16:08,190 - INFO - Running update.py
2024-04-20 03:16:08,190 - INFO - args = {'max_good_loss': 0.0001, 'min_good_samples': 4, 'check_every_n_steps': 3, 'current_step': 9}
2024-04-20 03:16:13,350 - WARNING - Found 2 (< 4) good samples. Parameters will not be updated.
2024-04-20 03:16:15,868 - INFO - Running gridsearch.py
2024-04-20 03:16:15,868 - INFO - args = {'default_params': False}
2024-04-20 03:16:19,455 - INFO - Running trainer.py (version_24).
2024-04-20 03:16:19,455 - INFO - args = {'epochs': 4000, 'monitor': 'loss/train', 'mode': 'min', 'train_size': 1.0, 'progress_bar': False, 'accelerator': 'auto', 'devices': [1], 'strategy': 'auto', 'num_nodes': 1}
2024-04-20 05:02:34,333 - INFO - Running update.py
2024-04-20 05:02:34,333 - WARNING - Skipping parameter update this step.
2024-04-20 05:02:36,830 - INFO - Running gridsearch.py
2024-04-20 05:02:36,831 - INFO - args = {'default_params': False}
2024-04-20 05:02:40,359 - INFO - Running trainer.py (version_25).
2024-04-20 05:02:40,359 - INFO - args = {'epochs': 4000, 'monitor': 'loss/train', 'mode': 'min', 'train_size': 1.0, 'progress_bar': False, 'accelerator': 'auto', 'devices': [1], 'strategy': 'auto', 'num_nodes': 1}
2024-04-20 07:07:02,541 - INFO - Running update.py
2024-04-20 07:07:02,541 - WARNING - Skipping parameter update this step.
2024-04-20 07:07:05,097 - INFO - Running gridsearch.py
2024-04-20 07:07:05,097 - INFO - args = {'default_params': False}
2024-04-20 07:07:09,572 - INFO - Running trainer.py (version_26).
2024-04-20 07:07:09,572 - INFO - args = {'epochs': 4000, 'monitor': 'loss/train', 'mode': 'min', 'train_size': 1.0, 'progress_bar': False, 'accelerator': 'auto', 'devices': [1], 'strategy': 'auto', 'num_nodes': 1}
2024-04-20 07:24:24,893 - INFO - Running update.py
2024-04-20 07:24:24,893 - INFO - args = {'max_good_loss': 0.0001, 'min_good_samples': 4, 'check_every_n_steps': 3, 'current_step': 12}
2024-04-20 07:24:31,070 - WARNING - Found 2 (< 4) good samples. Parameters will not be updated.
2024-04-20 07:24:33,753 - INFO - Running gridsearch.py
2024-04-20 07:24:33,753 - INFO - args = {'default_params': False}
2024-04-20 07:24:38,745 - INFO - Running trainer.py (version_27).
2024-04-20 07:24:38,745 - INFO - args = {'epochs': 4000, 'monitor': 'loss/train', 'mode': 'min', 'train_size': 1.0, 'progress_bar': False, 'accelerator': 'auto', 'devices': [1], 'strategy': 'auto', 'num_nodes': 1}
2024-04-20 07:39:08,831 - INFO - Running update.py
2024-04-20 07:39:08,831 - WARNING - Skipping parameter update this step.
2024-04-20 07:39:11,340 - INFO - Running gridsearch.py
2024-04-20 07:39:11,340 - INFO - args = {'default_params': False}
2024-04-20 07:39:14,920 - INFO - Running trainer.py (version_28).
2024-04-20 07:39:14,920 - INFO - args = {'epochs': 4000, 'monitor': 'loss/train', 'mode': 'min', 'train_size': 1.0, 'progress_bar': False, 'accelerator': 'auto', 'devices': [1], 'strategy': 'auto', 'num_nodes': 1}
2024-04-20 08:04:46,994 - INFO - Running update.py
2024-04-20 08:04:46,994 - WARNING - Skipping parameter update this step.
2024-04-20 08:04:49,553 - INFO - Running gridsearch.py
2024-04-20 08:04:49,553 - INFO - args = {'default_params': False}
2024-04-20 08:04:53,189 - INFO - Running trainer.py (version_29).
2024-04-20 08:04:53,189 - INFO - args = {'epochs': 4000, 'monitor': 'loss/train', 'mode': 'min', 'train_size': 1.0, 'progress_bar': False, 'accelerator': 'auto', 'devices': [1], 'strategy': 'auto', 'num_nodes': 1}
2024-04-20 10:31:48,128 - INFO - Running update.py
2024-04-20 10:31:48,128 - INFO - args = {'max_good_loss': 0.0001, 'min_good_samples': 4, 'check_every_n_steps': 3, 'current_step': 15}
2024-04-20 10:31:54,790 - WARNING - Found 2 (< 4) good samples. Parameters will not be updated.
2024-04-20 10:31:57,289 - INFO - Running gridsearch.py
2024-04-20 10:31:57,289 - INFO - args = {'default_params': False}
2024-04-20 10:32:00,782 - INFO - Running trainer.py (version_30).
2024-04-20 10:32:00,782 - INFO - args = {'epochs': 4000, 'monitor': 'loss/train', 'mode': 'min', 'train_size': 1.0, 'progress_bar': False, 'accelerator': 'auto', 'devices': [1], 'strategy': 'auto', 'num_nodes': 1}
2024-04-20 11:48:09,154 - INFO - Running update.py
2024-04-20 11:48:09,154 - WARNING - Skipping parameter update this step.
2024-04-20 11:48:11,674 - INFO - Running gridsearch.py
2024-04-20 11:48:11,674 - INFO - args = {'default_params': False}
2024-04-20 11:48:15,320 - INFO - Running trainer.py (version_31).
2024-04-20 11:48:15,320 - INFO - args = {'epochs': 4000, 'monitor': 'loss/train', 'mode': 'min', 'train_size': 1.0, 'progress_bar': False, 'accelerator': 'auto', 'devices': [1], 'strategy': 'auto', 'num_nodes': 1}
2024-04-20 14:40:19,929 - INFO - Running gridsearch.py
2024-04-20 14:40:19,929 - INFO - args = {'default_params': False}
2024-04-20 14:40:23,479 - INFO - Running trainer.py (version_32).
2024-04-20 14:40:23,479 - INFO - args = {'epochs': 4500, 'monitor': 'loss/train', 'mode': 'min', 'train_size': 1.0, 'progress_bar': False, 'accelerator': 'auto', 'devices': [1], 'strategy': 'auto', 'num_nodes': 1}
2024-04-20 14:50:04,041 - INFO - Running update.py
2024-04-20 14:50:04,041 - WARNING - Skipping parameter update this step.
2024-04-20 14:50:06,611 - INFO - Running gridsearch.py
2024-04-20 14:50:06,611 - INFO - args = {'default_params': False}
2024-04-20 14:50:10,045 - INFO - Running trainer.py (version_33).
2024-04-20 14:50:10,045 - INFO - args = {'epochs': 4500, 'monitor': 'loss/train', 'mode': 'min', 'train_size': 1.0, 'progress_bar': False, 'accelerator': 'auto', 'devices': [1], 'strategy': 'auto', 'num_nodes': 1}
2024-04-20 15:07:21,017 - INFO - Running update.py
2024-04-20 15:07:21,018 - WARNING - Skipping parameter update this step.
2024-04-20 15:07:23,504 - INFO - Running gridsearch.py
2024-04-20 15:07:23,504 - INFO - args = {'default_params': False}
2024-04-20 15:07:26,984 - INFO - Running trainer.py (version_34).
2024-04-20 15:07:26,984 - INFO - args = {'epochs': 4500, 'monitor': 'loss/train', 'mode': 'min', 'train_size': 1.0, 'progress_bar': False, 'accelerator': 'auto', 'devices': [1], 'strategy': 'auto', 'num_nodes': 1}
2024-04-20 16:17:38,956 - INFO - Running update.py
2024-04-20 16:17:38,956 - INFO - args = {'max_good_loss': 0.0001, 'min_good_samples': 4, 'check_every_n_steps': 3, 'current_step': 3}
2024-04-20 16:17:46,383 - WARNING - Found 2 (< 4) good samples. Parameters will not be updated.
2024-04-20 16:17:48,810 - INFO - Running gridsearch.py
2024-04-20 16:17:48,810 - INFO - args = {'default_params': False}
2024-04-20 16:17:52,302 - INFO - Running trainer.py (version_35).
2024-04-20 16:17:52,302 - INFO - args = {'epochs': 4500, 'monitor': 'loss/train', 'mode': 'min', 'train_size': 1.0, 'progress_bar': False, 'accelerator': 'auto', 'devices': [1], 'strategy': 'auto', 'num_nodes': 1}
2024-04-20 18:52:54,598 - INFO - Running update.py
2024-04-20 18:52:54,598 - WARNING - Skipping parameter update this step.
2024-04-20 18:52:57,093 - INFO - Running gridsearch.py
2024-04-20 18:52:57,093 - INFO - args = {'default_params': False}
2024-04-20 18:53:00,686 - INFO - Running trainer.py (version_36).
2024-04-20 18:53:00,686 - INFO - args = {'epochs': 4500, 'monitor': 'loss/train', 'mode': 'min', 'train_size': 1.0, 'progress_bar': False, 'accelerator': 'auto', 'devices': [1], 'strategy': 'auto', 'num_nodes': 1}
2024-04-20 19:10:30,492 - INFO - Running update.py
2024-04-20 19:10:30,492 - WARNING - Skipping parameter update this step.
2024-04-20 19:10:32,990 - INFO - Running gridsearch.py
2024-04-20 19:10:32,990 - INFO - args = {'default_params': False}
2024-04-20 19:10:36,497 - INFO - Running trainer.py (version_37).
2024-04-20 19:10:36,497 - INFO - args = {'epochs': 4500, 'monitor': 'loss/train', 'mode': 'min', 'train_size': 1.0, 'progress_bar': False, 'accelerator': 'auto', 'devices': [1], 'strategy': 'auto', 'num_nodes': 1}
2024-04-20 19:23:43,058 - INFO - Running update.py
2024-04-20 19:23:43,058 - INFO - args = {'max_good_loss': 0.0001, 'min_good_samples': 4, 'check_every_n_steps': 3, 'current_step': 6}
2024-04-20 19:23:51,047 - WARNING - Found 2 (< 4) good samples. Parameters will not be updated.
2024-04-20 19:23:53,492 - INFO - Running gridsearch.py
2024-04-20 19:23:53,492 - INFO - args = {'default_params': False}
2024-04-20 19:23:56,905 - INFO - Running trainer.py (version_38).
2024-04-20 19:23:56,905 - INFO - args = {'epochs': 4500, 'monitor': 'loss/train', 'mode': 'min', 'train_size': 1.0, 'progress_bar': False, 'accelerator': 'auto', 'devices': [1], 'strategy': 'auto', 'num_nodes': 1}
2024-04-20 21:22:14,111 - INFO - Running update.py
2024-04-20 21:22:14,111 - WARNING - Skipping parameter update this step.
2024-04-20 21:22:16,545 - INFO - Running gridsearch.py
2024-04-20 21:22:16,545 - INFO - args = {'default_params': False}
2024-04-20 21:22:19,974 - INFO - Running trainer.py (version_39).
2024-04-20 21:22:19,974 - INFO - args = {'epochs': 4500, 'monitor': 'loss/train', 'mode': 'min', 'train_size': 1.0, 'progress_bar': False, 'accelerator': 'auto', 'devices': [1], 'strategy': 'auto', 'num_nodes': 1}
2024-04-20 21:31:53,836 - INFO - Running update.py
2024-04-20 21:31:53,836 - WARNING - Skipping parameter update this step.
2024-04-20 21:31:56,224 - INFO - Running gridsearch.py
2024-04-20 21:31:56,224 - INFO - args = {'default_params': False}
2024-04-20 21:31:59,622 - INFO - Running trainer.py (version_40).
2024-04-20 21:31:59,623 - INFO - args = {'epochs': 4500, 'monitor': 'loss/train', 'mode': 'min', 'train_size': 1.0, 'progress_bar': False, 'accelerator': 'auto', 'devices': [1], 'strategy': 'auto', 'num_nodes': 1}
2024-04-20 21:43:22,038 - INFO - Running update.py
2024-04-20 21:43:22,038 - INFO - args = {'max_good_loss': 0.0001, 'min_good_samples': 4, 'check_every_n_steps': 3, 'current_step': 9}
2024-04-20 21:43:30,680 - WARNING - Found 2 (< 4) good samples. Parameters will not be updated.
2024-04-20 21:43:33,182 - INFO - Running gridsearch.py
2024-04-20 21:43:33,182 - INFO - args = {'default_params': False}
2024-04-20 21:43:36,761 - INFO - Running trainer.py (version_41).
2024-04-20 21:43:36,761 - INFO - args = {'epochs': 4500, 'monitor': 'loss/train', 'mode': 'min', 'train_size': 1.0, 'progress_bar': False, 'accelerator': 'auto', 'devices': [1], 'strategy': 'auto', 'num_nodes': 1}
2024-04-20 21:57:49,516 - INFO - Running update.py
2024-04-20 21:57:49,516 - WARNING - Skipping parameter update this step.
2024-04-20 21:57:52,009 - INFO - Running gridsearch.py
2024-04-20 21:57:52,010 - INFO - args = {'default_params': False}
2024-04-20 21:57:55,529 - INFO - Running trainer.py (version_42).
2024-04-20 21:57:55,529 - INFO - args = {'epochs': 4500, 'monitor': 'loss/train', 'mode': 'min', 'train_size': 1.0, 'progress_bar': False, 'accelerator': 'auto', 'devices': [1], 'strategy': 'auto', 'num_nodes': 1}
2024-04-21 00:38:08,455 - INFO - Running update.py
2024-04-21 00:38:08,455 - WARNING - Skipping parameter update this step.
2024-04-21 00:38:10,881 - INFO - Running gridsearch.py
2024-04-21 00:38:10,881 - INFO - args = {'default_params': False}
2024-04-21 00:38:14,375 - INFO - Running trainer.py (version_43).
2024-04-21 00:38:14,375 - INFO - args = {'epochs': 4500, 'monitor': 'loss/train', 'mode': 'min', 'train_size': 1.0, 'progress_bar': False, 'accelerator': 'auto', 'devices': [1], 'strategy': 'auto', 'num_nodes': 1}
2024-04-21 01:03:42,631 - INFO - Running update.py
2024-04-21 01:03:42,631 - INFO - args = {'max_good_loss': 0.0001, 'min_good_samples': 4, 'check_every_n_steps': 3, 'current_step': 12}
2024-04-21 01:03:51,677 - WARNING - Found 2 (< 4) good samples. Parameters will not be updated.
2024-04-21 01:03:54,132 - INFO - Running gridsearch.py
2024-04-21 01:03:54,132 - INFO - args = {'default_params': False}
2024-04-21 01:03:57,688 - INFO - Running trainer.py (version_44).
2024-04-21 01:03:57,689 - INFO - args = {'epochs': 4500, 'monitor': 'loss/train', 'mode': 'min', 'train_size': 1.0, 'progress_bar': False, 'accelerator': 'auto', 'devices': [1], 'strategy': 'auto', 'num_nodes': 1}
2024-04-21 05:05:30,750 - INFO - Running update.py
2024-04-21 05:05:30,750 - WARNING - Skipping parameter update this step.
2024-04-21 05:05:33,212 - INFO - Running gridsearch.py
2024-04-21 05:05:33,212 - INFO - args = {'default_params': False}
2024-04-21 05:05:36,729 - INFO - Running trainer.py (version_45).
2024-04-21 05:05:36,729 - INFO - args = {'epochs': 4500, 'monitor': 'loss/train', 'mode': 'min', 'train_size': 1.0, 'progress_bar': False, 'accelerator': 'auto', 'devices': [1], 'strategy': 'auto', 'num_nodes': 1}
2024-04-21 08:51:35,276 - INFO - Running update.py
2024-04-21 08:51:35,276 - WARNING - Skipping parameter update this step.
2024-04-21 08:51:37,675 - INFO - Running gridsearch.py
2024-04-21 08:51:37,676 - INFO - args = {'default_params': False}
2024-04-21 08:51:41,434 - INFO - Running trainer.py (version_46).
2024-04-21 08:51:41,434 - INFO - args = {'epochs': 4500, 'monitor': 'loss/train', 'mode': 'min', 'train_size': 1.0, 'progress_bar': False, 'accelerator': 'auto', 'devices': [1], 'strategy': 'auto', 'num_nodes': 1}
2024-04-21 09:04:04,642 - INFO - Running update.py
2024-04-21 09:04:04,642 - INFO - args = {'max_good_loss': 0.0001, 'min_good_samples': 4, 'check_every_n_steps': 3, 'current_step': 15}
2024-04-21 09:04:14,913 - WARNING - Found 2 (< 4) good samples. Parameters will not be updated.
2024-04-21 09:04:17,404 - INFO - Running gridsearch.py
2024-04-21 09:04:17,404 - INFO - args = {'default_params': False}
2024-04-21 09:04:21,071 - INFO - Running trainer.py (version_47).
2024-04-21 09:04:21,071 - INFO - args = {'epochs': 4500, 'monitor': 'loss/train', 'mode': 'min', 'train_size': 1.0, 'progress_bar': False, 'accelerator': 'auto', 'devices': [1], 'strategy': 'auto', 'num_nodes': 1}
2024-04-21 09:25:56,959 - INFO - Running update.py
2024-04-21 09:25:56,959 - WARNING - Skipping parameter update this step.
2024-04-21 09:25:59,449 - INFO - Running gridsearch.py
2024-04-21 09:25:59,449 - INFO - args = {'default_params': False}
2024-04-21 09:26:02,951 - INFO - Running trainer.py (version_48).
2024-04-21 09:26:02,951 - INFO - args = {'epochs': 4500, 'monitor': 'loss/train', 'mode': 'min', 'train_size': 1.0, 'progress_bar': False, 'accelerator': 'auto', 'devices': [1], 'strategy': 'auto', 'num_nodes': 1}
2024-04-21 09:49:12,531 - INFO - Running update.py
2024-04-21 09:49:12,531 - WARNING - Skipping parameter update this step.
2024-04-21 09:49:14,969 - INFO - Running gridsearch.py
2024-04-21 09:49:14,969 - INFO - args = {'default_params': False}
2024-04-21 09:49:18,468 - INFO - Running trainer.py (version_49).
2024-04-21 09:49:18,468 - INFO - args = {'epochs': 4500, 'monitor': 'loss/train', 'mode': 'min', 'train_size': 1.0, 'progress_bar': False, 'accelerator': 'auto', 'devices': [1], 'strategy': 'auto', 'num_nodes': 1}
2024-04-21 11:46:58,770 - INFO - Running update.py
2024-04-21 11:46:58,770 - INFO - args = {'max_good_loss': 0.0001, 'min_good_samples': 4, 'check_every_n_steps': 3, 'current_step': 18}
2024-04-21 11:47:09,422 - WARNING - Found 3 (< 4) good samples. Parameters will not be updated.
2024-04-21 11:47:11,934 - INFO - Running gridsearch.py
2024-04-21 11:47:11,934 - INFO - args = {'default_params': False}
2024-04-21 11:47:15,445 - INFO - Running trainer.py (version_50).
2024-04-21 11:47:15,445 - INFO - args = {'epochs': 4500, 'monitor': 'loss/train', 'mode': 'min', 'train_size': 1.0, 'progress_bar': False, 'accelerator': 'auto', 'devices': [1], 'strategy': 'auto', 'num_nodes': 1}
2024-04-21 14:18:38,809 - INFO - Running update.py
2024-04-21 14:18:38,809 - WARNING - Skipping parameter update this step.
2024-04-21 14:18:41,304 - INFO - Running gridsearch.py
2024-04-21 14:18:41,304 - INFO - args = {'default_params': False}
2024-04-21 14:18:44,849 - INFO - Running trainer.py (version_51).
2024-04-21 14:18:44,849 - INFO - args = {'epochs': 4500, 'monitor': 'loss/train', 'mode': 'min', 'train_size': 1.0, 'progress_bar': False, 'accelerator': 'auto', 'devices': [1], 'strategy': 'auto', 'num_nodes': 1}
2024-04-21 17:07:12,927 - INFO - Running update.py
2024-04-21 17:07:12,927 - WARNING - Skipping parameter update this step.
2024-04-21 17:07:15,394 - INFO - Running gridsearch.py
2024-04-21 17:07:15,394 - INFO - args = {'default_params': False}
2024-04-21 17:07:18,904 - INFO - Running trainer.py (version_52).
2024-04-21 17:07:18,904 - INFO - args = {'epochs': 4500, 'monitor': 'loss/train', 'mode': 'min', 'train_size': 1.0, 'progress_bar': False, 'accelerator': 'auto', 'devices': [1], 'strategy': 'auto', 'num_nodes': 1}
2024-04-21 17:15:10,069 - INFO - Running update.py
2024-04-21 17:15:10,070 - INFO - args = {'max_good_loss': 0.0001, 'min_good_samples': 4, 'check_every_n_steps': 3, 'current_step': 21}
2024-04-21 17:15:22,014 - WARNING - Found 3 (< 4) good samples. Parameters will not be updated.
2024-04-21 17:15:24,454 - INFO - Running gridsearch.py
2024-04-21 17:15:24,454 - INFO - args = {'default_params': False}
2024-04-21 17:15:27,887 - INFO - Running trainer.py (version_53).
2024-04-21 17:15:27,887 - INFO - args = {'epochs': 4500, 'monitor': 'loss/train', 'mode': 'min', 'train_size': 1.0, 'progress_bar': False, 'accelerator': 'auto', 'devices': [1], 'strategy': 'auto', 'num_nodes': 1}
2024-04-21 17:31:56,410 - INFO - Running update.py
2024-04-21 17:31:56,410 - WARNING - Skipping parameter update this step.
2024-04-21 17:31:58,904 - INFO - Running gridsearch.py
2024-04-21 17:31:58,904 - INFO - args = {'default_params': False}
2024-04-21 17:32:02,445 - INFO - Running trainer.py (version_54).
2024-04-21 17:32:02,445 - INFO - args = {'epochs': 4500, 'monitor': 'loss/train', 'mode': 'min', 'train_size': 1.0, 'progress_bar': False, 'accelerator': 'auto', 'devices': [1], 'strategy': 'auto', 'num_nodes': 1}
